<?xml version="1.0" encoding="UTF-8" ?>
<testsuite tests="7" failures="3" name="TestSuite" time="90.187" errors="0" skipped="1">
  <properties>
    <property name="java.runtime.name" value="OpenJDK Runtime Environment"/>
    <property name="java.vm.version" value="13.0.2+8"/>
    <property name="sun.boot.library.path" value="/usr/local/Cellar/openjdk/13.0.2+8_2/libexec/openjdk.jdk/Contents/Home/lib"/>
    <property name="maven.multiModuleProjectDirectory" value="/Users/faizalprakoso/IdeaProjects/switch-mobile-automation"/>
    <property name="java.vm.vendor" value="Oracle Corporation"/>
    <property name="java.vendor.url" value="https://openjdk.java.net/"/>
    <property name="path.separator" value=":"/>
    <property name="guice.disable.misplaced.annotation.check" value="true"/>
    <property name="java.vm.name" value="OpenJDK 64-Bit Server VM"/>
    <property name="user.country" value="ID"/>
    <property name="sun.java.launcher" value="SUN_STANDARD"/>
    <property name="java.vm.specification.name" value="Java Virtual Machine Specification"/>
    <property name="user.dir" value="/Users/faizalprakoso/IdeaProjects/switch-mobile-automation"/>
    <property name="java.vm.compressedOopsMode" value="Zero based"/>
    <property name="java.runtime.version" value="13.0.2+8"/>
    <property name="os.arch" value="x86_64"/>
    <property name="java.io.tmpdir" value="/var/folders/yt/44w9fmg17vl147x5dg_nsqgc0000gn/T/"/>
    <property name="line.separator" value="
"/>
    <property name="java.vm.specification.vendor" value="Oracle Corporation"/>
    <property name="os.name" value="Mac OS X"/>
    <property name="classworlds.conf" value="/usr/local/Cellar/maven/3.6.3_1/libexec/bin/m2.conf"/>
    <property name="sun.jnu.encoding" value="UTF-8"/>
    <property name="java.library.path" value="/Users/faizalprakoso/Library/Java/Extensions:/Library/Java/Extensions:/Network/Library/Java/Extensions:/System/Library/Java/Extensions:/usr/lib/java:."/>
    <property name="maven.conf" value="/usr/local/Cellar/maven/3.6.3_1/libexec/conf"/>
    <property name="jdk.debug" value="release"/>
    <property name="java.class.version" value="57.0"/>
    <property name="java.specification.name" value="Java Platform API Specification"/>
    <property name="sun.management.compiler" value="HotSpot 64-Bit Tiered Compilers"/>
    <property name="os.version" value="10.15.5"/>
    <property name="library.jansi.path" value="/usr/local/Cellar/maven/3.6.3_1/libexec/lib/jansi-native"/>
    <property name="user.home" value="/Users/faizalprakoso"/>
    <property name="user.timezone" value="Asia/Jakarta"/>
    <property name="file.encoding" value="UTF-8"/>
    <property name="java.specification.version" value="13"/>
    <property name="user.name" value="faizalprakoso"/>
    <property name="java.class.path" value="/usr/local/Cellar/maven/3.6.3_1/libexec/boot/plexus-classworlds-2.6.0.jar"/>
    <property name="java.vm.specification.version" value="13"/>
    <property name="sun.arch.data.model" value="64"/>
    <property name="sun.java.command" value="org.codehaus.plexus.classworlds.launcher.Launcher clean test"/>
    <property name="java.home" value="/usr/local/Cellar/openjdk/13.0.2+8_2/libexec/openjdk.jdk/Contents/Home"/>
    <property name="user.language" value="en"/>
    <property name="java.specification.vendor" value="Oracle Corporation"/>
    <property name="java.vm.info" value="mixed mode, sharing"/>
    <property name="java.version" value="13.0.2"/>
    <property name="java.vendor" value="N/A"/>
    <property name="maven.home" value="/usr/local/Cellar/maven/3.6.3_1/libexec"/>
    <property name="file.separator" value="/"/>
    <property name="java.version.date" value="2020-01-14"/>
    <property name="java.vendor.url.bug" value="https://bugreport.java.com/bugreport/"/>
    <property name="sun.io.unicode.encoding" value="UnicodeBig"/>
    <property name="sun.cpu.endian" value="little"/>
  </properties>
  <testcase classname="Runner.LandingITest" name="checkGoToLoginPage" time="11.848"/>
  <testcase classname="Runner.LoginITest" name="checkValidLogin" time="20.379"/>
  <testcase classname="Runner.LandingITest" name="checkLoginAsGuest" time="12.676"/>
  <testcase classname="Runner.LoginITest" name="checkInvalidEmail" time="5.06">
    <failure message="An unknown server-side error occurred while processing the command. Original error: Could not proxy command to remote server. Original error: Error: socket hang up
Build info: version: &apos;3.141.59&apos;, revision: &apos;e82be7d358&apos;, time: &apos;2018-11-14T08:17:03&apos;
System info: host: &apos;Faizals-MacBook-Pro.local&apos;, ip: &apos;fe80:0:0:0:48f:4676:4a4:6f5a%en0&apos;, os.name: &apos;Mac OS X&apos;, os.arch: &apos;x86_64&apos;, os.version: &apos;10.15.5&apos;, java.version: &apos;13.0.2&apos;
Driver info: io.appium.java_client.android.AndroidDriver
Capabilities {appActivity: com.smartfren.switchmobile...., appPackage: com.smartfren.switchmobile, autoGrantPermissions: true, databaseEnabled: false, desired: {appActivity: com.smartfren.switchmobile...., appPackage: com.smartfren.switchmobile, autoGrantPermissions: true, noReset: true, platformName: android, platformVersion: 8.1.0, udid: emulator-5554}, deviceApiLevel: 27, deviceManufacturer: Google, deviceModel: Android SDK built for x86, deviceName: emulator-5554, deviceScreenDensity: 420, deviceScreenSize: 1080x1920, deviceUDID: emulator-5554, javascriptEnabled: true, locationContextEnabled: false, networkConnectionEnabled: true, noReset: true, pixelRatio: 2.625, platform: LINUX, platformName: ANDROID, platformVersion: 8.1.0, statBarHeight: 63, takesScreenshot: true, udid: emulator-5554, viewportRect: {height: 1731, left: 0, top: 63, width: 1080}, warnings: {}, webStorageEnabled: false}
Session ID: 387f5aed-f0b0-424d-a67f-bf00dba27145
*** Element info: {Using=id, value=com.smartfren.switchmobile:id/skip}" type="org.openqa.selenium.WebDriverException">org.openqa.selenium.WebDriverException: An unknown server-side error occurred while processing the command. Original error: Could not proxy command to remote server. Original error: Error: socket hang up
Build info: version: &apos;3.141.59&apos;, revision: &apos;e82be7d358&apos;, time: &apos;2018-11-14T08:17:03&apos;
System info: host: &apos;Faizals-MacBook-Pro.local&apos;, ip: &apos;fe80:0:0:0:48f:4676:4a4:6f5a%en0&apos;, os.name: &apos;Mac OS X&apos;, os.arch: &apos;x86_64&apos;, os.version: &apos;10.15.5&apos;, java.version: &apos;13.0.2&apos;
Driver info: io.appium.java_client.android.AndroidDriver
Capabilities {appActivity: com.smartfren.switchmobile...., appPackage: com.smartfren.switchmobile, autoGrantPermissions: true, databaseEnabled: false, desired: {appActivity: com.smartfren.switchmobile...., appPackage: com.smartfren.switchmobile, autoGrantPermissions: true, noReset: true, platformName: android, platformVersion: 8.1.0, udid: emulator-5554}, deviceApiLevel: 27, deviceManufacturer: Google, deviceModel: Android SDK built for x86, deviceName: emulator-5554, deviceScreenDensity: 420, deviceScreenSize: 1080x1920, deviceUDID: emulator-5554, javascriptEnabled: true, locationContextEnabled: false, networkConnectionEnabled: true, noReset: true, pixelRatio: 2.625, platform: LINUX, platformName: ANDROID, platformVersion: 8.1.0, statBarHeight: 63, takesScreenshot: true, udid: emulator-5554, viewportRect: {height: 1731, left: 0, top: 63, width: 1080}, warnings: {}, webStorageEnabled: false}
Session ID: 387f5aed-f0b0-424d-a67f-bf00dba27145
*** Element info: {Using=id, value=com.smartfren.switchmobile:id/skip}
	at java.base/jdk.internal.reflect.NativeConstructorAccessorImpl.newInstance0(Native Method)
	at java.base/jdk.internal.reflect.NativeConstructorAccessorImpl.newInstance(NativeConstructorAccessorImpl.java:62)
	at java.base/jdk.internal.reflect.DelegatingConstructorAccessorImpl.newInstance(DelegatingConstructorAccessorImpl.java:45)
	at java.base/java.lang.reflect.Constructor.newInstanceWithCaller(Constructor.java:500)
	at java.base/java.lang.reflect.Constructor.newInstance(Constructor.java:481)
	at org.openqa.selenium.remote.http.W3CHttpResponseCodec.createException(W3CHttpResponseCodec.java:187)
	at org.openqa.selenium.remote.http.W3CHttpResponseCodec.decode(W3CHttpResponseCodec.java:122)
	at org.openqa.selenium.remote.http.W3CHttpResponseCodec.decode(W3CHttpResponseCodec.java:49)
	at org.openqa.selenium.remote.HttpCommandExecutor.execute(HttpCommandExecutor.java:158)
	at io.appium.java_client.remote.AppiumCommandExecutor.execute(AppiumCommandExecutor.java:239)
	at org.openqa.selenium.remote.RemoteWebDriver.execute(RemoteWebDriver.java:552)
	at io.appium.java_client.DefaultGenericMobileDriver.execute(DefaultGenericMobileDriver.java:41)
	at io.appium.java_client.AppiumDriver.execute(AppiumDriver.java:1)
	at io.appium.java_client.android.AndroidDriver.execute(AndroidDriver.java:1)
	at org.openqa.selenium.remote.RemoteWebDriver.findElement(RemoteWebDriver.java:323)
	at io.appium.java_client.DefaultGenericMobileDriver.findElement(DefaultGenericMobileDriver.java:61)
	at io.appium.java_client.AppiumDriver.findElement(AppiumDriver.java:1)
	at io.appium.java_client.android.AndroidDriver.findElement(AndroidDriver.java:1)
	at org.openqa.selenium.remote.RemoteWebDriver.findElementById(RemoteWebDriver.java:372)
	at io.appium.java_client.DefaultGenericMobileDriver.findElementById(DefaultGenericMobileDriver.java:69)
	at io.appium.java_client.AppiumDriver.findElementById(AppiumDriver.java:1)
	at io.appium.java_client.android.AndroidDriver.findElementById(AndroidDriver.java:1)
	at org.openqa.selenium.By$ById.findElement(By.java:188)
	at org.openqa.selenium.remote.RemoteWebDriver.findElement(RemoteWebDriver.java:315)
	at io.appium.java_client.DefaultGenericMobileDriver.findElement(DefaultGenericMobileDriver.java:57)
	at io.appium.java_client.AppiumDriver.findElement(AppiumDriver.java:1)
	at io.appium.java_client.android.AndroidDriver.findElement(AndroidDriver.java:1)
	at Operation.BaseLogin.clickButtonLogin(BaseLogin.java:19)
	at Operation.BaseLogin.testInvalidEmailLogin(BaseLogin.java:43)
	at Runner.LoginITest.checkInvalidEmail(LoginITest.java:33)
</failure>
  </testcase>
  <testcase classname="Runner.LandingITest" name="checkGoToSignUpPage" time="10.023">
    <failure message="An unknown server-side error occurred while processing the command. Original error: Could not proxy command to remote server. Original error: Error: socket hang up
Build info: version: &apos;3.141.59&apos;, revision: &apos;e82be7d358&apos;, time: &apos;2018-11-14T08:17:03&apos;
System info: host: &apos;Faizals-MacBook-Pro.local&apos;, ip: &apos;fe80:0:0:0:48f:4676:4a4:6f5a%en0&apos;, os.name: &apos;Mac OS X&apos;, os.arch: &apos;x86_64&apos;, os.version: &apos;10.15.5&apos;, java.version: &apos;13.0.2&apos;
Driver info: io.appium.java_client.android.AndroidDriver
Capabilities {appActivity: com.smartfren.switchmobile...., appPackage: com.smartfren.switchmobile, autoGrantPermissions: true, databaseEnabled: false, desired: {appActivity: com.smartfren.switchmobile...., appPackage: com.smartfren.switchmobile, autoGrantPermissions: true, noReset: true, platformName: android, platformVersion: 8.1.0, udid: emulator-5554}, deviceApiLevel: 27, deviceManufacturer: Google, deviceModel: Android SDK built for x86, deviceName: emulator-5554, deviceScreenDensity: 420, deviceScreenSize: 1080x1920, deviceUDID: emulator-5554, javascriptEnabled: true, locationContextEnabled: false, networkConnectionEnabled: true, noReset: true, pixelRatio: 2.625, platform: LINUX, platformName: ANDROID, platformVersion: 8.1.0, statBarHeight: 63, takesScreenshot: true, udid: emulator-5554, viewportRect: {height: 1731, left: 0, top: 63, width: 1080}, warnings: {}, webStorageEnabled: false}
Session ID: 387f5aed-f0b0-424d-a67f-bf00dba27145
*** Element info: {Using=id, value=com.smartfren.switchmobile:id/Next}" type="org.openqa.selenium.WebDriverException">org.openqa.selenium.WebDriverException: An unknown server-side error occurred while processing the command. Original error: Could not proxy command to remote server. Original error: Error: socket hang up
Build info: version: &apos;3.141.59&apos;, revision: &apos;e82be7d358&apos;, time: &apos;2018-11-14T08:17:03&apos;
System info: host: &apos;Faizals-MacBook-Pro.local&apos;, ip: &apos;fe80:0:0:0:48f:4676:4a4:6f5a%en0&apos;, os.name: &apos;Mac OS X&apos;, os.arch: &apos;x86_64&apos;, os.version: &apos;10.15.5&apos;, java.version: &apos;13.0.2&apos;
Driver info: io.appium.java_client.android.AndroidDriver
Capabilities {appActivity: com.smartfren.switchmobile...., appPackage: com.smartfren.switchmobile, autoGrantPermissions: true, databaseEnabled: false, desired: {appActivity: com.smartfren.switchmobile...., appPackage: com.smartfren.switchmobile, autoGrantPermissions: true, noReset: true, platformName: android, platformVersion: 8.1.0, udid: emulator-5554}, deviceApiLevel: 27, deviceManufacturer: Google, deviceModel: Android SDK built for x86, deviceName: emulator-5554, deviceScreenDensity: 420, deviceScreenSize: 1080x1920, deviceUDID: emulator-5554, javascriptEnabled: true, locationContextEnabled: false, networkConnectionEnabled: true, noReset: true, pixelRatio: 2.625, platform: LINUX, platformName: ANDROID, platformVersion: 8.1.0, statBarHeight: 63, takesScreenshot: true, udid: emulator-5554, viewportRect: {height: 1731, left: 0, top: 63, width: 1080}, warnings: {}, webStorageEnabled: false}
Session ID: 387f5aed-f0b0-424d-a67f-bf00dba27145
*** Element info: {Using=id, value=com.smartfren.switchmobile:id/Next}
	at java.base/jdk.internal.reflect.NativeConstructorAccessorImpl.newInstance0(Native Method)
	at java.base/jdk.internal.reflect.NativeConstructorAccessorImpl.newInstance(NativeConstructorAccessorImpl.java:62)
	at java.base/jdk.internal.reflect.DelegatingConstructorAccessorImpl.newInstance(DelegatingConstructorAccessorImpl.java:45)
	at java.base/java.lang.reflect.Constructor.newInstanceWithCaller(Constructor.java:500)
	at java.base/java.lang.reflect.Constructor.newInstance(Constructor.java:481)
	at org.openqa.selenium.remote.http.W3CHttpResponseCodec.createException(W3CHttpResponseCodec.java:187)
	at org.openqa.selenium.remote.http.W3CHttpResponseCodec.decode(W3CHttpResponseCodec.java:122)
	at org.openqa.selenium.remote.http.W3CHttpResponseCodec.decode(W3CHttpResponseCodec.java:49)
	at org.openqa.selenium.remote.HttpCommandExecutor.execute(HttpCommandExecutor.java:158)
	at io.appium.java_client.remote.AppiumCommandExecutor.execute(AppiumCommandExecutor.java:239)
	at org.openqa.selenium.remote.RemoteWebDriver.execute(RemoteWebDriver.java:552)
	at io.appium.java_client.DefaultGenericMobileDriver.execute(DefaultGenericMobileDriver.java:41)
	at io.appium.java_client.AppiumDriver.execute(AppiumDriver.java:1)
	at io.appium.java_client.android.AndroidDriver.execute(AndroidDriver.java:1)
	at org.openqa.selenium.remote.RemoteWebDriver.findElement(RemoteWebDriver.java:323)
	at io.appium.java_client.DefaultGenericMobileDriver.findElement(DefaultGenericMobileDriver.java:61)
	at io.appium.java_client.AppiumDriver.findElement(AppiumDriver.java:1)
	at io.appium.java_client.android.AndroidDriver.findElement(AndroidDriver.java:1)
	at org.openqa.selenium.remote.RemoteWebDriver.findElementById(RemoteWebDriver.java:372)
	at io.appium.java_client.DefaultGenericMobileDriver.findElementById(DefaultGenericMobileDriver.java:69)
	at io.appium.java_client.AppiumDriver.findElementById(AppiumDriver.java:1)
	at io.appium.java_client.android.AndroidDriver.findElementById(AndroidDriver.java:1)
	at org.openqa.selenium.By$ById.findElement(By.java:188)
	at org.openqa.selenium.remote.RemoteWebDriver.findElement(RemoteWebDriver.java:315)
	at io.appium.java_client.DefaultGenericMobileDriver.findElement(DefaultGenericMobileDriver.java:57)
	at io.appium.java_client.AppiumDriver.findElement(AppiumDriver.java:1)
	at io.appium.java_client.android.AndroidDriver.findElement(AndroidDriver.java:1)
	at Operation.BaseLanding.testGoToSignUpPage(BaseLanding.java:43)
	at Runner.LandingITest.checkGoToSignUpPage(LandingITest.java:41)
</failure>
  </testcase>
  <testcase classname="Runner.LandingITest" name="closeApp" time="15.1">
    <failure type="java.lang.StackOverflowError">java.lang.StackOverflowError
	at Operation.BaseLanding.testCloseAppSwitch(BaseLanding.java:59)
	at Runner.LandingITest.closeApp(LandingITest.java:46)
	at Operation.BaseLanding.testCloseAppSwitch(BaseLanding.java:59)
	at Runner.LandingITest.closeApp(LandingITest.java:46)
	at Operation.BaseLanding.testCloseAppSwitch(BaseLanding.java:59)
	at Runner.LandingITest.closeApp(LandingITest.java:46)
	at Operation.BaseLanding.testCloseAppSwitch(BaseLanding.java:59)
	at Runner.LandingITest.closeApp(LandingITest.java:46)
	at Operation.BaseLanding.testCloseAppSwitch(BaseLanding.java:59)
	at Runner.LandingITest.closeApp(LandingITest.java:46)
	at Operation.BaseLanding.testCloseAppSwitch(BaseLanding.java:59)
	at Runner.LandingITest.closeApp(LandingITest.java:46)
	at Operation.BaseLanding.testCloseAppSwitch(BaseLanding.java:59)
	at Runner.LandingITest.closeApp(LandingITest.java:46)
	at Operation.BaseLanding.testCloseAppSwitch(BaseLanding.java:59)
	at Runner.LandingITest.closeApp(LandingITest.java:46)
	at Operation.BaseLanding.testCloseAppSwitch(BaseLanding.java:59)
	at Runner.LandingITest.closeApp(LandingITest.java:46)
	at Operation.BaseLanding.testCloseAppSwitch(BaseLanding.java:59)
	at Runner.LandingITest.closeApp(LandingITest.java:46)
	at Operation.BaseLanding.testCloseAppSwitch(BaseLanding.java:59)
	at Runner.LandingITest.closeApp(LandingITest.java:46)
	at Operation.BaseLanding.testCloseAppSwitch(BaseLanding.java:59)
	at Runner.LandingITest.closeApp(LandingITest.java:46)
	at Operation.BaseLanding.testCloseAppSwitch(BaseLanding.java:59)
	at Runner.LandingITest.closeApp(LandingITest.java:46)
	at Operation.BaseLanding.testCloseAppSwitch(BaseLanding.java:59)
	at Runner.LandingITest.closeApp(LandingITest.java:46)
	at Operation.BaseLanding.testCloseAppSwitch(BaseLanding.java:59)
	at Runner.LandingITest.closeApp(LandingITest.java:46)
	at Operation.BaseLanding.testCloseAppSwitch(BaseLanding.java:59)
	at Runner.LandingITest.closeApp(LandingITest.java:46)
	at Operation.BaseLanding.testCloseAppSwitch(BaseLanding.java:59)
	at Runner.LandingITest.closeApp(LandingITest.java:46)
	at Operation.BaseLanding.testCloseAppSwitch(BaseLanding.java:59)
	at Runner.LandingITest.closeApp(LandingITest.java:46)
	at Operation.BaseLanding.testCloseAppSwitch(BaseLanding.java:59)
	at Runner.LandingITest.closeApp(LandingITest.java:46)
	at Operation.BaseLanding.testCloseAppSwitch(BaseLanding.java:59)
	at Runner.LandingITest.closeApp(LandingITest.java:46)
	at Operation.BaseLanding.testCloseAppSwitch(BaseLanding.java:59)
	at Runner.LandingITest.closeApp(LandingITest.java:46)
	at Operation.BaseLanding.testCloseAppSwitch(BaseLanding.java:59)
	at Runner.LandingITest.closeApp(LandingITest.java:46)
	at Operation.BaseLanding.testCloseAppSwitch(BaseLanding.java:59)
	at Runner.LandingITest.closeApp(LandingITest.java:46)
	at Operation.BaseLanding.testCloseAppSwitch(BaseLanding.java:59)
	at Runner.LandingITest.closeApp(LandingITest.java:46)
	at Operation.BaseLanding.testCloseAppSwitch(BaseLanding.java:59)
	at Runner.LandingITest.closeApp(LandingITest.java:46)
	at Operation.BaseLanding.testCloseAppSwitch(BaseLanding.java:59)
	at Runner.LandingITest.closeApp(LandingITest.java:46)
	at Operation.BaseLanding.testCloseAppSwitch(BaseLanding.java:59)
	at Runner.LandingITest.closeApp(LandingITest.java:46)
	at Operation.BaseLanding.testCloseAppSwitch(BaseLanding.java:59)
	at Runner.LandingITest.closeApp(LandingITest.java:46)
	at Operation.BaseLanding.testCloseAppSwitch(BaseLanding.java:59)
	at Runner.LandingITest.closeApp(LandingITest.java:46)
	at Operation.BaseLanding.testCloseAppSwitch(BaseLanding.java:59)
	at Runner.LandingITest.closeApp(LandingITest.java:46)
	at Operation.BaseLanding.testCloseAppSwitch(BaseLanding.java:59)
	at Runner.LandingITest.closeApp(LandingITest.java:46)
	at Operation.BaseLanding.testCloseAppSwitch(BaseLanding.java:59)
	at Runner.LandingITest.closeApp(LandingITest.java:46)
	at Operation.BaseLanding.testCloseAppSwitch(BaseLanding.java:59)
	at Runner.LandingITest.closeApp(LandingITest.java:46)
	at Operation.BaseLanding.testCloseAppSwitch(BaseLanding.java:59)
	at Runner.LandingITest.closeApp(LandingITest.java:46)
	at Operation.BaseLanding.testCloseAppSwitch(BaseLanding.java:59)
	at Runner.LandingITest.closeApp(LandingITest.java:46)
	at Operation.BaseLanding.testCloseAppSwitch(BaseLanding.java:59)
	at Runner.LandingITest.closeApp(LandingITest.java:46)
	at Operation.BaseLanding.testCloseAppSwitch(BaseLanding.java:59)
	at Runner.LandingITest.closeApp(LandingITest.java:46)
	at Operation.BaseLanding.testCloseAppSwitch(BaseLanding.java:59)
	at Runner.LandingITest.closeApp(LandingITest.java:46)
	at Operation.BaseLanding.testCloseAppSwitch(BaseLanding.java:59)
	at Runner.LandingITest.closeApp(LandingITest.java:46)
	at Operation.BaseLanding.testCloseAppSwitch(BaseLanding.java:59)
	at Runner.LandingITest.closeApp(LandingITest.java:46)
	at Operation.BaseLanding.testCloseAppSwitch(BaseLanding.java:59)
	at Runner.LandingITest.closeApp(LandingITest.java:46)
	at Operation.BaseLanding.testCloseAppSwitch(BaseLanding.java:59)
	at Runner.LandingITest.closeApp(LandingITest.java:46)
	at Operation.BaseLanding.testCloseAppSwitch(BaseLanding.java:59)
	at Runner.LandingITest.closeApp(LandingITest.java:46)
	at Operation.BaseLanding.testCloseAppSwitch(BaseLanding.java:59)
	at Runner.LandingITest.closeApp(LandingITest.java:46)
	at Operation.BaseLanding.testCloseAppSwitch(BaseLanding.java:59)
	at Runner.LandingITest.closeApp(LandingITest.java:46)
	at Operation.BaseLanding.testCloseAppSwitch(BaseLanding.java:59)
	at Runner.LandingITest.closeApp(LandingITest.java:46)
	at Operation.BaseLanding.testCloseAppSwitch(BaseLanding.java:59)
	at Runner.LandingITest.closeApp(LandingITest.java:46)
	at Operation.BaseLanding.testCloseAppSwitch(BaseLanding.java:59)
	at Runner.LandingITest.closeApp(LandingITest.java:46)
	at Operation.BaseLanding.testCloseAppSwitch(BaseLanding.java:59)
	at Runner.LandingITest.closeApp(LandingITest.java:46)
	at Operation.BaseLanding.testCloseAppSwitch(BaseLanding.java:59)
	at Runner.LandingITest.closeApp(LandingITest.java:46)
	at Operation.BaseLanding.testCloseAppSwitch(BaseLanding.java:59)
	at Runner.LandingITest.closeApp(LandingITest.java:46)
	at Operation.BaseLanding.testCloseAppSwitch(BaseLanding.java:59)
	at Runner.LandingITest.closeApp(LandingITest.java:46)
	at Operation.BaseLanding.testCloseAppSwitch(BaseLanding.java:59)
	at Runner.LandingITest.closeApp(LandingITest.java:46)
	at Operation.BaseLanding.testCloseAppSwitch(BaseLanding.java:59)
	at Runner.LandingITest.closeApp(LandingITest.java:46)
	at Operation.BaseLanding.testCloseAppSwitch(BaseLanding.java:59)
	at Runner.LandingITest.closeApp(LandingITest.java:46)
	at Operation.BaseLanding.testCloseAppSwitch(BaseLanding.java:59)
	at Runner.LandingITest.closeApp(LandingITest.java:46)
	at Operation.BaseLanding.testCloseAppSwitch(BaseLanding.java:59)
	at Runner.LandingITest.closeApp(LandingITest.java:46)
	at Operation.BaseLanding.testCloseAppSwitch(BaseLanding.java:59)
	at Runner.LandingITest.closeApp(LandingITest.java:46)
	at Operation.BaseLanding.testCloseAppSwitch(BaseLanding.java:59)
	at Runner.LandingITest.closeApp(LandingITest.java:46)
	at Operation.BaseLanding.testCloseAppSwitch(BaseLanding.java:59)
	at Runner.LandingITest.closeApp(LandingITest.java:46)
	at Operation.BaseLanding.testCloseAppSwitch(BaseLanding.java:59)
	at Runner.LandingITest.closeApp(LandingITest.java:46)
	at Operation.BaseLanding.testCloseAppSwitch(BaseLanding.java:59)
	at Runner.LandingITest.closeApp(LandingITest.java:46)
	at Operation.BaseLanding.testCloseAppSwitch(BaseLanding.java:59)
	at Runner.LandingITest.closeApp(LandingITest.java:46)
	at Operation.BaseLanding.testCloseAppSwitch(BaseLanding.java:59)
	at Runner.LandingITest.closeApp(LandingITest.java:46)
	at Operation.BaseLanding.testCloseAppSwitch(BaseLanding.java:59)
	at Runner.LandingITest.closeApp(LandingITest.java:46)
	at Operation.BaseLanding.testCloseAppSwitch(BaseLanding.java:59)
	at Runner.LandingITest.closeApp(LandingITest.java:46)
	at Operation.BaseLanding.testCloseAppSwitch(BaseLanding.java:59)
	at Runner.LandingITest.closeApp(LandingITest.java:46)
	at Operation.BaseLanding.testCloseAppSwitch(BaseLanding.java:59)
	at Runner.LandingITest.closeApp(LandingITest.java:46)
	at Operation.BaseLanding.testCloseAppSwitch(BaseLanding.java:59)
	at Runner.LandingITest.closeApp(LandingITest.java:46)
	at Operation.BaseLanding.testCloseAppSwitch(BaseLanding.java:59)
	at Runner.LandingITest.closeApp(LandingITest.java:46)
	at Operation.BaseLanding.testCloseAppSwitch(BaseLanding.java:59)
	at Runner.LandingITest.closeApp(LandingITest.java:46)
	at Operation.BaseLanding.testCloseAppSwitch(BaseLanding.java:59)
	at Runner.LandingITest.closeApp(LandingITest.java:46)
	at Operation.BaseLanding.testCloseAppSwitch(BaseLanding.java:59)
	at Runner.LandingITest.closeApp(LandingITest.java:46)
	at Operation.BaseLanding.testCloseAppSwitch(BaseLanding.java:59)
	at Runner.LandingITest.closeApp(LandingITest.java:46)
	at Operation.BaseLanding.testCloseAppSwitch(BaseLanding.java:59)
	at Runner.LandingITest.closeApp(LandingITest.java:46)
	at Operation.BaseLanding.testCloseAppSwitch(BaseLanding.java:59)
	at Runner.LandingITest.closeApp(LandingITest.java:46)
	at Operation.BaseLanding.testCloseAppSwitch(BaseLanding.java:59)
	at Runner.LandingITest.closeApp(LandingITest.java:46)
	at Operation.BaseLanding.testCloseAppSwitch(BaseLanding.java:59)
	at Runner.LandingITest.closeApp(LandingITest.java:46)
	at Operation.BaseLanding.testCloseAppSwitch(BaseLanding.java:59)
	at Runner.LandingITest.closeApp(LandingITest.java:46)
	at Operation.BaseLanding.testCloseAppSwitch(BaseLanding.java:59)
	at Runner.LandingITest.closeApp(LandingITest.java:46)
	at Operation.BaseLanding.testCloseAppSwitch(BaseLanding.java:59)
	at Runner.LandingITest.closeApp(LandingITest.java:46)
	at Operation.BaseLanding.testCloseAppSwitch(BaseLanding.java:59)
	at Runner.LandingITest.closeApp(LandingITest.java:46)
	at Operation.BaseLanding.testCloseAppSwitch(BaseLanding.java:59)
	at Runner.LandingITest.closeApp(LandingITest.java:46)
	at Operation.BaseLanding.testCloseAppSwitch(BaseLanding.java:59)
	at Runner.LandingITest.closeApp(LandingITest.java:46)
	at Operation.BaseLanding.testCloseAppSwitch(BaseLanding.java:59)
	at Runner.LandingITest.closeApp(LandingITest.java:46)
	at Operation.BaseLanding.testCloseAppSwitch(BaseLanding.java:59)
	at Runner.LandingITest.closeApp(LandingITest.java:46)
	at Operation.BaseLanding.testCloseAppSwitch(BaseLanding.java:59)
	at Runner.LandingITest.closeApp(LandingITest.java:46)
	at Operation.BaseLanding.testCloseAppSwitch(BaseLanding.java:59)
	at Runner.LandingITest.closeApp(LandingITest.java:46)
	at Operation.BaseLanding.testCloseAppSwitch(BaseLanding.java:59)
	at Runner.LandingITest.closeApp(LandingITest.java:46)
	at Operation.BaseLanding.testCloseAppSwitch(BaseLanding.java:59)
	at Runner.LandingITest.closeApp(LandingITest.java:46)
	at Operation.BaseLanding.testCloseAppSwitch(BaseLanding.java:59)
	at Runner.LandingITest.closeApp(LandingITest.java:46)
	at Operation.BaseLanding.testCloseAppSwitch(BaseLanding.java:59)
	at Runner.LandingITest.closeApp(LandingITest.java:46)
	at Operation.BaseLanding.testCloseAppSwitch(BaseLanding.java:59)
	at Runner.LandingITest.closeApp(LandingITest.java:46)
	at Operation.BaseLanding.testCloseAppSwitch(BaseLanding.java:59)
	at Runner.LandingITest.closeApp(LandingITest.java:46)
	at Operation.BaseLanding.testCloseAppSwitch(BaseLanding.java:59)
	at Runner.LandingITest.closeApp(LandingITest.java:46)
	at Operation.BaseLanding.testCloseAppSwitch(BaseLanding.java:59)
	at Runner.LandingITest.closeApp(LandingITest.java:46)
	at Operation.BaseLanding.testCloseAppSwitch(BaseLanding.java:59)
	at Runner.LandingITest.closeApp(LandingITest.java:46)
	at Operation.BaseLanding.testCloseAppSwitch(BaseLanding.java:59)
	at Runner.LandingITest.closeApp(LandingITest.java:46)
	at Operation.BaseLanding.testCloseAppSwitch(BaseLanding.java:59)
	at Runner.LandingITest.closeApp(LandingITest.java:46)
	at Operation.BaseLanding.testCloseAppSwitch(BaseLanding.java:59)
	at Runner.LandingITest.closeApp(LandingITest.java:46)
	at Operation.BaseLanding.testCloseAppSwitch(BaseLanding.java:59)
	at Runner.LandingITest.closeApp(LandingITest.java:46)
	at Operation.BaseLanding.testCloseAppSwitch(BaseLanding.java:59)
	at Runner.LandingITest.closeApp(LandingITest.java:46)
	at Operation.BaseLanding.testCloseAppSwitch(BaseLanding.java:59)
	at Runner.LandingITest.closeApp(LandingITest.java:46)
	at Operation.BaseLanding.testCloseAppSwitch(BaseLanding.java:59)
	at Runner.LandingITest.closeApp(LandingITest.java:46)
	at Operation.BaseLanding.testCloseAppSwitch(BaseLanding.java:59)
	at Runner.LandingITest.closeApp(LandingITest.java:46)
	at Operation.BaseLanding.testCloseAppSwitch(BaseLanding.java:59)
	at Runner.LandingITest.closeApp(LandingITest.java:46)
	at Operation.BaseLanding.testCloseAppSwitch(BaseLanding.java:59)
	at Runner.LandingITest.closeApp(LandingITest.java:46)
	at Operation.BaseLanding.testCloseAppSwitch(BaseLanding.java:59)
	at Runner.LandingITest.closeApp(LandingITest.java:46)
	at Operation.BaseLanding.testCloseAppSwitch(BaseLanding.java:59)
	at Runner.LandingITest.closeApp(LandingITest.java:46)
	at Operation.BaseLanding.testCloseAppSwitch(BaseLanding.java:59)
	at Runner.LandingITest.closeApp(LandingITest.java:46)
	at Operation.BaseLanding.testCloseAppSwitch(BaseLanding.java:59)
	at Runner.LandingITest.closeApp(LandingITest.java:46)
	at Operation.BaseLanding.testCloseAppSwitch(BaseLanding.java:59)
	at Runner.LandingITest.closeApp(LandingITest.java:46)
	at Operation.BaseLanding.testCloseAppSwitch(BaseLanding.java:59)
	at Runner.LandingITest.closeApp(LandingITest.java:46)
	at Operation.BaseLanding.testCloseAppSwitch(BaseLanding.java:59)
	at Runner.LandingITest.closeApp(LandingITest.java:46)
	at Operation.BaseLanding.testCloseAppSwitch(BaseLanding.java:59)
	at Runner.LandingITest.closeApp(LandingITest.java:46)
	at Operation.BaseLanding.testCloseAppSwitch(BaseLanding.java:59)
	at Runner.LandingITest.closeApp(LandingITest.java:46)
	at Operation.BaseLanding.testCloseAppSwitch(BaseLanding.java:59)
	at Runner.LandingITest.closeApp(LandingITest.java:46)
	at Operation.BaseLanding.testCloseAppSwitch(BaseLanding.java:59)
	at Runner.LandingITest.closeApp(LandingITest.java:46)
	at Operation.BaseLanding.testCloseAppSwitch(BaseLanding.java:59)
	at Runner.LandingITest.closeApp(LandingITest.java:46)
	at Operation.BaseLanding.testCloseAppSwitch(BaseLanding.java:59)
	at Runner.LandingITest.closeApp(LandingITest.java:46)
	at Operation.BaseLanding.testCloseAppSwitch(BaseLanding.java:59)
	at Runner.LandingITest.closeApp(LandingITest.java:46)
	at Operation.BaseLanding.testCloseAppSwitch(BaseLanding.java:59)
	at Runner.LandingITest.closeApp(LandingITest.java:46)
	at Operation.BaseLanding.testCloseAppSwitch(BaseLanding.java:59)
	at Runner.LandingITest.closeApp(LandingITest.java:46)
	at Operation.BaseLanding.testCloseAppSwitch(BaseLanding.java:59)
	at Runner.LandingITest.closeApp(LandingITest.java:46)
	at Operation.BaseLanding.testCloseAppSwitch(BaseLanding.java:59)
	at Runner.LandingITest.closeApp(LandingITest.java:46)
	at Operation.BaseLanding.testCloseAppSwitch(BaseLanding.java:59)
	at Runner.LandingITest.closeApp(LandingITest.java:46)
	at Operation.BaseLanding.testCloseAppSwitch(BaseLanding.java:59)
	at Runner.LandingITest.closeApp(LandingITest.java:46)
	at Operation.BaseLanding.testCloseAppSwitch(BaseLanding.java:59)
	at Runner.LandingITest.closeApp(LandingITest.java:46)
	at Operation.BaseLanding.testCloseAppSwitch(BaseLanding.java:59)
	at Runner.LandingITest.closeApp(LandingITest.java:46)
	at Operation.BaseLanding.testCloseAppSwitch(BaseLanding.java:59)
	at Runner.LandingITest.closeApp(LandingITest.java:46)
	at Operation.BaseLanding.testCloseAppSwitch(BaseLanding.java:59)
	at Runner.LandingITest.closeApp(LandingITest.java:46)
	at Operation.BaseLanding.testCloseAppSwitch(BaseLanding.java:59)
	at Runner.LandingITest.closeApp(LandingITest.java:46)
	at Operation.BaseLanding.testCloseAppSwitch(BaseLanding.java:59)
	at Runner.LandingITest.closeApp(LandingITest.java:46)
	at Operation.BaseLanding.testCloseAppSwitch(BaseLanding.java:59)
	at Runner.LandingITest.closeApp(LandingITest.java:46)
	at Operation.BaseLanding.testCloseAppSwitch(BaseLanding.java:59)
	at Runner.LandingITest.closeApp(LandingITest.java:46)
	at Operation.BaseLanding.testCloseAppSwitch(BaseLanding.java:59)
	at Runner.LandingITest.closeApp(LandingITest.java:46)
	at Operation.BaseLanding.testCloseAppSwitch(BaseLanding.java:59)
	at Runner.LandingITest.closeApp(LandingITest.java:46)
	at Operation.BaseLanding.testCloseAppSwitch(BaseLanding.java:59)
	at Runner.LandingITest.closeApp(LandingITest.java:46)
	at Operation.BaseLanding.testCloseAppSwitch(BaseLanding.java:59)
	at Runner.LandingITest.closeApp(LandingITest.java:46)
	at Operation.BaseLanding.testCloseAppSwitch(BaseLanding.java:59)
	at Runner.LandingITest.closeApp(LandingITest.java:46)
	at Operation.BaseLanding.testCloseAppSwitch(BaseLanding.java:59)
	at Runner.LandingITest.closeApp(LandingITest.java:46)
	at Operation.BaseLanding.testCloseAppSwitch(BaseLanding.java:59)
	at Runner.LandingITest.closeApp(LandingITest.java:46)
	at Operation.BaseLanding.testCloseAppSwitch(BaseLanding.java:59)
	at Runner.LandingITest.closeApp(LandingITest.java:46)
	at Operation.BaseLanding.testCloseAppSwitch(BaseLanding.java:59)
	at Runner.LandingITest.closeApp(LandingITest.java:46)
	at Operation.BaseLanding.testCloseAppSwitch(BaseLanding.java:59)
	at Runner.LandingITest.closeApp(LandingITest.java:46)
	at Operation.BaseLanding.testCloseAppSwitch(BaseLanding.java:59)
	at Runner.LandingITest.closeApp(LandingITest.java:46)
	at Operation.BaseLanding.testCloseAppSwitch(BaseLanding.java:59)
	at Runner.LandingITest.closeApp(LandingITest.java:46)
	at Operation.BaseLanding.testCloseAppSwitch(BaseLanding.java:59)
	at Runner.LandingITest.closeApp(LandingITest.java:46)
	at Operation.BaseLanding.testCloseAppSwitch(BaseLanding.java:59)
	at Runner.LandingITest.closeApp(LandingITest.java:46)
	at Operation.BaseLanding.testCloseAppSwitch(BaseLanding.java:59)
	at Runner.LandingITest.closeApp(LandingITest.java:46)
	at Operation.BaseLanding.testCloseAppSwitch(BaseLanding.java:59)
	at Runner.LandingITest.closeApp(LandingITest.java:46)
	at Operation.BaseLanding.testCloseAppSwitch(BaseLanding.java:59)
	at Runner.LandingITest.closeApp(LandingITest.java:46)
	at Operation.BaseLanding.testCloseAppSwitch(BaseLanding.java:59)
	at Runner.LandingITest.closeApp(LandingITest.java:46)
	at Operation.BaseLanding.testCloseAppSwitch(BaseLanding.java:59)
	at Runner.LandingITest.closeApp(LandingITest.java:46)
	at Operation.BaseLanding.testCloseAppSwitch(BaseLanding.java:59)
	at Runner.LandingITest.closeApp(LandingITest.java:46)
	at Operation.BaseLanding.testCloseAppSwitch(BaseLanding.java:59)
	at Runner.LandingITest.closeApp(LandingITest.java:46)
	at Operation.BaseLanding.testCloseAppSwitch(BaseLanding.java:59)
	at Runner.LandingITest.closeApp(LandingITest.java:46)
	at Operation.BaseLanding.testCloseAppSwitch(BaseLanding.java:59)
	at Runner.LandingITest.closeApp(LandingITest.java:46)
	at Operation.BaseLanding.testCloseAppSwitch(BaseLanding.java:59)
	at Runner.LandingITest.closeApp(LandingITest.java:46)
	at Operation.BaseLanding.testCloseAppSwitch(BaseLanding.java:59)
	at Runner.LandingITest.closeApp(LandingITest.java:46)
	at Operation.BaseLanding.testCloseAppSwitch(BaseLanding.java:59)
	at Runner.LandingITest.closeApp(LandingITest.java:46)
	at Operation.BaseLanding.testCloseAppSwitch(BaseLanding.java:59)
	at Runner.LandingITest.closeApp(LandingITest.java:46)
	at Operation.BaseLanding.testCloseAppSwitch(BaseLanding.java:59)
	at Runner.LandingITest.closeApp(LandingITest.java:46)
	at Operation.BaseLanding.testCloseAppSwitch(BaseLanding.java:59)
	at Runner.LandingITest.closeApp(LandingITest.java:46)
	at Operation.BaseLanding.testCloseAppSwitch(BaseLanding.java:59)
	at Runner.LandingITest.closeApp(LandingITest.java:46)
	at Operation.BaseLanding.testCloseAppSwitch(BaseLanding.java:59)
	at Runner.LandingITest.closeApp(LandingITest.java:46)
	at Operation.BaseLanding.testCloseAppSwitch(BaseLanding.java:59)
	at Runner.LandingITest.closeApp(LandingITest.java:46)
	at Operation.BaseLanding.testCloseAppSwitch(BaseLanding.java:59)
	at Runner.LandingITest.closeApp(LandingITest.java:46)
	at Operation.BaseLanding.testCloseAppSwitch(BaseLanding.java:59)
	at Runner.LandingITest.closeApp(LandingITest.java:46)
	at Operation.BaseLanding.testCloseAppSwitch(BaseLanding.java:59)
	at Runner.LandingITest.closeApp(LandingITest.java:46)
	at Operation.BaseLanding.testCloseAppSwitch(BaseLanding.java:59)
	at Runner.LandingITest.closeApp(LandingITest.java:46)
	at Operation.BaseLanding.testCloseAppSwitch(BaseLanding.java:59)
	at Runner.LandingITest.closeApp(LandingITest.java:46)
	at Operation.BaseLanding.testCloseAppSwitch(BaseLanding.java:59)
	at Runner.LandingITest.closeApp(LandingITest.java:46)
	at Operation.BaseLanding.testCloseAppSwitch(BaseLanding.java:59)
	at Runner.LandingITest.closeApp(LandingITest.java:46)
	at Operation.BaseLanding.testCloseAppSwitch(BaseLanding.java:59)
	at Runner.LandingITest.closeApp(LandingITest.java:46)
	at Operation.BaseLanding.testCloseAppSwitch(BaseLanding.java:59)
	at Runner.LandingITest.closeApp(LandingITest.java:46)
	at Operation.BaseLanding.testCloseAppSwitch(BaseLanding.java:59)
	at Runner.LandingITest.closeApp(LandingITest.java:46)
	at Operation.BaseLanding.testCloseAppSwitch(BaseLanding.java:59)
	at Runner.LandingITest.closeApp(LandingITest.java:46)
	at Operation.BaseLanding.testCloseAppSwitch(BaseLanding.java:59)
	at Runner.LandingITest.closeApp(LandingITest.java:46)
	at Operation.BaseLanding.testCloseAppSwitch(BaseLanding.java:59)
	at Runner.LandingITest.closeApp(LandingITest.java:46)
	at Operation.BaseLanding.testCloseAppSwitch(BaseLanding.java:59)
	at Runner.LandingITest.closeApp(LandingITest.java:46)
	at Operation.BaseLanding.testCloseAppSwitch(BaseLanding.java:59)
	at Runner.LandingITest.closeApp(LandingITest.java:46)
	at Operation.BaseLanding.testCloseAppSwitch(BaseLanding.java:59)
	at Runner.LandingITest.closeApp(LandingITest.java:46)
	at Operation.BaseLanding.testCloseAppSwitch(BaseLanding.java:59)
	at Runner.LandingITest.closeApp(LandingITest.java:46)
	at Operation.BaseLanding.testCloseAppSwitch(BaseLanding.java:59)
	at Runner.LandingITest.closeApp(LandingITest.java:46)
	at Operation.BaseLanding.testCloseAppSwitch(BaseLanding.java:59)
	at Runner.LandingITest.closeApp(LandingITest.java:46)
	at Operation.BaseLanding.testCloseAppSwitch(BaseLanding.java:59)
	at Runner.LandingITest.closeApp(LandingITest.java:46)
	at Operation.BaseLanding.testCloseAppSwitch(BaseLanding.java:59)
	at Runner.LandingITest.closeApp(LandingITest.java:46)
	at Operation.BaseLanding.testCloseAppSwitch(BaseLanding.java:59)
	at Runner.LandingITest.closeApp(LandingITest.java:46)
	at Operation.BaseLanding.testCloseAppSwitch(BaseLanding.java:59)
	at Runner.LandingITest.closeApp(LandingITest.java:46)
	at Operation.BaseLanding.testCloseAppSwitch(BaseLanding.java:59)
	at Runner.LandingITest.closeApp(LandingITest.java:46)
	at Operation.BaseLanding.testCloseAppSwitch(BaseLanding.java:59)
	at Runner.LandingITest.closeApp(LandingITest.java:46)
	at Operation.BaseLanding.testCloseAppSwitch(BaseLanding.java:59)
	at Runner.LandingITest.closeApp(LandingITest.java:46)
	at Operation.BaseLanding.testCloseAppSwitch(BaseLanding.java:59)
	at Runner.LandingITest.closeApp(LandingITest.java:46)
	at Operation.BaseLanding.testCloseAppSwitch(BaseLanding.java:59)
	at Runner.LandingITest.closeApp(LandingITest.java:46)
	at Operation.BaseLanding.testCloseAppSwitch(BaseLanding.java:59)
	at Runner.LandingITest.closeApp(LandingITest.java:46)
	at Operation.BaseLanding.testCloseAppSwitch(BaseLanding.java:59)
	at Runner.LandingITest.closeApp(LandingITest.java:46)
	at Operation.BaseLanding.testCloseAppSwitch(BaseLanding.java:59)
	at Runner.LandingITest.closeApp(LandingITest.java:46)
	at Operation.BaseLanding.testCloseAppSwitch(BaseLanding.java:59)
	at Runner.LandingITest.closeApp(LandingITest.java:46)
	at Operation.BaseLanding.testCloseAppSwitch(BaseLanding.java:59)
	at Runner.LandingITest.closeApp(LandingITest.java:46)
	at Operation.BaseLanding.testCloseAppSwitch(BaseLanding.java:59)
	at Runner.LandingITest.closeApp(LandingITest.java:46)
	at Operation.BaseLanding.testCloseAppSwitch(BaseLanding.java:59)
	at Runner.LandingITest.closeApp(LandingITest.java:46)
	at Operation.BaseLanding.testCloseAppSwitch(BaseLanding.java:59)
	at Runner.LandingITest.closeApp(LandingITest.java:46)
	at Operation.BaseLanding.testCloseAppSwitch(BaseLanding.java:59)
	at Runner.LandingITest.closeApp(LandingITest.java:46)
	at Operation.BaseLanding.testCloseAppSwitch(BaseLanding.java:59)
	at Runner.LandingITest.closeApp(LandingITest.java:46)
	at Operation.BaseLanding.testCloseAppSwitch(BaseLanding.java:59)
	at Runner.LandingITest.closeApp(LandingITest.java:46)
	at Operation.BaseLanding.testCloseAppSwitch(BaseLanding.java:59)
	at Runner.LandingITest.closeApp(LandingITest.java:46)
	at Operation.BaseLanding.testCloseAppSwitch(BaseLanding.java:59)
	at Runner.LandingITest.closeApp(LandingITest.java:46)
	at Operation.BaseLanding.testCloseAppSwitch(BaseLanding.java:59)
	at Runner.LandingITest.closeApp(LandingITest.java:46)
	at Operation.BaseLanding.testCloseAppSwitch(BaseLanding.java:59)
	at Runner.LandingITest.closeApp(LandingITest.java:46)
	at Operation.BaseLanding.testCloseAppSwitch(BaseLanding.java:59)
	at Runner.LandingITest.closeApp(LandingITest.java:46)
	at Operation.BaseLanding.testCloseAppSwitch(BaseLanding.java:59)
	at Runner.LandingITest.closeApp(LandingITest.java:46)
	at Operation.BaseLanding.testCloseAppSwitch(BaseLanding.java:59)
	at Runner.LandingITest.closeApp(LandingITest.java:46)
	at Operation.BaseLanding.testCloseAppSwitch(BaseLanding.java:59)
	at Runner.LandingITest.closeApp(LandingITest.java:46)
	at Operation.BaseLanding.testCloseAppSwitch(BaseLanding.java:59)
	at Runner.LandingITest.closeApp(LandingITest.java:46)
	at Operation.BaseLanding.testCloseAppSwitch(BaseLanding.java:59)
	at Runner.LandingITest.closeApp(LandingITest.java:46)
	at Operation.BaseLanding.testCloseAppSwitch(BaseLanding.java:59)
	at Runner.LandingITest.closeApp(LandingITest.java:46)
	at Operation.BaseLanding.testCloseAppSwitch(BaseLanding.java:59)
	at Runner.LandingITest.closeApp(LandingITest.java:46)
	at Operation.BaseLanding.testCloseAppSwitch(BaseLanding.java:59)
	at Runner.LandingITest.closeApp(LandingITest.java:46)
	at Operation.BaseLanding.testCloseAppSwitch(BaseLanding.java:59)
	at Runner.LandingITest.closeApp(LandingITest.java:46)
	at Operation.BaseLanding.testCloseAppSwitch(BaseLanding.java:59)
	at Runner.LandingITest.closeApp(LandingITest.java:46)
	at Operation.BaseLanding.testCloseAppSwitch(BaseLanding.java:59)
	at Runner.LandingITest.closeApp(LandingITest.java:46)
	at Operation.BaseLanding.testCloseAppSwitch(BaseLanding.java:59)
	at Runner.LandingITest.closeApp(LandingITest.java:46)
	at Operation.BaseLanding.testCloseAppSwitch(BaseLanding.java:59)
	at Runner.LandingITest.closeApp(LandingITest.java:46)
	at Operation.BaseLanding.testCloseAppSwitch(BaseLanding.java:59)
	at Runner.LandingITest.closeApp(LandingITest.java:46)
	at Operation.BaseLanding.testCloseAppSwitch(BaseLanding.java:59)
	at Runner.LandingITest.closeApp(LandingITest.java:46)
	at Operation.BaseLanding.testCloseAppSwitch(BaseLanding.java:59)
	at Runner.LandingITest.closeApp(LandingITest.java:46)
	at Operation.BaseLanding.testCloseAppSwitch(BaseLanding.java:59)
	at Runner.LandingITest.closeApp(LandingITest.java:46)
	at Operation.BaseLanding.testCloseAppSwitch(BaseLanding.java:59)
	at Runner.LandingITest.closeApp(LandingITest.java:46)
	at Operation.BaseLanding.testCloseAppSwitch(BaseLanding.java:59)
	at Runner.LandingITest.closeApp(LandingITest.java:46)
	at Operation.BaseLanding.testCloseAppSwitch(BaseLanding.java:59)
	at Runner.LandingITest.closeApp(LandingITest.java:46)
	at Operation.BaseLanding.testCloseAppSwitch(BaseLanding.java:59)
	at Runner.LandingITest.closeApp(LandingITest.java:46)
	at Operation.BaseLanding.testCloseAppSwitch(BaseLanding.java:59)
	at Runner.LandingITest.closeApp(LandingITest.java:46)
	at Operation.BaseLanding.testCloseAppSwitch(BaseLanding.java:59)
	at Runner.LandingITest.closeApp(LandingITest.java:46)
	at Operation.BaseLanding.testCloseAppSwitch(BaseLanding.java:59)
	at Runner.LandingITest.closeApp(LandingITest.java:46)
	at Operation.BaseLanding.testCloseAppSwitch(BaseLanding.java:59)
	at Runner.LandingITest.closeApp(LandingITest.java:46)
	at Operation.BaseLanding.testCloseAppSwitch(BaseLanding.java:59)
	at Runner.LandingITest.closeApp(LandingITest.java:46)
	at Operation.BaseLanding.testCloseAppSwitch(BaseLanding.java:59)
	at Runner.LandingITest.closeApp(LandingITest.java:46)
	at Operation.BaseLanding.testCloseAppSwitch(BaseLanding.java:59)
	at Runner.LandingITest.closeApp(LandingITest.java:46)
	at Operation.BaseLanding.testCloseAppSwitch(BaseLanding.java:59)
	at Runner.LandingITest.closeApp(LandingITest.java:46)
	at Operation.BaseLanding.testCloseAppSwitch(BaseLanding.java:59)
	at Runner.LandingITest.closeApp(LandingITest.java:46)
	at Operation.BaseLanding.testCloseAppSwitch(BaseLanding.java:59)
	at Runner.LandingITest.closeApp(LandingITest.java:46)
	at Operation.BaseLanding.testCloseAppSwitch(BaseLanding.java:59)
	at Runner.LandingITest.closeApp(LandingITest.java:46)
	at Operation.BaseLanding.testCloseAppSwitch(BaseLanding.java:59)
	at Runner.LandingITest.closeApp(LandingITest.java:46)
	at Operation.BaseLanding.testCloseAppSwitch(BaseLanding.java:59)
	at Runner.LandingITest.closeApp(LandingITest.java:46)
	at Operation.BaseLanding.testCloseAppSwitch(BaseLanding.java:59)
	at Runner.LandingITest.closeApp(LandingITest.java:46)
	at Operation.BaseLanding.testCloseAppSwitch(BaseLanding.java:59)
	at Runner.LandingITest.closeApp(LandingITest.java:46)
	at Operation.BaseLanding.testCloseAppSwitch(BaseLanding.java:59)
	at Runner.LandingITest.closeApp(LandingITest.java:46)
	at Operation.BaseLanding.testCloseAppSwitch(BaseLanding.java:59)
	at Runner.LandingITest.closeApp(LandingITest.java:46)
	at Operation.BaseLanding.testCloseAppSwitch(BaseLanding.java:59)
	at Runner.LandingITest.closeApp(LandingITest.java:46)
	at Operation.BaseLanding.testCloseAppSwitch(BaseLanding.java:59)
	at Runner.LandingITest.closeApp(LandingITest.java:46)
	at Operation.BaseLanding.testCloseAppSwitch(BaseLanding.java:59)
	at Runner.LandingITest.closeApp(LandingITest.java:46)
	at Operation.BaseLanding.testCloseAppSwitch(BaseLanding.java:59)
	at Runner.LandingITest.closeApp(LandingITest.java:46)
	at Operation.BaseLanding.testCloseAppSwitch(BaseLanding.java:59)
	at Runner.LandingITest.closeApp(LandingITest.java:46)
	at Operation.BaseLanding.testCloseAppSwitch(BaseLanding.java:59)
	at Runner.LandingITest.closeApp(LandingITest.java:46)
	at Operation.BaseLanding.testCloseAppSwitch(BaseLanding.java:59)
	at Runner.LandingITest.closeApp(LandingITest.java:46)
	at Operation.BaseLanding.testCloseAppSwitch(BaseLanding.java:59)
	at Runner.LandingITest.closeApp(LandingITest.java:46)
	at Operation.BaseLanding.testCloseAppSwitch(BaseLanding.java:59)
	at Runner.LandingITest.closeApp(LandingITest.java:46)
	at Operation.BaseLanding.testCloseAppSwitch(BaseLanding.java:59)
	at Runner.LandingITest.closeApp(LandingITest.java:46)
	at Operation.BaseLanding.testCloseAppSwitch(BaseLanding.java:59)
	at Runner.LandingITest.closeApp(LandingITest.java:46)
	at Operation.BaseLanding.testCloseAppSwitch(BaseLanding.java:59)
	at Runner.LandingITest.closeApp(LandingITest.java:46)
	at Operation.BaseLanding.testCloseAppSwitch(BaseLanding.java:59)
	at Runner.LandingITest.closeApp(LandingITest.java:46)
	at Operation.BaseLanding.testCloseAppSwitch(BaseLanding.java:59)
	at Runner.LandingITest.closeApp(LandingITest.java:46)
	at Operation.BaseLanding.testCloseAppSwitch(BaseLanding.java:59)
	at Runner.LandingITest.closeApp(LandingITest.java:46)
	at Operation.BaseLanding.testCloseAppSwitch(BaseLanding.java:59)
	at Runner.LandingITest.closeApp(LandingITest.java:46)
	at Operation.BaseLanding.testCloseAppSwitch(BaseLanding.java:59)
	at Runner.LandingITest.closeApp(LandingITest.java:46)
	at Operation.BaseLanding.testCloseAppSwitch(BaseLanding.java:59)
	at Runner.LandingITest.closeApp(LandingITest.java:46)
	at Operation.BaseLanding.testCloseAppSwitch(BaseLanding.java:59)
	at Runner.LandingITest.closeApp(LandingITest.java:46)
	at Operation.BaseLanding.testCloseAppSwitch(BaseLanding.java:59)
	at Runner.LandingITest.closeApp(LandingITest.java:46)
	at Operation.BaseLanding.testCloseAppSwitch(BaseLanding.java:59)
	at Runner.LandingITest.closeApp(LandingITest.java:46)
	at Operation.BaseLanding.testCloseAppSwitch(BaseLanding.java:59)
	at Runner.LandingITest.closeApp(LandingITest.java:46)
	at Operation.BaseLanding.testCloseAppSwitch(BaseLanding.java:59)
	at Runner.LandingITest.closeApp(LandingITest.java:46)
	at Operation.BaseLanding.testCloseAppSwitch(BaseLanding.java:59)
	at Runner.LandingITest.closeApp(LandingITest.java:46)
	at Operation.BaseLanding.testCloseAppSwitch(BaseLanding.java:59)
	at Runner.LandingITest.closeApp(LandingITest.java:46)
	at Operation.BaseLanding.testCloseAppSwitch(BaseLanding.java:59)
	at Runner.LandingITest.closeApp(LandingITest.java:46)
	at Operation.BaseLanding.testCloseAppSwitch(BaseLanding.java:59)
	at Runner.LandingITest.closeApp(LandingITest.java:46)
	at Operation.BaseLanding.testCloseAppSwitch(BaseLanding.java:59)
	at Runner.LandingITest.closeApp(LandingITest.java:46)
	at Operation.BaseLanding.testCloseAppSwitch(BaseLanding.java:59)
	at Runner.LandingITest.closeApp(LandingITest.java:46)
	at Operation.BaseLanding.testCloseAppSwitch(BaseLanding.java:59)
	at Runner.LandingITest.closeApp(LandingITest.java:46)
	at Operation.BaseLanding.testCloseAppSwitch(BaseLanding.java:59)
	at Runner.LandingITest.closeApp(LandingITest.java:46)
	at Operation.BaseLanding.testCloseAppSwitch(BaseLanding.java:59)
	at Runner.LandingITest.closeApp(LandingITest.java:46)
	at Operation.BaseLanding.testCloseAppSwitch(BaseLanding.java:59)
	at Runner.LandingITest.closeApp(LandingITest.java:46)
	at Operation.BaseLanding.testCloseAppSwitch(BaseLanding.java:59)
	at Runner.LandingITest.closeApp(LandingITest.java:46)
	at Operation.BaseLanding.testCloseAppSwitch(BaseLanding.java:59)
	at Runner.LandingITest.closeApp(LandingITest.java:46)
	at Operation.BaseLanding.testCloseAppSwitch(BaseLanding.java:59)
	at Runner.LandingITest.closeApp(LandingITest.java:46)
	at Operation.BaseLanding.testCloseAppSwitch(BaseLanding.java:59)
	at Runner.LandingITest.closeApp(LandingITest.java:46)
	at Operation.BaseLanding.testCloseAppSwitch(BaseLanding.java:59)
	at Runner.LandingITest.closeApp(LandingITest.java:46)
	at Operation.BaseLanding.testCloseAppSwitch(BaseLanding.java:59)
	at Runner.LandingITest.closeApp(LandingITest.java:46)
	at Operation.BaseLanding.testCloseAppSwitch(BaseLanding.java:59)
	at Runner.LandingITest.closeApp(LandingITest.java:46)
	at Operation.BaseLanding.testCloseAppSwitch(BaseLanding.java:59)
	at Runner.LandingITest.closeApp(LandingITest.java:46)
	at Operation.BaseLanding.testCloseAppSwitch(BaseLanding.java:59)
	at Runner.LandingITest.closeApp(LandingITest.java:46)
	at Operation.BaseLanding.testCloseAppSwitch(BaseLanding.java:59)
	at Runner.LandingITest.closeApp(LandingITest.java:46)
	at Operation.BaseLanding.testCloseAppSwitch(BaseLanding.java:59)
	at Runner.LandingITest.closeApp(LandingITest.java:46)
	at Operation.BaseLanding.testCloseAppSwitch(BaseLanding.java:59)
	at Runner.LandingITest.closeApp(LandingITest.java:46)
	at Operation.BaseLanding.testCloseAppSwitch(BaseLanding.java:59)
	at Runner.LandingITest.closeApp(LandingITest.java:46)
	at Operation.BaseLanding.testCloseAppSwitch(BaseLanding.java:59)
	at Runner.LandingITest.closeApp(LandingITest.java:46)
	at Operation.BaseLanding.testCloseAppSwitch(BaseLanding.java:59)
	at Runner.LandingITest.closeApp(LandingITest.java:46)
	at Operation.BaseLanding.testCloseAppSwitch(BaseLanding.java:59)
	at Runner.LandingITest.closeApp(LandingITest.java:46)
	at Operation.BaseLanding.testCloseAppSwitch(BaseLanding.java:59)
	at Runner.LandingITest.closeApp(LandingITest.java:46)
	at Operation.BaseLanding.testCloseAppSwitch(BaseLanding.java:59)
	at Runner.LandingITest.closeApp(LandingITest.java:46)
	at Operation.BaseLanding.testCloseAppSwitch(BaseLanding.java:59)
	at Runner.LandingITest.closeApp(LandingITest.java:46)
	at Operation.BaseLanding.testCloseAppSwitch(BaseLanding.java:59)
	at Runner.LandingITest.closeApp(LandingITest.java:46)
	at Operation.BaseLanding.testCloseAppSwitch(BaseLanding.java:59)
	at Runner.LandingITest.closeApp(LandingITest.java:46)
	at Operation.BaseLanding.testCloseAppSwitch(BaseLanding.java:59)
	at Runner.LandingITest.closeApp(LandingITest.java:46)
	at Operation.BaseLanding.testCloseAppSwitch(BaseLanding.java:59)
	at Runner.LandingITest.closeApp(LandingITest.java:46)
	at Operation.BaseLanding.testCloseAppSwitch(BaseLanding.java:59)
	at Runner.LandingITest.closeApp(LandingITest.java:46)
	at Operation.BaseLanding.testCloseAppSwitch(BaseLanding.java:59)
	at Runner.LandingITest.closeApp(LandingITest.java:46)
	at Operation.BaseLanding.testCloseAppSwitch(BaseLanding.java:59)
	at Runner.LandingITest.closeApp(LandingITest.java:46)
	at Operation.BaseLanding.testCloseAppSwitch(BaseLanding.java:59)
	at Runner.LandingITest.closeApp(LandingITest.java:46)
	at Operation.BaseLanding.testCloseAppSwitch(BaseLanding.java:59)
	at Runner.LandingITest.closeApp(LandingITest.java:46)
	at Operation.BaseLanding.testCloseAppSwitch(BaseLanding.java:59)
	at Runner.LandingITest.closeApp(LandingITest.java:46)
	at Operation.BaseLanding.testCloseAppSwitch(BaseLanding.java:59)
	at Runner.LandingITest.closeApp(LandingITest.java:46)
	at Operation.BaseLanding.testCloseAppSwitch(BaseLanding.java:59)
	at Runner.LandingITest.closeApp(LandingITest.java:46)
	at Operation.BaseLanding.testCloseAppSwitch(BaseLanding.java:59)
	at Runner.LandingITest.closeApp(LandingITest.java:46)
	at Operation.BaseLanding.testCloseAppSwitch(BaseLanding.java:59)
	at Runner.LandingITest.closeApp(LandingITest.java:46)
	at Operation.BaseLanding.testCloseAppSwitch(BaseLanding.java:59)
	at Runner.LandingITest.closeApp(LandingITest.java:46)
	at Operation.BaseLanding.testCloseAppSwitch(BaseLanding.java:59)
	at Runner.LandingITest.closeApp(LandingITest.java:46)
	at Operation.BaseLanding.testCloseAppSwitch(BaseLanding.java:59)
	at Runner.LandingITest.closeApp(LandingITest.java:46)
	at Operation.BaseLanding.testCloseAppSwitch(BaseLanding.java:59)
	at Runner.LandingITest.closeApp(LandingITest.java:46)
	at Operation.BaseLanding.testCloseAppSwitch(BaseLanding.java:59)
	at Runner.LandingITest.closeApp(LandingITest.java:46)
	at Operation.BaseLanding.testCloseAppSwitch(BaseLanding.java:59)
	at Runner.LandingITest.closeApp(LandingITest.java:46)
	at Operation.BaseLanding.testCloseAppSwitch(BaseLanding.java:59)
	at Runner.LandingITest.closeApp(LandingITest.java:46)
	at Operation.BaseLanding.testCloseAppSwitch(BaseLanding.java:59)
	at Runner.LandingITest.closeApp(LandingITest.java:46)
	at Operation.BaseLanding.testCloseAppSwitch(BaseLanding.java:59)
	at Runner.LandingITest.closeApp(LandingITest.java:46)
	at Operation.BaseLanding.testCloseAppSwitch(BaseLanding.java:59)
	at Runner.LandingITest.closeApp(LandingITest.java:46)
	at Operation.BaseLanding.testCloseAppSwitch(BaseLanding.java:59)
	at Runner.LandingITest.closeApp(LandingITest.java:46)
	at Operation.BaseLanding.testCloseAppSwitch(BaseLanding.java:59)
	at Runner.LandingITest.closeApp(LandingITest.java:46)
	at Operation.BaseLanding.testCloseAppSwitch(BaseLanding.java:59)
	at Runner.LandingITest.closeApp(LandingITest.java:46)
	at Operation.BaseLanding.testCloseAppSwitch(BaseLanding.java:59)
	at Runner.LandingITest.closeApp(LandingITest.java:46)
	at Operation.BaseLanding.testCloseAppSwitch(BaseLanding.java:59)
	at Runner.LandingITest.closeApp(LandingITest.java:46)
	at Operation.BaseLanding.testCloseAppSwitch(BaseLanding.java:59)
	at Runner.LandingITest.closeApp(LandingITest.java:46)
	at Operation.BaseLanding.testCloseAppSwitch(BaseLanding.java:59)
	at Runner.LandingITest.closeApp(LandingITest.java:46)
	at Operation.BaseLanding.testCloseAppSwitch(BaseLanding.java:59)
	at Runner.LandingITest.closeApp(LandingITest.java:46)
	at Operation.BaseLanding.testCloseAppSwitch(BaseLanding.java:59)
	at Runner.LandingITest.closeApp(LandingITest.java:46)
	at Operation.BaseLanding.testCloseAppSwitch(BaseLanding.java:59)
	at Runner.LandingITest.closeApp(LandingITest.java:46)
	at Operation.BaseLanding.testCloseAppSwitch(BaseLanding.java:59)
	at Runner.LandingITest.closeApp(LandingITest.java:46)
	at Operation.BaseLanding.testCloseAppSwitch(BaseLanding.java:59)
	at Runner.LandingITest.closeApp(LandingITest.java:46)
	at Operation.BaseLanding.testCloseAppSwitch(BaseLanding.java:59)
	at Runner.LandingITest.closeApp(LandingITest.java:46)
	at Operation.BaseLanding.testCloseAppSwitch(BaseLanding.java:59)
	at Runner.LandingITest.closeApp(LandingITest.java:46)
	at Operation.BaseLanding.testCloseAppSwitch(BaseLanding.java:59)
	at Runner.LandingITest.closeApp(LandingITest.java:46)
	at Operation.BaseLanding.testCloseAppSwitch(BaseLanding.java:59)
	at Runner.LandingITest.closeApp(LandingITest.java:46)
	at Operation.BaseLanding.testCloseAppSwitch(BaseLanding.java:59)
	at Runner.LandingITest.closeApp(LandingITest.java:46)
	at Operation.BaseLanding.testCloseAppSwitch(BaseLanding.java:59)
	at Runner.LandingITest.closeApp(LandingITest.java:46)
	at Operation.BaseLanding.testCloseAppSwitch(BaseLanding.java:59)
	at Runner.LandingITest.closeApp(LandingITest.java:46)
	at Operation.BaseLanding.testCloseAppSwitch(BaseLanding.java:59)
	at Runner.LandingITest.closeApp(LandingITest.java:46)
	at Operation.BaseLanding.testCloseAppSwitch(BaseLanding.java:59)
	at Runner.LandingITest.closeApp(LandingITest.java:46)
	at Operation.BaseLanding.testCloseAppSwitch(BaseLanding.java:59)
	at Runner.LandingITest.closeApp(LandingITest.java:46)
	at Operation.BaseLanding.testCloseAppSwitch(BaseLanding.java:59)
	at Runner.LandingITest.closeApp(LandingITest.java:46)
	at Operation.BaseLanding.testCloseAppSwitch(BaseLanding.java:59)
	at Runner.LandingITest.closeApp(LandingITest.java:46)
	at Operation.BaseLanding.testCloseAppSwitch(BaseLanding.java:59)
	at Runner.LandingITest.closeApp(LandingITest.java:46)
	at Operation.BaseLanding.testCloseAppSwitch(BaseLanding.java:59)
	at Runner.LandingITest.closeApp(LandingITest.java:46)
	at Operation.BaseLanding.testCloseAppSwitch(BaseLanding.java:59)
	at Runner.LandingITest.closeApp(LandingITest.java:46)
	at Operation.BaseLanding.testCloseAppSwitch(BaseLanding.java:59)
	at Runner.LandingITest.closeApp(LandingITest.java:46)
	at Operation.BaseLanding.testCloseAppSwitch(BaseLanding.java:59)
	at Runner.LandingITest.closeApp(LandingITest.java:46)
	at Operation.BaseLanding.testCloseAppSwitch(BaseLanding.java:59)
	at Runner.LandingITest.closeApp(LandingITest.java:46)
	at Operation.BaseLanding.testCloseAppSwitch(BaseLanding.java:59)
	at Runner.LandingITest.closeApp(LandingITest.java:46)
	at Operation.BaseLanding.testCloseAppSwitch(BaseLanding.java:59)
	at Runner.LandingITest.closeApp(LandingITest.java:46)
	at Operation.BaseLanding.testCloseAppSwitch(BaseLanding.java:59)
	at Runner.LandingITest.closeApp(LandingITest.java:46)
	at Operation.BaseLanding.testCloseAppSwitch(BaseLanding.java:59)
	at Runner.LandingITest.closeApp(LandingITest.java:46)
	at Operation.BaseLanding.testCloseAppSwitch(BaseLanding.java:59)
	at Runner.LandingITest.closeApp(LandingITest.java:46)
	at Operation.BaseLanding.testCloseAppSwitch(BaseLanding.java:59)
	at Runner.LandingITest.closeApp(LandingITest.java:46)
	at Operation.BaseLanding.testCloseAppSwitch(BaseLanding.java:59)
	at Runner.LandingITest.closeApp(LandingITest.java:46)
	at Operation.BaseLanding.testCloseAppSwitch(BaseLanding.java:59)
	at Runner.LandingITest.closeApp(LandingITest.java:46)
	at Operation.BaseLanding.testCloseAppSwitch(BaseLanding.java:59)
	at Runner.LandingITest.closeApp(LandingITest.java:46)
	at Operation.BaseLanding.testCloseAppSwitch(BaseLanding.java:59)
	at Runner.LandingITest.closeApp(LandingITest.java:46)
	at Operation.BaseLanding.testCloseAppSwitch(BaseLanding.java:59)
	at Runner.LandingITest.closeApp(LandingITest.java:46)
	at Operation.BaseLanding.testCloseAppSwitch(BaseLanding.java:59)
	at Runner.LandingITest.closeApp(LandingITest.java:46)
	at Operation.BaseLanding.testCloseAppSwitch(BaseLanding.java:59)
	at Runner.LandingITest.closeApp(LandingITest.java:46)
	at Operation.BaseLanding.testCloseAppSwitch(BaseLanding.java:59)
	at Runner.LandingITest.closeApp(LandingITest.java:46)
	at Operation.BaseLanding.testCloseAppSwitch(BaseLanding.java:59)
	at Runner.LandingITest.closeApp(LandingITest.java:46)
	at Operation.BaseLanding.testCloseAppSwitch(BaseLanding.java:59)
	at Runner.LandingITest.closeApp(LandingITest.java:46)
	at Operation.BaseLanding.testCloseAppSwitch(BaseLanding.java:59)
	at Runner.LandingITest.closeApp(LandingITest.java:46)
	at Operation.BaseLanding.testCloseAppSwitch(BaseLanding.java:59)
	at Runner.LandingITest.closeApp(LandingITest.java:46)
	at Operation.BaseLanding.testCloseAppSwitch(BaseLanding.java:59)
	at Runner.LandingITest.closeApp(LandingITest.java:46)
	at Operation.BaseLanding.testCloseAppSwitch(BaseLanding.java:59)
	at Runner.LandingITest.closeApp(LandingITest.java:46)
	at Operation.BaseLanding.testCloseAppSwitch(BaseLanding.java:59)
	at Runner.LandingITest.closeApp(LandingITest.java:46)
	at Operation.BaseLanding.testCloseAppSwitch(BaseLanding.java:59)
	at Runner.LandingITest.closeApp(LandingITest.java:46)
	at Operation.BaseLanding.testCloseAppSwitch(BaseLanding.java:59)
	at Runner.LandingITest.closeApp(LandingITest.java:46)
	at Operation.BaseLanding.testCloseAppSwitch(BaseLanding.java:59)
	at Runner.LandingITest.closeApp(LandingITest.java:46)
	at Operation.BaseLanding.testCloseAppSwitch(BaseLanding.java:59)
	at Runner.LandingITest.closeApp(LandingITest.java:46)
	at Operation.BaseLanding.testCloseAppSwitch(BaseLanding.java:59)
	at Runner.LandingITest.closeApp(LandingITest.java:46)
	at Operation.BaseLanding.testCloseAppSwitch(BaseLanding.java:59)
	at Runner.LandingITest.closeApp(LandingITest.java:46)
	at Operation.BaseLanding.testCloseAppSwitch(BaseLanding.java:59)
	at Runner.LandingITest.closeApp(LandingITest.java:46)
	at Operation.BaseLanding.testCloseAppSwitch(BaseLanding.java:59)
	at Runner.LandingITest.closeApp(LandingITest.java:46)
	at Operation.BaseLanding.testCloseAppSwitch(BaseLanding.java:59)
	at Runner.LandingITest.closeApp(LandingITest.java:46)
	at Operation.BaseLanding.testCloseAppSwitch(BaseLanding.java:59)
	at Runner.LandingITest.closeApp(LandingITest.java:46)
	at Operation.BaseLanding.testCloseAppSwitch(BaseLanding.java:59)
	at Runner.LandingITest.closeApp(LandingITest.java:46)
	at Operation.BaseLanding.testCloseAppSwitch(BaseLanding.java:59)
	at Runner.LandingITest.closeApp(LandingITest.java:46)
	at Operation.BaseLanding.testCloseAppSwitch(BaseLanding.java:59)
	at Runner.LandingITest.closeApp(LandingITest.java:46)
	at Operation.BaseLanding.testCloseAppSwitch(BaseLanding.java:59)
	at Runner.LandingITest.closeApp(LandingITest.java:46)
	at Operation.BaseLanding.testCloseAppSwitch(BaseLanding.java:59)
	at Runner.LandingITest.closeApp(LandingITest.java:46)
	at Operation.BaseLanding.testCloseAppSwitch(BaseLanding.java:59)
	at Runner.LandingITest.closeApp(LandingITest.java:46)
	at Operation.BaseLanding.testCloseAppSwitch(BaseLanding.java:59)
	at Runner.LandingITest.closeApp(LandingITest.java:46)
	at Operation.BaseLanding.testCloseAppSwitch(BaseLanding.java:59)
	at Runner.LandingITest.closeApp(LandingITest.java:46)
	at Operation.BaseLanding.testCloseAppSwitch(BaseLanding.java:59)
	at Runner.LandingITest.closeApp(LandingITest.java:46)
	at Operation.BaseLanding.testCloseAppSwitch(BaseLanding.java:59)
	at Runner.LandingITest.closeApp(LandingITest.java:46)
	at Operation.BaseLanding.testCloseAppSwitch(BaseLanding.java:59)
	at Runner.LandingITest.closeApp(LandingITest.java:46)
	at Operation.BaseLanding.testCloseAppSwitch(BaseLanding.java:59)
	at Runner.LandingITest.closeApp(LandingITest.java:46)
	at Operation.BaseLanding.testCloseAppSwitch(BaseLanding.java:59)
	at Runner.LandingITest.closeApp(LandingITest.java:46)
	at Operation.BaseLanding.testCloseAppSwitch(BaseLanding.java:59)
	at Runner.LandingITest.closeApp(LandingITest.java:46)
	at Operation.BaseLanding.testCloseAppSwitch(BaseLanding.java:59)
	at Runner.LandingITest.closeApp(LandingITest.java:46)
	at Operation.BaseLanding.testCloseAppSwitch(BaseLanding.java:59)
	at Runner.LandingITest.closeApp(LandingITest.java:46)
	at Operation.BaseLanding.testCloseAppSwitch(BaseLanding.java:59)
	at Runner.LandingITest.closeApp(LandingITest.java:46)
	at Operation.BaseLanding.testCloseAppSwitch(BaseLanding.java:59)
	at Runner.LandingITest.closeApp(LandingITest.java:46)
	at Operation.BaseLanding.testCloseAppSwitch(BaseLanding.java:59)
	at Runner.LandingITest.closeApp(LandingITest.java:46)
	at Operation.BaseLanding.testCloseAppSwitch(BaseLanding.java:59)
	at Runner.LandingITest.closeApp(LandingITest.java:46)
	at Operation.BaseLanding.testCloseAppSwitch(BaseLanding.java:59)
	at Runner.LandingITest.closeApp(LandingITest.java:46)
	at Operation.BaseLanding.testCloseAppSwitch(BaseLanding.java:59)
	at Runner.LandingITest.closeApp(LandingITest.java:46)
	at Operation.BaseLanding.testCloseAppSwitch(BaseLanding.java:59)
	at Runner.LandingITest.closeApp(LandingITest.java:46)
	at Operation.BaseLanding.testCloseAppSwitch(BaseLanding.java:59)
	at Runner.LandingITest.closeApp(LandingITest.java:46)
	at Operation.BaseLanding.testCloseAppSwitch(BaseLanding.java:59)
	at Runner.LandingITest.closeApp(LandingITest.java:46)
	at Operation.BaseLanding.testCloseAppSwitch(BaseLanding.java:59)
	at Runner.LandingITest.closeApp(LandingITest.java:46)
	at Operation.BaseLanding.testCloseAppSwitch(BaseLanding.java:59)
	at Runner.LandingITest.closeApp(LandingITest.java:46)
	at Operation.BaseLanding.testCloseAppSwitch(BaseLanding.java:59)
	at Runner.LandingITest.closeApp(LandingITest.java:46)
	at Operation.BaseLanding.testCloseAppSwitch(BaseLanding.java:59)
	at Runner.LandingITest.closeApp(LandingITest.java:46)
	at Operation.BaseLanding.testCloseAppSwitch(BaseLanding.java:59)
	at Runner.LandingITest.closeApp(LandingITest.java:46)
	at Operation.BaseLanding.testCloseAppSwitch(BaseLanding.java:59)
	at Runner.LandingITest.closeApp(LandingITest.java:46)
	at Operation.BaseLanding.testCloseAppSwitch(BaseLanding.java:59)
	at Runner.LandingITest.closeApp(LandingITest.java:46)
	at Operation.BaseLanding.testCloseAppSwitch(BaseLanding.java:59)
	at Runner.LandingITest.closeApp(LandingITest.java:46)
	at Operation.BaseLanding.testCloseAppSwitch(BaseLanding.java:59)
	at Runner.LandingITest.closeApp(LandingITest.java:46)
	at Operation.BaseLanding.testCloseAppSwitch(BaseLanding.java:59)
	at Runner.LandingITest.closeApp(LandingITest.java:46)
	at Operation.BaseLanding.testCloseAppSwitch(BaseLanding.java:59)
	at Runner.LandingITest.closeApp(LandingITest.java:46)
	at Operation.BaseLanding.testCloseAppSwitch(BaseLanding.java:59)
	at Runner.LandingITest.closeApp(LandingITest.java:46)
	at Operation.BaseLanding.testCloseAppSwitch(BaseLanding.java:59)
	at Runner.LandingITest.closeApp(LandingITest.java:46)
	at Operation.BaseLanding.testCloseAppSwitch(BaseLanding.java:59)
	at Runner.LandingITest.closeApp(LandingITest.java:46)
	at Operation.BaseLanding.testCloseAppSwitch(BaseLanding.java:59)
	at Runner.LandingITest.closeApp(LandingITest.java:46)
	at Operation.BaseLanding.testCloseAppSwitch(BaseLanding.java:59)
	at Runner.LandingITest.closeApp(LandingITest.java:46)
	at Operation.BaseLanding.testCloseAppSwitch(BaseLanding.java:59)
	at Runner.LandingITest.closeApp(LandingITest.java:46)
	at Operation.BaseLanding.testCloseAppSwitch(BaseLanding.java:59)
	at Runner.LandingITest.closeApp(LandingITest.java:46)
	at Operation.BaseLanding.testCloseAppSwitch(BaseLanding.java:59)
	at Runner.LandingITest.closeApp(LandingITest.java:46)
	at Operation.BaseLanding.testCloseAppSwitch(BaseLanding.java:59)
	at Runner.LandingITest.closeApp(LandingITest.java:46)
	at Operation.BaseLanding.testCloseAppSwitch(BaseLanding.java:59)
	at Runner.LandingITest.closeApp(LandingITest.java:46)
	at Operation.BaseLanding.testCloseAppSwitch(BaseLanding.java:59)
	at Runner.LandingITest.closeApp(LandingITest.java:46)
	at Operation.BaseLanding.testCloseAppSwitch(BaseLanding.java:59)
	at Runner.LandingITest.closeApp(LandingITest.java:46)
	at Operation.BaseLanding.testCloseAppSwitch(BaseLanding.java:59)
	at Runner.LandingITest.closeApp(LandingITest.java:46)
	at Operation.BaseLanding.testCloseAppSwitch(BaseLanding.java:59)
	at Runner.LandingITest.closeApp(LandingITest.java:46)
	at Operation.BaseLanding.testCloseAppSwitch(BaseLanding.java:59)
	at Runner.LandingITest.closeApp(LandingITest.java:46)
	at Operation.BaseLanding.testCloseAppSwitch(BaseLanding.java:59)
	at Runner.LandingITest.closeApp(LandingITest.java:46)
	at Operation.BaseLanding.testCloseAppSwitch(BaseLanding.java:59)
	at Runner.LandingITest.closeApp(LandingITest.java:46)
	at Operation.BaseLanding.testCloseAppSwitch(BaseLanding.java:59)
	at Runner.LandingITest.closeApp(LandingITest.java:46)
	at Operation.BaseLanding.testCloseAppSwitch(BaseLanding.java:59)
	at Runner.LandingITest.closeApp(LandingITest.java:46)
	at Operation.BaseLanding.testCloseAppSwitch(BaseLanding.java:59)
	at Runner.LandingITest.closeApp(LandingITest.java:46)
	at Operation.BaseLanding.testCloseAppSwitch(BaseLanding.java:59)
	at Runner.LandingITest.closeApp(LandingITest.java:46)
	at Operation.BaseLanding.testCloseAppSwitch(BaseLanding.java:59)
	at Runner.LandingITest.closeApp(LandingITest.java:46)
	at Operation.BaseLanding.testCloseAppSwitch(BaseLanding.java:59)
	at Runner.LandingITest.closeApp(LandingITest.java:46)
	at Operation.BaseLanding.testCloseAppSwitch(BaseLanding.java:59)
	at Runner.LandingITest.closeApp(LandingITest.java:46)
	at Operation.BaseLanding.testCloseAppSwitch(BaseLanding.java:59)
	at Runner.LandingITest.closeApp(LandingITest.java:46)
	at Operation.BaseLanding.testCloseAppSwitch(BaseLanding.java:59)
	at Runner.LandingITest.closeApp(LandingITest.java:46)
	at Operation.BaseLanding.testCloseAppSwitch(BaseLanding.java:59)
	at Runner.LandingITest.closeApp(LandingITest.java:46)
	at Operation.BaseLanding.testCloseAppSwitch(BaseLanding.java:59)
	at Runner.LandingITest.closeApp(LandingITest.java:46)
	at Operation.BaseLanding.testCloseAppSwitch(BaseLanding.java:59)
	at Runner.LandingITest.closeApp(LandingITest.java:46)
	at Operation.BaseLanding.testCloseAppSwitch(BaseLanding.java:59)
	at Runner.LandingITest.closeApp(LandingITest.java:46)
	at Operation.BaseLanding.testCloseAppSwitch(BaseLanding.java:59)
	at Runner.LandingITest.closeApp(LandingITest.java:46)
	at Operation.BaseLanding.testCloseAppSwitch(BaseLanding.java:59)
	at Runner.LandingITest.closeApp(LandingITest.java:46)
	at Operation.BaseLanding.testCloseAppSwitch(BaseLanding.java:59)
	at Runner.LandingITest.closeApp(LandingITest.java:46)
	at Operation.BaseLanding.testCloseAppSwitch(BaseLanding.java:59)
	at Runner.LandingITest.closeApp(LandingITest.java:46)
	at Operation.BaseLanding.testCloseAppSwitch(BaseLanding.java:59)
	at Runner.LandingITest.closeApp(LandingITest.java:46)
	at Operation.BaseLanding.testCloseAppSwitch(BaseLanding.java:59)
	at Runner.LandingITest.closeApp(LandingITest.java:46)
	at Operation.BaseLanding.testCloseAppSwitch(BaseLanding.java:59)
	at Runner.LandingITest.closeApp(LandingITest.java:46)
	at Operation.BaseLanding.testCloseAppSwitch(BaseLanding.java:59)
	at Runner.LandingITest.closeApp(LandingITest.java:46)
	at Operation.BaseLanding.testCloseAppSwitch(BaseLanding.java:59)
	at Runner.LandingITest.closeApp(LandingITest.java:46)
	at Operation.BaseLanding.testCloseAppSwitch(BaseLanding.java:59)
	at Runner.LandingITest.closeApp(LandingITest.java:46)
	at Operation.BaseLanding.testCloseAppSwitch(BaseLanding.java:59)
	at Runner.LandingITest.closeApp(LandingITest.java:46)
	at Operation.BaseLanding.testCloseAppSwitch(BaseLanding.java:59)
	at Runner.LandingITest.closeApp(LandingITest.java:46)
	at Operation.BaseLanding.testCloseAppSwitch(BaseLanding.java:59)
	at Runner.LandingITest.closeApp(LandingITest.java:46)
	at Operation.BaseLanding.testCloseAppSwitch(BaseLanding.java:59)
	at Runner.LandingITest.closeApp(LandingITest.java:46)
	at Operation.BaseLanding.testCloseAppSwitch(BaseLanding.java:59)
	at Runner.LandingITest.closeApp(LandingITest.java:46)
	at Operation.BaseLanding.testCloseAppSwitch(BaseLanding.java:59)
	at Runner.LandingITest.closeApp(LandingITest.java:46)
	at Operation.BaseLanding.testCloseAppSwitch(BaseLanding.java:59)
	at Runner.LandingITest.closeApp(LandingITest.java:46)
	at Operation.BaseLanding.testCloseAppSwitch(BaseLanding.java:59)
	at Runner.LandingITest.closeApp(LandingITest.java:46)
	at Operation.BaseLanding.testCloseAppSwitch(BaseLanding.java:59)
	at Runner.LandingITest.closeApp(LandingITest.java:46)
	at Operation.BaseLanding.testCloseAppSwitch(BaseLanding.java:59)
	at Runner.LandingITest.closeApp(LandingITest.java:46)
	at Operation.BaseLanding.testCloseAppSwitch(BaseLanding.java:59)
	at Runner.LandingITest.closeApp(LandingITest.java:46)
	at Operation.BaseLanding.testCloseAppSwitch(BaseLanding.java:59)
	at Runner.LandingITest.closeApp(LandingITest.java:46)
	at Operation.BaseLanding.testCloseAppSwitch(BaseLanding.java:59)
	at Runner.LandingITest.closeApp(LandingITest.java:46)
	at Operation.BaseLanding.testCloseAppSwitch(BaseLanding.java:59)
	at Runner.LandingITest.closeApp(LandingITest.java:46)
	at Operation.BaseLanding.testCloseAppSwitch(BaseLanding.java:59)
	at Runner.LandingITest.closeApp(LandingITest.java:46)
	at Operation.BaseLanding.testCloseAppSwitch(BaseLanding.java:59)
	at Runner.LandingITest.closeApp(LandingITest.java:46)
	at Operation.BaseLanding.testCloseAppSwitch(BaseLanding.java:59)
	at Runner.LandingITest.closeApp(LandingITest.java:46)
	at Operation.BaseLanding.testCloseAppSwitch(BaseLanding.java:59)
	at Runner.LandingITest.closeApp(LandingITest.java:46)
	at Operation.BaseLanding.testCloseAppSwitch(BaseLanding.java:59)
	at Runner.LandingITest.closeApp(LandingITest.java:46)
	at Operation.BaseLanding.testCloseAppSwitch(BaseLanding.java:59)
	at Runner.LandingITest.closeApp(LandingITest.java:46)
	at Operation.BaseLanding.testCloseAppSwitch(BaseLanding.java:59)
	at Runner.LandingITest.closeApp(LandingITest.java:46)
	at Operation.BaseLanding.testCloseAppSwitch(BaseLanding.java:59)
	at Runner.LandingITest.closeApp(LandingITest.java:46)
	at Operation.BaseLanding.testCloseAppSwitch(BaseLanding.java:59)
	at Runner.LandingITest.closeApp(LandingITest.java:46)
	at Operation.BaseLanding.testCloseAppSwitch(BaseLanding.java:59)
	at Runner.LandingITest.closeApp(LandingITest.java:46)
	at Operation.BaseLanding.testCloseAppSwitch(BaseLanding.java:59)
	at Runner.LandingITest.closeApp(LandingITest.java:46)
	at Operation.BaseLanding.testCloseAppSwitch(BaseLanding.java:59)
	at Runner.LandingITest.closeApp(LandingITest.java:46)
	at Operation.BaseLanding.testCloseAppSwitch(BaseLanding.java:59)
	at Runner.LandingITest.closeApp(LandingITest.java:46)
	at Operation.BaseLanding.testCloseAppSwitch(BaseLanding.java:59)
	at Runner.LandingITest.closeApp(LandingITest.java:46)
	at Operation.BaseLanding.testCloseAppSwitch(BaseLanding.java:59)
	at Runner.LandingITest.closeApp(LandingITest.java:46)
	at Operation.BaseLanding.testCloseAppSwitch(BaseLanding.java:59)
	at Runner.LandingITest.closeApp(LandingITest.java:46)
	at Operation.BaseLanding.testCloseAppSwitch(BaseLanding.java:59)
	at Runner.LandingITest.closeApp(LandingITest.java:46)
	at Operation.BaseLanding.testCloseAppSwitch(BaseLanding.java:59)
	at Runner.LandingITest.closeApp(LandingITest.java:46)
	at Operation.BaseLanding.testCloseAppSwitch(BaseLanding.java:59)
	at Runner.LandingITest.closeApp(LandingITest.java:46)
	at Operation.BaseLanding.testCloseAppSwitch(BaseLanding.java:59)
	at Runner.LandingITest.closeApp(LandingITest.java:46)
	at Operation.BaseLanding.testCloseAppSwitch(BaseLanding.java:59)
	at Runner.LandingITest.closeApp(LandingITest.java:46)
	at Operation.BaseLanding.testCloseAppSwitch(BaseLanding.java:59)
	at Runner.LandingITest.closeApp(LandingITest.java:46)
	at Operation.BaseLanding.testCloseAppSwitch(BaseLanding.java:59)
	at Runner.LandingITest.closeApp(LandingITest.java:46)
	at Operation.BaseLanding.testCloseAppSwitch(BaseLanding.java:59)
	at Runner.LandingITest.closeApp(LandingITest.java:46)
	at Operation.BaseLanding.testCloseAppSwitch(BaseLanding.java:59)
	at Runner.LandingITest.closeApp(LandingITest.java:46)
	at Operation.BaseLanding.testCloseAppSwitch(BaseLanding.java:59)
	at Runner.LandingITest.closeApp(LandingITest.java:46)
	at Operation.BaseLanding.testCloseAppSwitch(BaseLanding.java:59)
	at Runner.LandingITest.closeApp(LandingITest.java:46)
	at Operation.BaseLanding.testCloseAppSwitch(BaseLanding.java:59)
	at Runner.LandingITest.closeApp(LandingITest.java:46)
	at Operation.BaseLanding.testCloseAppSwitch(BaseLanding.java:59)
	at Runner.LandingITest.closeApp(LandingITest.java:46)
	at Operation.BaseLanding.testCloseAppSwitch(BaseLanding.java:59)
	at Runner.LandingITest.closeApp(LandingITest.java:46)
	at Operation.BaseLanding.testCloseAppSwitch(BaseLanding.java:59)
	at Runner.LandingITest.closeApp(LandingITest.java:46)
	at Operation.BaseLanding.testCloseAppSwitch(BaseLanding.java:59)
	at Runner.LandingITest.closeApp(LandingITest.java:46)
	at Operation.BaseLanding.testCloseAppSwitch(BaseLanding.java:59)
	at Runner.LandingITest.closeApp(LandingITest.java:46)
	at Operation.BaseLanding.testCloseAppSwitch(BaseLanding.java:59)
	at Runner.LandingITest.closeApp(LandingITest.java:46)
	at Operation.BaseLanding.testCloseAppSwitch(BaseLanding.java:59)
	at Runner.LandingITest.closeApp(LandingITest.java:46)
	at Operation.BaseLanding.testCloseAppSwitch(BaseLanding.java:59)
	at Runner.LandingITest.closeApp(LandingITest.java:46)
</failure>
  </testcase>
  <testcase classname="Runner.LandingITest" name="closeApp" time="15.101">
    <skipped/>
  </testcase>
</testsuite>