<?xml version="1.0" encoding="UTF-8"?>
<!-- Generated by org.testng.reporters.JUnitReportReporter -->
<testsuite skipped="0" hostname="Faizals-MacBook-Pro.local" name="tests.LandingITest" tests="2" failures="0" timestamp="01 Jul 2020 06:25:21 GMT" time="16.220" errors="1">
  <testcase name="closeApp" time="0.003" classname="tests.LandingITest">
    <error type="java.lang.StackOverflowError">
        <![CDATA[java.lang.StackOverflowError
at operation.BaseLanding.testCloseAppSwitch(BaseLanding.java:60)
at tests.LandingITest.closeApp(LandingITest.java:46)
at operation.BaseLanding.testCloseAppSwitch(BaseLanding.java:60)
at tests.LandingITest.closeApp(LandingITest.java:46)
at operation.BaseLanding.testCloseAppSwitch(BaseLanding.java:60)
at tests.LandingITest.closeApp(LandingITest.java:46)
at operation.BaseLanding.testCloseAppSwitch(BaseLanding.java:60)
at tests.LandingITest.closeApp(LandingITest.java:46)
at operation.BaseLanding.testCloseAppSwitch(BaseLanding.java:60)
at tests.LandingITest.closeApp(LandingITest.java:46)
at operation.BaseLanding.testCloseAppSwitch(BaseLanding.java:60)
at tests.LandingITest.closeApp(LandingITest.java:46)
at operation.BaseLanding.testCloseAppSwitch(BaseLanding.java:60)
at tests.LandingITest.closeApp(LandingITest.java:46)
at operation.BaseLanding.testCloseAppSwitch(BaseLanding.java:60)
at tests.LandingITest.closeApp(LandingITest.java:46)
at operation.BaseLanding.testCloseAppSwitch(BaseLanding.java:60)
at tests.LandingITest.closeApp(LandingITest.java:46)
at operation.BaseLanding.testCloseAppSwitch(BaseLanding.java:60)
at tests.LandingITest.closeApp(LandingITest.java:46)
at operation.BaseLanding.testCloseAppSwitch(BaseLanding.java:60)
at tests.LandingITest.closeApp(LandingITest.java:46)
at operation.BaseLanding.testCloseAppSwitch(BaseLanding.java:60)
at tests.LandingITest.closeApp(LandingITest.java:46)
at operation.BaseLanding.testCloseAppSwitch(BaseLanding.java:60)
at tests.LandingITest.closeApp(LandingITest.java:46)
at operation.BaseLanding.testCloseAppSwitch(BaseLanding.java:60)
at tests.LandingITest.closeApp(LandingITest.java:46)
at operation.BaseLanding.testCloseAppSwitch(BaseLanding.java:60)
at tests.LandingITest.closeApp(LandingITest.java:46)
at operation.BaseLanding.testCloseAppSwitch(BaseLanding.java:60)
at tests.LandingITest.closeApp(LandingITest.java:46)
at operation.BaseLanding.testCloseAppSwitch(BaseLanding.java:60)
at tests.LandingITest.closeApp(LandingITest.java:46)
at operation.BaseLanding.testCloseAppSwitch(BaseLanding.java:60)
at tests.LandingITest.closeApp(LandingITest.java:46)
at operation.BaseLanding.testCloseAppSwitch(BaseLanding.java:60)
at tests.LandingITest.closeApp(LandingITest.java:46)
at operation.BaseLanding.testCloseAppSwitch(BaseLanding.java:60)
at tests.LandingITest.closeApp(LandingITest.java:46)
at operation.BaseLanding.testCloseAppSwitch(BaseLanding.java:60)
at tests.LandingITest.closeApp(LandingITest.java:46)
at operation.BaseLanding.testCloseAppSwitch(BaseLanding.java:60)
at tests.LandingITest.closeApp(LandingITest.java:46)
at operation.BaseLanding.testCloseAppSwitch(BaseLanding.java:60)
at tests.LandingITest.closeApp(LandingITest.java:46)
at operation.BaseLanding.testCloseAppSwitch(BaseLanding.java:60)
at tests.LandingITest.closeApp(LandingITest.java:46)
at operation.BaseLanding.testCloseAppSwitch(BaseLanding.java:60)
at tests.LandingITest.closeApp(LandingITest.java:46)
at operation.BaseLanding.testCloseAppSwitch(BaseLanding.java:60)
at tests.LandingITest.closeApp(LandingITest.java:46)
at operation.BaseLanding.testCloseAppSwitch(BaseLanding.java:60)
at tests.LandingITest.closeApp(LandingITest.java:46)
at operation.BaseLanding.testCloseAppSwitch(BaseLanding.java:60)
at tests.LandingITest.closeApp(LandingITest.java:46)
at operation.BaseLanding.testCloseAppSwitch(BaseLanding.java:60)
at tests.LandingITest.closeApp(LandingITest.java:46)
at operation.BaseLanding.testCloseAppSwitch(BaseLanding.java:60)
at tests.LandingITest.closeApp(LandingITest.java:46)
at operation.BaseLanding.testCloseAppSwitch(BaseLanding.java:60)
at tests.LandingITest.closeApp(LandingITest.java:46)
at operation.BaseLanding.testCloseAppSwitch(BaseLanding.java:60)
at tests.LandingITest.closeApp(LandingITest.java:46)
at operation.BaseLanding.testCloseAppSwitch(BaseLanding.java:60)
at tests.LandingITest.closeApp(LandingITest.java:46)
at operation.BaseLanding.testCloseAppSwitch(BaseLanding.java:60)
at tests.LandingITest.closeApp(LandingITest.java:46)
at operation.BaseLanding.testCloseAppSwitch(BaseLanding.java:60)
at tests.LandingITest.closeApp(LandingITest.java:46)
at operation.BaseLanding.testCloseAppSwitch(BaseLanding.java:60)
at tests.LandingITest.closeApp(LandingITest.java:46)
at operation.BaseLanding.testCloseAppSwitch(BaseLanding.java:60)
at tests.LandingITest.closeApp(LandingITest.java:46)
at operation.BaseLanding.testCloseAppSwitch(BaseLanding.java:60)
at tests.LandingITest.closeApp(LandingITest.java:46)
at operation.BaseLanding.testCloseAppSwitch(BaseLanding.java:60)
at tests.LandingITest.closeApp(LandingITest.java:46)
at operation.BaseLanding.testCloseAppSwitch(BaseLanding.java:60)
at tests.LandingITest.closeApp(LandingITest.java:46)
at operation.BaseLanding.testCloseAppSwitch(BaseLanding.java:60)
at tests.LandingITest.closeApp(LandingITest.java:46)
at operation.BaseLanding.testCloseAppSwitch(BaseLanding.java:60)
at tests.LandingITest.closeApp(LandingITest.java:46)
at operation.BaseLanding.testCloseAppSwitch(BaseLanding.java:60)
at tests.LandingITest.closeApp(LandingITest.java:46)
at operation.BaseLanding.testCloseAppSwitch(BaseLanding.java:60)
at tests.LandingITest.closeApp(LandingITest.java:46)
at operation.BaseLanding.testCloseAppSwitch(BaseLanding.java:60)
at tests.LandingITest.closeApp(LandingITest.java:46)
at operation.BaseLanding.testCloseAppSwitch(BaseLanding.java:60)
at tests.LandingITest.closeApp(LandingITest.java:46)
at operation.BaseLanding.testCloseAppSwitch(BaseLanding.java:60)
at tests.LandingITest.closeApp(LandingITest.java:46)
at operation.BaseLanding.testCloseAppSwitch(BaseLanding.java:60)
at tests.LandingITest.closeApp(LandingITest.java:46)
at operation.BaseLanding.testCloseAppSwitch(BaseLanding.java:60)
at tests.LandingITest.closeApp(LandingITest.java:46)
at operation.BaseLanding.testCloseAppSwitch(BaseLanding.java:60)
at tests.LandingITest.closeApp(LandingITest.java:46)
at operation.BaseLanding.testCloseAppSwitch(BaseLanding.java:60)
at tests.LandingITest.closeApp(LandingITest.java:46)
at operation.BaseLanding.testCloseAppSwitch(BaseLanding.java:60)
at tests.LandingITest.closeApp(LandingITest.java:46)
at operation.BaseLanding.testCloseAppSwitch(BaseLanding.java:60)
at tests.LandingITest.closeApp(LandingITest.java:46)
at operation.BaseLanding.testCloseAppSwitch(BaseLanding.java:60)
at tests.LandingITest.closeApp(LandingITest.java:46)
at operation.BaseLanding.testCloseAppSwitch(BaseLanding.java:60)
at tests.LandingITest.closeApp(LandingITest.java:46)
at operation.BaseLanding.testCloseAppSwitch(BaseLanding.java:60)
at tests.LandingITest.closeApp(LandingITest.java:46)
at operation.BaseLanding.testCloseAppSwitch(BaseLanding.java:60)
at tests.LandingITest.closeApp(LandingITest.java:46)
at operation.BaseLanding.testCloseAppSwitch(BaseLanding.java:60)
at tests.LandingITest.closeApp(LandingITest.java:46)
at operation.BaseLanding.testCloseAppSwitch(BaseLanding.java:60)
at tests.LandingITest.closeApp(LandingITest.java:46)
at operation.BaseLanding.testCloseAppSwitch(BaseLanding.java:60)
at tests.LandingITest.closeApp(LandingITest.java:46)
at operation.BaseLanding.testCloseAppSwitch(BaseLanding.java:60)
at tests.LandingITest.closeApp(LandingITest.java:46)
at operation.BaseLanding.testCloseAppSwitch(BaseLanding.java:60)
at tests.LandingITest.closeApp(LandingITest.java:46)
at operation.BaseLanding.testCloseAppSwitch(BaseLanding.java:60)
at tests.LandingITest.closeApp(LandingITest.java:46)
at operation.BaseLanding.testCloseAppSwitch(BaseLanding.java:60)
at tests.LandingITest.closeApp(LandingITest.java:46)
at operation.BaseLanding.testCloseAppSwitch(BaseLanding.java:60)
at tests.LandingITest.closeApp(LandingITest.java:46)
at operation.BaseLanding.testCloseAppSwitch(BaseLanding.java:60)
at tests.LandingITest.closeApp(LandingITest.java:46)
at operation.BaseLanding.testCloseAppSwitch(BaseLanding.java:60)
at tests.LandingITest.closeApp(LandingITest.java:46)
at operation.BaseLanding.testCloseAppSwitch(BaseLanding.java:60)
at tests.LandingITest.closeApp(LandingITest.java:46)
at operation.BaseLanding.testCloseAppSwitch(BaseLanding.java:60)
at tests.LandingITest.closeApp(LandingITest.java:46)
at operation.BaseLanding.testCloseAppSwitch(BaseLanding.java:60)
at tests.LandingITest.closeApp(LandingITest.java:46)
at operation.BaseLanding.testCloseAppSwitch(BaseLanding.java:60)
at tests.LandingITest.closeApp(LandingITest.java:46)
at operation.BaseLanding.testCloseAppSwitch(BaseLanding.java:60)
at tests.LandingITest.closeApp(LandingITest.java:46)
at operation.BaseLanding.testCloseAppSwitch(BaseLanding.java:60)
at tests.LandingITest.closeApp(LandingITest.java:46)
at operation.BaseLanding.testCloseAppSwitch(BaseLanding.java:60)
at tests.LandingITest.closeApp(LandingITest.java:46)
at operation.BaseLanding.testCloseAppSwitch(BaseLanding.java:60)
at tests.LandingITest.closeApp(LandingITest.java:46)
at operation.BaseLanding.testCloseAppSwitch(BaseLanding.java:60)
at tests.LandingITest.closeApp(LandingITest.java:46)
at operation.BaseLanding.testCloseAppSwitch(BaseLanding.java:60)
at tests.LandingITest.closeApp(LandingITest.java:46)
at operation.BaseLanding.testCloseAppSwitch(BaseLanding.java:60)
at tests.LandingITest.closeApp(LandingITest.java:46)
at operation.BaseLanding.testCloseAppSwitch(BaseLanding.java:60)
at tests.LandingITest.closeApp(LandingITest.java:46)
at operation.BaseLanding.testCloseAppSwitch(BaseLanding.java:60)
at tests.LandingITest.closeApp(LandingITest.java:46)
at operation.BaseLanding.testCloseAppSwitch(BaseLanding.java:60)
at tests.LandingITest.closeApp(LandingITest.java:46)
at operation.BaseLanding.testCloseAppSwitch(BaseLanding.java:60)
at tests.LandingITest.closeApp(LandingITest.java:46)
at operation.BaseLanding.testCloseAppSwitch(BaseLanding.java:60)
at tests.LandingITest.closeApp(LandingITest.java:46)
at operation.BaseLanding.testCloseAppSwitch(BaseLanding.java:60)
at tests.LandingITest.closeApp(LandingITest.java:46)
at operation.BaseLanding.testCloseAppSwitch(BaseLanding.java:60)
at tests.LandingITest.closeApp(LandingITest.java:46)
at operation.BaseLanding.testCloseAppSwitch(BaseLanding.java:60)
at tests.LandingITest.closeApp(LandingITest.java:46)
at operation.BaseLanding.testCloseAppSwitch(BaseLanding.java:60)
at tests.LandingITest.closeApp(LandingITest.java:46)
at operation.BaseLanding.testCloseAppSwitch(BaseLanding.java:60)
at tests.LandingITest.closeApp(LandingITest.java:46)
at operation.BaseLanding.testCloseAppSwitch(BaseLanding.java:60)
at tests.LandingITest.closeApp(LandingITest.java:46)
at operation.BaseLanding.testCloseAppSwitch(BaseLanding.java:60)
at tests.LandingITest.closeApp(LandingITest.java:46)
at operation.BaseLanding.testCloseAppSwitch(BaseLanding.java:60)
at tests.LandingITest.closeApp(LandingITest.java:46)
at operation.BaseLanding.testCloseAppSwitch(BaseLanding.java:60)
at tests.LandingITest.closeApp(LandingITest.java:46)
at operation.BaseLanding.testCloseAppSwitch(BaseLanding.java:60)
at tests.LandingITest.closeApp(LandingITest.java:46)
at operation.BaseLanding.testCloseAppSwitch(BaseLanding.java:60)
at tests.LandingITest.closeApp(LandingITest.java:46)
at operation.BaseLanding.testCloseAppSwitch(BaseLanding.java:60)
at tests.LandingITest.closeApp(LandingITest.java:46)
at operation.BaseLanding.testCloseAppSwitch(BaseLanding.java:60)
at tests.LandingITest.closeApp(LandingITest.java:46)
at operation.BaseLanding.testCloseAppSwitch(BaseLanding.java:60)
at tests.LandingITest.closeApp(LandingITest.java:46)
at operation.BaseLanding.testCloseAppSwitch(BaseLanding.java:60)
at tests.LandingITest.closeApp(LandingITest.java:46)
at operation.BaseLanding.testCloseAppSwitch(BaseLanding.java:60)
at tests.LandingITest.closeApp(LandingITest.java:46)
at operation.BaseLanding.testCloseAppSwitch(BaseLanding.java:60)
at tests.LandingITest.closeApp(LandingITest.java:46)
at operation.BaseLanding.testCloseAppSwitch(BaseLanding.java:60)
at tests.LandingITest.closeApp(LandingITest.java:46)
at operation.BaseLanding.testCloseAppSwitch(BaseLanding.java:60)
at tests.LandingITest.closeApp(LandingITest.java:46)
at operation.BaseLanding.testCloseAppSwitch(BaseLanding.java:60)
at tests.LandingITest.closeApp(LandingITest.java:46)
at operation.BaseLanding.testCloseAppSwitch(BaseLanding.java:60)
at tests.LandingITest.closeApp(LandingITest.java:46)
at operation.BaseLanding.testCloseAppSwitch(BaseLanding.java:60)
at tests.LandingITest.closeApp(LandingITest.java:46)
at operation.BaseLanding.testCloseAppSwitch(BaseLanding.java:60)
at tests.LandingITest.closeApp(LandingITest.java:46)
at operation.BaseLanding.testCloseAppSwitch(BaseLanding.java:60)
at tests.LandingITest.closeApp(LandingITest.java:46)
at operation.BaseLanding.testCloseAppSwitch(BaseLanding.java:60)
at tests.LandingITest.closeApp(LandingITest.java:46)
at operation.BaseLanding.testCloseAppSwitch(BaseLanding.java:60)
at tests.LandingITest.closeApp(LandingITest.java:46)
at operation.BaseLanding.testCloseAppSwitch(BaseLanding.java:60)
at tests.LandingITest.closeApp(LandingITest.java:46)
at operation.BaseLanding.testCloseAppSwitch(BaseLanding.java:60)
at tests.LandingITest.closeApp(LandingITest.java:46)
at operation.BaseLanding.testCloseAppSwitch(BaseLanding.java:60)
at tests.LandingITest.closeApp(LandingITest.java:46)
at operation.BaseLanding.testCloseAppSwitch(BaseLanding.java:60)
at tests.LandingITest.closeApp(LandingITest.java:46)
at operation.BaseLanding.testCloseAppSwitch(BaseLanding.java:60)
at tests.LandingITest.closeApp(LandingITest.java:46)
at operation.BaseLanding.testCloseAppSwitch(BaseLanding.java:60)
at tests.LandingITest.closeApp(LandingITest.java:46)
at operation.BaseLanding.testCloseAppSwitch(BaseLanding.java:60)
at tests.LandingITest.closeApp(LandingITest.java:46)
at operation.BaseLanding.testCloseAppSwitch(BaseLanding.java:60)
at tests.LandingITest.closeApp(LandingITest.java:46)
at operation.BaseLanding.testCloseAppSwitch(BaseLanding.java:60)
at tests.LandingITest.closeApp(LandingITest.java:46)
at operation.BaseLanding.testCloseAppSwitch(BaseLanding.java:60)
at tests.LandingITest.closeApp(LandingITest.java:46)
at operation.BaseLanding.testCloseAppSwitch(BaseLanding.java:60)
at tests.LandingITest.closeApp(LandingITest.java:46)
at operation.BaseLanding.testCloseAppSwitch(BaseLanding.java:60)
at tests.LandingITest.closeApp(LandingITest.java:46)
at operation.BaseLanding.testCloseAppSwitch(BaseLanding.java:60)
at tests.LandingITest.closeApp(LandingITest.java:46)
at operation.BaseLanding.testCloseAppSwitch(BaseLanding.java:60)
at tests.LandingITest.closeApp(LandingITest.java:46)
at operation.BaseLanding.testCloseAppSwitch(BaseLanding.java:60)
at tests.LandingITest.closeApp(LandingITest.java:46)
at operation.BaseLanding.testCloseAppSwitch(BaseLanding.java:60)
at tests.LandingITest.closeApp(LandingITest.java:46)
at operation.BaseLanding.testCloseAppSwitch(BaseLanding.java:60)
at tests.LandingITest.closeApp(LandingITest.java:46)
at operation.BaseLanding.testCloseAppSwitch(BaseLanding.java:60)
at tests.LandingITest.closeApp(LandingITest.java:46)
at operation.BaseLanding.testCloseAppSwitch(BaseLanding.java:60)
at tests.LandingITest.closeApp(LandingITest.java:46)
at operation.BaseLanding.testCloseAppSwitch(BaseLanding.java:60)
at tests.LandingITest.closeApp(LandingITest.java:46)
at operation.BaseLanding.testCloseAppSwitch(BaseLanding.java:60)
at tests.LandingITest.closeApp(LandingITest.java:46)
at operation.BaseLanding.testCloseAppSwitch(BaseLanding.java:60)
at tests.LandingITest.closeApp(LandingITest.java:46)
at operation.BaseLanding.testCloseAppSwitch(BaseLanding.java:60)
at tests.LandingITest.closeApp(LandingITest.java:46)
at operation.BaseLanding.testCloseAppSwitch(BaseLanding.java:60)
at tests.LandingITest.closeApp(LandingITest.java:46)
at operation.BaseLanding.testCloseAppSwitch(BaseLanding.java:60)
at tests.LandingITest.closeApp(LandingITest.java:46)
at operation.BaseLanding.testCloseAppSwitch(BaseLanding.java:60)
at tests.LandingITest.closeApp(LandingITest.java:46)
at operation.BaseLanding.testCloseAppSwitch(BaseLanding.java:60)
at tests.LandingITest.closeApp(LandingITest.java:46)
at operation.BaseLanding.testCloseAppSwitch(BaseLanding.java:60)
at tests.LandingITest.closeApp(LandingITest.java:46)
at operation.BaseLanding.testCloseAppSwitch(BaseLanding.java:60)
at tests.LandingITest.closeApp(LandingITest.java:46)
at operation.BaseLanding.testCloseAppSwitch(BaseLanding.java:60)
at tests.LandingITest.closeApp(LandingITest.java:46)
at operation.BaseLanding.testCloseAppSwitch(BaseLanding.java:60)
at tests.LandingITest.closeApp(LandingITest.java:46)
at operation.BaseLanding.testCloseAppSwitch(BaseLanding.java:60)
at tests.LandingITest.closeApp(LandingITest.java:46)
at operation.BaseLanding.testCloseAppSwitch(BaseLanding.java:60)
at tests.LandingITest.closeApp(LandingITest.java:46)
at operation.BaseLanding.testCloseAppSwitch(BaseLanding.java:60)
at tests.LandingITest.closeApp(LandingITest.java:46)
at operation.BaseLanding.testCloseAppSwitch(BaseLanding.java:60)
at tests.LandingITest.closeApp(LandingITest.java:46)
at operation.BaseLanding.testCloseAppSwitch(BaseLanding.java:60)
at tests.LandingITest.closeApp(LandingITest.java:46)
at operation.BaseLanding.testCloseAppSwitch(BaseLanding.java:60)
at tests.LandingITest.closeApp(LandingITest.java:46)
at operation.BaseLanding.testCloseAppSwitch(BaseLanding.java:60)
at tests.LandingITest.closeApp(LandingITest.java:46)
at operation.BaseLanding.testCloseAppSwitch(BaseLanding.java:60)
at tests.LandingITest.closeApp(LandingITest.java:46)
at operation.BaseLanding.testCloseAppSwitch(BaseLanding.java:60)
at tests.LandingITest.closeApp(LandingITest.java:46)
at operation.BaseLanding.testCloseAppSwitch(BaseLanding.java:60)
at tests.LandingITest.closeApp(LandingITest.java:46)
at operation.BaseLanding.testCloseAppSwitch(BaseLanding.java:60)
at tests.LandingITest.closeApp(LandingITest.java:46)
at operation.BaseLanding.testCloseAppSwitch(BaseLanding.java:60)
at tests.LandingITest.closeApp(LandingITest.java:46)
at operation.BaseLanding.testCloseAppSwitch(BaseLanding.java:60)
at tests.LandingITest.closeApp(LandingITest.java:46)
at operation.BaseLanding.testCloseAppSwitch(BaseLanding.java:60)
at tests.LandingITest.closeApp(LandingITest.java:46)
at operation.BaseLanding.testCloseAppSwitch(BaseLanding.java:60)
at tests.LandingITest.closeApp(LandingITest.java:46)
at operation.BaseLanding.testCloseAppSwitch(BaseLanding.java:60)
at tests.LandingITest.closeApp(LandingITest.java:46)
at operation.BaseLanding.testCloseAppSwitch(BaseLanding.java:60)
at tests.LandingITest.closeApp(LandingITest.java:46)
at operation.BaseLanding.testCloseAppSwitch(BaseLanding.java:60)
at tests.LandingITest.closeApp(LandingITest.java:46)
at operation.BaseLanding.testCloseAppSwitch(BaseLanding.java:60)
at tests.LandingITest.closeApp(LandingITest.java:46)
at operation.BaseLanding.testCloseAppSwitch(BaseLanding.java:60)
at tests.LandingITest.closeApp(LandingITest.java:46)
at operation.BaseLanding.testCloseAppSwitch(BaseLanding.java:60)
at tests.LandingITest.closeApp(LandingITest.java:46)
at operation.BaseLanding.testCloseAppSwitch(BaseLanding.java:60)
at tests.LandingITest.closeApp(LandingITest.java:46)
at operation.BaseLanding.testCloseAppSwitch(BaseLanding.java:60)
at tests.LandingITest.closeApp(LandingITest.java:46)
at operation.BaseLanding.testCloseAppSwitch(BaseLanding.java:60)
at tests.LandingITest.closeApp(LandingITest.java:46)
at operation.BaseLanding.testCloseAppSwitch(BaseLanding.java:60)
at tests.LandingITest.closeApp(LandingITest.java:46)
at operation.BaseLanding.testCloseAppSwitch(BaseLanding.java:60)
at tests.LandingITest.closeApp(LandingITest.java:46)
at operation.BaseLanding.testCloseAppSwitch(BaseLanding.java:60)
at tests.LandingITest.closeApp(LandingITest.java:46)
at operation.BaseLanding.testCloseAppSwitch(BaseLanding.java:60)
at tests.LandingITest.closeApp(LandingITest.java:46)
at operation.BaseLanding.testCloseAppSwitch(BaseLanding.java:60)
at tests.LandingITest.closeApp(LandingITest.java:46)
at operation.BaseLanding.testCloseAppSwitch(BaseLanding.java:60)
at tests.LandingITest.closeApp(LandingITest.java:46)
at operation.BaseLanding.testCloseAppSwitch(BaseLanding.java:60)
at tests.LandingITest.closeApp(LandingITest.java:46)
at operation.BaseLanding.testCloseAppSwitch(BaseLanding.java:60)
at tests.LandingITest.closeApp(LandingITest.java:46)
at operation.BaseLanding.testCloseAppSwitch(BaseLanding.java:60)
at tests.LandingITest.closeApp(LandingITest.java:46)
at operation.BaseLanding.testCloseAppSwitch(BaseLanding.java:60)
at tests.LandingITest.closeApp(LandingITest.java:46)
at operation.BaseLanding.testCloseAppSwitch(BaseLanding.java:60)
at tests.LandingITest.closeApp(LandingITest.java:46)
at operation.BaseLanding.testCloseAppSwitch(BaseLanding.java:60)
at tests.LandingITest.closeApp(LandingITest.java:46)
at operation.BaseLanding.testCloseAppSwitch(BaseLanding.java:60)
at tests.LandingITest.closeApp(LandingITest.java:46)
at operation.BaseLanding.testCloseAppSwitch(BaseLanding.java:60)
at tests.LandingITest.closeApp(LandingITest.java:46)
at operation.BaseLanding.testCloseAppSwitch(BaseLanding.java:60)
at tests.LandingITest.closeApp(LandingITest.java:46)
at operation.BaseLanding.testCloseAppSwitch(BaseLanding.java:60)
at tests.LandingITest.closeApp(LandingITest.java:46)
at operation.BaseLanding.testCloseAppSwitch(BaseLanding.java:60)
at tests.LandingITest.closeApp(LandingITest.java:46)
at operation.BaseLanding.testCloseAppSwitch(BaseLanding.java:60)
at tests.LandingITest.closeApp(LandingITest.java:46)
at operation.BaseLanding.testCloseAppSwitch(BaseLanding.java:60)
at tests.LandingITest.closeApp(LandingITest.java:46)
at operation.BaseLanding.testCloseAppSwitch(BaseLanding.java:60)
at tests.LandingITest.closeApp(LandingITest.java:46)
at operation.BaseLanding.testCloseAppSwitch(BaseLanding.java:60)
at tests.LandingITest.closeApp(LandingITest.java:46)
at operation.BaseLanding.testCloseAppSwitch(BaseLanding.java:60)
at tests.LandingITest.closeApp(LandingITest.java:46)
at operation.BaseLanding.testCloseAppSwitch(BaseLanding.java:60)
at tests.LandingITest.closeApp(LandingITest.java:46)
at operation.BaseLanding.testCloseAppSwitch(BaseLanding.java:60)
at tests.LandingITest.closeApp(LandingITest.java:46)
at operation.BaseLanding.testCloseAppSwitch(BaseLanding.java:60)
at tests.LandingITest.closeApp(LandingITest.java:46)
at operation.BaseLanding.testCloseAppSwitch(BaseLanding.java:60)
at tests.LandingITest.closeApp(LandingITest.java:46)
at operation.BaseLanding.testCloseAppSwitch(BaseLanding.java:60)
at tests.LandingITest.closeApp(LandingITest.java:46)
at operation.BaseLanding.testCloseAppSwitch(BaseLanding.java:60)
at tests.LandingITest.closeApp(LandingITest.java:46)
at operation.BaseLanding.testCloseAppSwitch(BaseLanding.java:60)
at tests.LandingITest.closeApp(LandingITest.java:46)
at operation.BaseLanding.testCloseAppSwitch(BaseLanding.java:60)
at tests.LandingITest.closeApp(LandingITest.java:46)
at operation.BaseLanding.testCloseAppSwitch(BaseLanding.java:60)
at tests.LandingITest.closeApp(LandingITest.java:46)
at operation.BaseLanding.testCloseAppSwitch(BaseLanding.java:60)
at tests.LandingITest.closeApp(LandingITest.java:46)
at operation.BaseLanding.testCloseAppSwitch(BaseLanding.java:60)
at tests.LandingITest.closeApp(LandingITest.java:46)
at operation.BaseLanding.testCloseAppSwitch(BaseLanding.java:60)
at tests.LandingITest.closeApp(LandingITest.java:46)
at operation.BaseLanding.testCloseAppSwitch(BaseLanding.java:60)
at tests.LandingITest.closeApp(LandingITest.java:46)
at operation.BaseLanding.testCloseAppSwitch(BaseLanding.java:60)
at tests.LandingITest.closeApp(LandingITest.java:46)
at operation.BaseLanding.testCloseAppSwitch(BaseLanding.java:60)
at tests.LandingITest.closeApp(LandingITest.java:46)
at operation.BaseLanding.testCloseAppSwitch(BaseLanding.java:60)
at tests.LandingITest.closeApp(LandingITest.java:46)
at operation.BaseLanding.testCloseAppSwitch(BaseLanding.java:60)
at tests.LandingITest.closeApp(LandingITest.java:46)
at operation.BaseLanding.testCloseAppSwitch(BaseLanding.java:60)
at tests.LandingITest.closeApp(LandingITest.java:46)
at operation.BaseLanding.testCloseAppSwitch(BaseLanding.java:60)
at tests.LandingITest.closeApp(LandingITest.java:46)
at operation.BaseLanding.testCloseAppSwitch(BaseLanding.java:60)
at tests.LandingITest.closeApp(LandingITest.java:46)
at operation.BaseLanding.testCloseAppSwitch(BaseLanding.java:60)
at tests.LandingITest.closeApp(LandingITest.java:46)
at operation.BaseLanding.testCloseAppSwitch(BaseLanding.java:60)
at tests.LandingITest.closeApp(LandingITest.java:46)
at operation.BaseLanding.testCloseAppSwitch(BaseLanding.java:60)
at tests.LandingITest.closeApp(LandingITest.java:46)
at operation.BaseLanding.testCloseAppSwitch(BaseLanding.java:60)
at tests.LandingITest.closeApp(LandingITest.java:46)
at operation.BaseLanding.testCloseAppSwitch(BaseLanding.java:60)
at tests.LandingITest.closeApp(LandingITest.java:46)
at operation.BaseLanding.testCloseAppSwitch(BaseLanding.java:60)
at tests.LandingITest.closeApp(LandingITest.java:46)
at operation.BaseLanding.testCloseAppSwitch(BaseLanding.java:60)
at tests.LandingITest.closeApp(LandingITest.java:46)
at operation.BaseLanding.testCloseAppSwitch(BaseLanding.java:60)
at tests.LandingITest.closeApp(LandingITest.java:46)
at operation.BaseLanding.testCloseAppSwitch(BaseLanding.java:60)
at tests.LandingITest.closeApp(LandingITest.java:46)
at operation.BaseLanding.testCloseAppSwitch(BaseLanding.java:60)
at tests.LandingITest.closeApp(LandingITest.java:46)
at operation.BaseLanding.testCloseAppSwitch(BaseLanding.java:60)
at tests.LandingITest.closeApp(LandingITest.java:46)
at operation.BaseLanding.testCloseAppSwitch(BaseLanding.java:60)
at tests.LandingITest.closeApp(LandingITest.java:46)
at operation.BaseLanding.testCloseAppSwitch(BaseLanding.java:60)
at tests.LandingITest.closeApp(LandingITest.java:46)
at operation.BaseLanding.testCloseAppSwitch(BaseLanding.java:60)
at tests.LandingITest.closeApp(LandingITest.java:46)
at operation.BaseLanding.testCloseAppSwitch(BaseLanding.java:60)
at tests.LandingITest.closeApp(LandingITest.java:46)
at operation.BaseLanding.testCloseAppSwitch(BaseLanding.java:60)
at tests.LandingITest.closeApp(LandingITest.java:46)
at operation.BaseLanding.testCloseAppSwitch(BaseLanding.java:60)
at tests.LandingITest.closeApp(LandingITest.java:46)
at operation.BaseLanding.testCloseAppSwitch(BaseLanding.java:60)
at tests.LandingITest.closeApp(LandingITest.java:46)
at operation.BaseLanding.testCloseAppSwitch(BaseLanding.java:60)
at tests.LandingITest.closeApp(LandingITest.java:46)
at operation.BaseLanding.testCloseAppSwitch(BaseLanding.java:60)
at tests.LandingITest.closeApp(LandingITest.java:46)
at operation.BaseLanding.testCloseAppSwitch(BaseLanding.java:60)
at tests.LandingITest.closeApp(LandingITest.java:46)
at operation.BaseLanding.testCloseAppSwitch(BaseLanding.java:60)
at tests.LandingITest.closeApp(LandingITest.java:46)
at operation.BaseLanding.testCloseAppSwitch(BaseLanding.java:60)
at tests.LandingITest.closeApp(LandingITest.java:46)
at operation.BaseLanding.testCloseAppSwitch(BaseLanding.java:60)
at tests.LandingITest.closeApp(LandingITest.java:46)
at operation.BaseLanding.testCloseAppSwitch(BaseLanding.java:60)
at tests.LandingITest.closeApp(LandingITest.java:46)
at operation.BaseLanding.testCloseAppSwitch(BaseLanding.java:60)
at tests.LandingITest.closeApp(LandingITest.java:46)
at operation.BaseLanding.testCloseAppSwitch(BaseLanding.java:60)
at tests.LandingITest.closeApp(LandingITest.java:46)
at operation.BaseLanding.testCloseAppSwitch(BaseLanding.java:60)
at tests.LandingITest.closeApp(LandingITest.java:46)
at operation.BaseLanding.testCloseAppSwitch(BaseLanding.java:60)
at tests.LandingITest.closeApp(LandingITest.java:46)
at operation.BaseLanding.testCloseAppSwitch(BaseLanding.java:60)
at tests.LandingITest.closeApp(LandingITest.java:46)
at operation.BaseLanding.testCloseAppSwitch(BaseLanding.java:60)
at tests.LandingITest.closeApp(LandingITest.java:46)
at operation.BaseLanding.testCloseAppSwitch(BaseLanding.java:60)
at tests.LandingITest.closeApp(LandingITest.java:46)
at operation.BaseLanding.testCloseAppSwitch(BaseLanding.java:60)
at tests.LandingITest.closeApp(LandingITest.java:46)
at operation.BaseLanding.testCloseAppSwitch(BaseLanding.java:60)
at tests.LandingITest.closeApp(LandingITest.java:46)
at operation.BaseLanding.testCloseAppSwitch(BaseLanding.java:60)
at tests.LandingITest.closeApp(LandingITest.java:46)
at operation.BaseLanding.testCloseAppSwitch(BaseLanding.java:60)
at tests.LandingITest.closeApp(LandingITest.java:46)
at operation.BaseLanding.testCloseAppSwitch(BaseLanding.java:60)
at tests.LandingITest.closeApp(LandingITest.java:46)
at operation.BaseLanding.testCloseAppSwitch(BaseLanding.java:60)
at tests.LandingITest.closeApp(LandingITest.java:46)
at operation.BaseLanding.testCloseAppSwitch(BaseLanding.java:60)
at tests.LandingITest.closeApp(LandingITest.java:46)
at operation.BaseLanding.testCloseAppSwitch(BaseLanding.java:60)
at tests.LandingITest.closeApp(LandingITest.java:46)
at operation.BaseLanding.testCloseAppSwitch(BaseLanding.java:60)
at tests.LandingITest.closeApp(LandingITest.java:46)
at operation.BaseLanding.testCloseAppSwitch(BaseLanding.java:60)
at tests.LandingITest.closeApp(LandingITest.java:46)
at operation.BaseLanding.testCloseAppSwitch(BaseLanding.java:60)
at tests.LandingITest.closeApp(LandingITest.java:46)
at operation.BaseLanding.testCloseAppSwitch(BaseLanding.java:60)
at tests.LandingITest.closeApp(LandingITest.java:46)
at operation.BaseLanding.testCloseAppSwitch(BaseLanding.java:60)
at tests.LandingITest.closeApp(LandingITest.java:46)
at operation.BaseLanding.testCloseAppSwitch(BaseLanding.java:60)
at tests.LandingITest.closeApp(LandingITest.java:46)
at operation.BaseLanding.testCloseAppSwitch(BaseLanding.java:60)
at tests.LandingITest.closeApp(LandingITest.java:46)
at operation.BaseLanding.testCloseAppSwitch(BaseLanding.java:60)
at tests.LandingITest.closeApp(LandingITest.java:46)
at operation.BaseLanding.testCloseAppSwitch(BaseLanding.java:60)
at tests.LandingITest.closeApp(LandingITest.java:46)
at operation.BaseLanding.testCloseAppSwitch(BaseLanding.java:60)
at tests.LandingITest.closeApp(LandingITest.java:46)
at operation.BaseLanding.testCloseAppSwitch(BaseLanding.java:60)
at tests.LandingITest.closeApp(LandingITest.java:46)
at operation.BaseLanding.testCloseAppSwitch(BaseLanding.java:60)
at tests.LandingITest.closeApp(LandingITest.java:46)
at operation.BaseLanding.testCloseAppSwitch(BaseLanding.java:60)
at tests.LandingITest.closeApp(LandingITest.java:46)
at operation.BaseLanding.testCloseAppSwitch(BaseLanding.java:60)
at tests.LandingITest.closeApp(LandingITest.java:46)
at operation.BaseLanding.testCloseAppSwitch(BaseLanding.java:60)
at tests.LandingITest.closeApp(LandingITest.java:46)
at operation.BaseLanding.testCloseAppSwitch(BaseLanding.java:60)
at tests.LandingITest.closeApp(LandingITest.java:46)
at operation.BaseLanding.testCloseAppSwitch(BaseLanding.java:60)
at tests.LandingITest.closeApp(LandingITest.java:46)
at operation.BaseLanding.testCloseAppSwitch(BaseLanding.java:60)
at tests.LandingITest.closeApp(LandingITest.java:46)
at operation.BaseLanding.testCloseAppSwitch(BaseLanding.java:60)
at tests.LandingITest.closeApp(LandingITest.java:46)
at operation.BaseLanding.testCloseAppSwitch(BaseLanding.java:60)
at tests.LandingITest.closeApp(LandingITest.java:46)
at operation.BaseLanding.testCloseAppSwitch(BaseLanding.java:60)
at tests.LandingITest.closeApp(LandingITest.java:46)
at operation.BaseLanding.testCloseAppSwitch(BaseLanding.java:60)
at tests.LandingITest.closeApp(LandingITest.java:46)
at operation.BaseLanding.testCloseAppSwitch(BaseLanding.java:60)
at tests.LandingITest.closeApp(LandingITest.java:46)
at operation.BaseLanding.testCloseAppSwitch(BaseLanding.java:60)
at tests.LandingITest.closeApp(LandingITest.java:46)
at operation.BaseLanding.testCloseAppSwitch(BaseLanding.java:60)
at tests.LandingITest.closeApp(LandingITest.java:46)
at operation.BaseLanding.testCloseAppSwitch(BaseLanding.java:60)
at tests.LandingITest.closeApp(LandingITest.java:46)
at operation.BaseLanding.testCloseAppSwitch(BaseLanding.java:60)
at tests.LandingITest.closeApp(LandingITest.java:46)
at operation.BaseLanding.testCloseAppSwitch(BaseLanding.java:60)
at tests.LandingITest.closeApp(LandingITest.java:46)
at operation.BaseLanding.testCloseAppSwitch(BaseLanding.java:60)
at tests.LandingITest.closeApp(LandingITest.java:46)
at operation.BaseLanding.testCloseAppSwitch(BaseLanding.java:60)
at tests.LandingITest.closeApp(LandingITest.java:46)
at operation.BaseLanding.testCloseAppSwitch(BaseLanding.java:60)
at tests.LandingITest.closeApp(LandingITest.java:46)
at operation.BaseLanding.testCloseAppSwitch(BaseLanding.java:60)
at tests.LandingITest.closeApp(LandingITest.java:46)
at operation.BaseLanding.testCloseAppSwitch(BaseLanding.java:60)
at tests.LandingITest.closeApp(LandingITest.java:46)
at operation.BaseLanding.testCloseAppSwitch(BaseLanding.java:60)
at tests.LandingITest.closeApp(LandingITest.java:46)
at operation.BaseLanding.testCloseAppSwitch(BaseLanding.java:60)
at tests.LandingITest.closeApp(LandingITest.java:46)
at operation.BaseLanding.testCloseAppSwitch(BaseLanding.java:60)
at tests.LandingITest.closeApp(LandingITest.java:46)
at operation.BaseLanding.testCloseAppSwitch(BaseLanding.java:60)
at tests.LandingITest.closeApp(LandingITest.java:46)
at operation.BaseLanding.testCloseAppSwitch(BaseLanding.java:60)
at tests.LandingITest.closeApp(LandingITest.java:46)
at operation.BaseLanding.testCloseAppSwitch(BaseLanding.java:60)
at tests.LandingITest.closeApp(LandingITest.java:46)
at operation.BaseLanding.testCloseAppSwitch(BaseLanding.java:60)
at tests.LandingITest.closeApp(LandingITest.java:46)
at operation.BaseLanding.testCloseAppSwitch(BaseLanding.java:60)
at tests.LandingITest.closeApp(LandingITest.java:46)
at operation.BaseLanding.testCloseAppSwitch(BaseLanding.java:60)
at tests.LandingITest.closeApp(LandingITest.java:46)
at operation.BaseLanding.testCloseAppSwitch(BaseLanding.java:60)
at tests.LandingITest.closeApp(LandingITest.java:46)
at operation.BaseLanding.testCloseAppSwitch(BaseLanding.java:60)
at tests.LandingITest.closeApp(LandingITest.java:46)
at operation.BaseLanding.testCloseAppSwitch(BaseLanding.java:60)
at tests.LandingITest.closeApp(LandingITest.java:46)
at operation.BaseLanding.testCloseAppSwitch(BaseLanding.java:60)
at tests.LandingITest.closeApp(LandingITest.java:46)
at operation.BaseLanding.testCloseAppSwitch(BaseLanding.java:60)
at tests.LandingITest.closeApp(LandingITest.java:46)
at operation.BaseLanding.testCloseAppSwitch(BaseLanding.java:60)
at tests.LandingITest.closeApp(LandingITest.java:46)
at operation.BaseLanding.testCloseAppSwitch(BaseLanding.java:60)
at tests.LandingITest.closeApp(LandingITest.java:46)
at operation.BaseLanding.testCloseAppSwitch(BaseLanding.java:60)
at tests.LandingITest.closeApp(LandingITest.java:46)
at operation.BaseLanding.testCloseAppSwitch(BaseLanding.java:60)
at tests.LandingITest.closeApp(LandingITest.java:46)
at operation.BaseLanding.testCloseAppSwitch(BaseLanding.java:60)
at tests.LandingITest.closeApp(LandingITest.java:46)
at operation.BaseLanding.testCloseAppSwitch(BaseLanding.java:60)
at tests.LandingITest.closeApp(LandingITest.java:46)
at operation.BaseLanding.testCloseAppSwitch(BaseLanding.java:60)
at tests.LandingITest.closeApp(LandingITest.java:46)
at operation.BaseLanding.testCloseAppSwitch(BaseLanding.java:60)
at tests.LandingITest.closeApp(LandingITest.java:46)
at operation.BaseLanding.testCloseAppSwitch(BaseLanding.java:60)
at tests.LandingITest.closeApp(LandingITest.java:46)
at operation.BaseLanding.testCloseAppSwitch(BaseLanding.java:60)
at tests.LandingITest.closeApp(LandingITest.java:46)
at operation.BaseLanding.testCloseAppSwitch(BaseLanding.java:60)
at tests.LandingITest.closeApp(LandingITest.java:46)
at operation.BaseLanding.testCloseAppSwitch(BaseLanding.java:60)
at tests.LandingITest.closeApp(LandingITest.java:46)
at operation.BaseLanding.testCloseAppSwitch(BaseLanding.java:60)
at tests.LandingITest.closeApp(LandingITest.java:46)
at operation.BaseLanding.testCloseAppSwitch(BaseLanding.java:60)
at tests.LandingITest.closeApp(LandingITest.java:46)
at operation.BaseLanding.testCloseAppSwitch(BaseLanding.java:60)
at tests.LandingITest.closeApp(LandingITest.java:46)
at operation.BaseLanding.testCloseAppSwitch(BaseLanding.java:60)
at tests.LandingITest.closeApp(LandingITest.java:46)
at operation.BaseLanding.testCloseAppSwitch(BaseLanding.java:60)
at tests.LandingITest.closeApp(LandingITest.java:46)
at operation.BaseLanding.testCloseAppSwitch(BaseLanding.java:60)
at tests.LandingITest.closeApp(LandingITest.java:46)
at operation.BaseLanding.testCloseAppSwitch(BaseLanding.java:60)
at tests.LandingITest.closeApp(LandingITest.java:46)
at operation.BaseLanding.testCloseAppSwitch(BaseLanding.java:60)
at tests.LandingITest.closeApp(LandingITest.java:46)
at operation.BaseLanding.testCloseAppSwitch(BaseLanding.java:60)
at tests.LandingITest.closeApp(LandingITest.java:46)
at operation.BaseLanding.testCloseAppSwitch(BaseLanding.java:60)
at tests.LandingITest.closeApp(LandingITest.java:46)
at operation.BaseLanding.testCloseAppSwitch(BaseLanding.java:60)
at tests.LandingITest.closeApp(LandingITest.java:46)
at operation.BaseLanding.testCloseAppSwitch(BaseLanding.java:60)
at tests.LandingITest.closeApp(LandingITest.java:46)
at operation.BaseLanding.testCloseAppSwitch(BaseLanding.java:60)
at tests.LandingITest.closeApp(LandingITest.java:46)
at operation.BaseLanding.testCloseAppSwitch(BaseLanding.java:60)
at tests.LandingITest.closeApp(LandingITest.java:46)
at operation.BaseLanding.testCloseAppSwitch(BaseLanding.java:60)
at tests.LandingITest.closeApp(LandingITest.java:46)
at operation.BaseLanding.testCloseAppSwitch(BaseLanding.java:60)
at tests.LandingITest.closeApp(LandingITest.java:46)
at operation.BaseLanding.testCloseAppSwitch(BaseLanding.java:60)
at tests.LandingITest.closeApp(LandingITest.java:46)
at operation.BaseLanding.testCloseAppSwitch(BaseLanding.java:60)
at tests.LandingITest.closeApp(LandingITest.java:46)
at operation.BaseLanding.testCloseAppSwitch(BaseLanding.java:60)
at tests.LandingITest.closeApp(LandingITest.java:46)
at operation.BaseLanding.testCloseAppSwitch(BaseLanding.java:60)
at tests.LandingITest.closeApp(LandingITest.java:46)
at operation.BaseLanding.testCloseAppSwitch(BaseLanding.java:60)
at tests.LandingITest.closeApp(LandingITest.java:46)
at operation.BaseLanding.testCloseAppSwitch(BaseLanding.java:60)
at tests.LandingITest.closeApp(LandingITest.java:46)
at operation.BaseLanding.testCloseAppSwitch(BaseLanding.java:60)
at tests.LandingITest.closeApp(LandingITest.java:46)
at operation.BaseLanding.testCloseAppSwitch(BaseLanding.java:60)
at tests.LandingITest.closeApp(LandingITest.java:46)
at operation.BaseLanding.testCloseAppSwitch(BaseLanding.java:60)
at tests.LandingITest.closeApp(LandingITest.java:46)
at operation.BaseLanding.testCloseAppSwitch(BaseLanding.java:60)
at tests.LandingITest.closeApp(LandingITest.java:46)
at operation.BaseLanding.testCloseAppSwitch(BaseLanding.java:60)
at tests.LandingITest.closeApp(LandingITest.java:46)
at operation.BaseLanding.testCloseAppSwitch(BaseLanding.java:60)
at tests.LandingITest.closeApp(LandingITest.java:46)
at operation.BaseLanding.testCloseAppSwitch(BaseLanding.java:60)
at tests.LandingITest.closeApp(LandingITest.java:46)
at operation.BaseLanding.testCloseAppSwitch(BaseLanding.java:60)
at tests.LandingITest.closeApp(LandingITest.java:46)
at operation.BaseLanding.testCloseAppSwitch(BaseLanding.java:60)
at tests.LandingITest.closeApp(LandingITest.java:46)
at operation.BaseLanding.testCloseAppSwitch(BaseLanding.java:60)
at tests.LandingITest.closeApp(LandingITest.java:46)
at operation.BaseLanding.testCloseAppSwitch(BaseLanding.java:60)
at tests.LandingITest.closeApp(LandingITest.java:46)
at operation.BaseLanding.testCloseAppSwitch(BaseLanding.java:60)
at tests.LandingITest.closeApp(LandingITest.java:46)
at operation.BaseLanding.testCloseAppSwitch(BaseLanding.java:60)
at tests.LandingITest.closeApp(LandingITest.java:46)
at operation.BaseLanding.testCloseAppSwitch(BaseLanding.java:60)
at tests.LandingITest.closeApp(LandingITest.java:46)
at operation.BaseLanding.testCloseAppSwitch(BaseLanding.java:60)
at tests.LandingITest.closeApp(LandingITest.java:46)
at operation.BaseLanding.testCloseAppSwitch(BaseLanding.java:60)
at tests.LandingITest.closeApp(LandingITest.java:46)
at operation.BaseLanding.testCloseAppSwitch(BaseLanding.java:60)
at tests.LandingITest.closeApp(LandingITest.java:46)
at operation.BaseLanding.testCloseAppSwitch(BaseLanding.java:60)
at tests.LandingITest.closeApp(LandingITest.java:46)
at operation.BaseLanding.testCloseAppSwitch(BaseLanding.java:60)
at tests.LandingITest.closeApp(LandingITest.java:46)
at operation.BaseLanding.testCloseAppSwitch(BaseLanding.java:60)
at tests.LandingITest.closeApp(LandingITest.java:46)
at operation.BaseLanding.testCloseAppSwitch(BaseLanding.java:60)
at tests.LandingITest.closeApp(LandingITest.java:46)
at operation.BaseLanding.testCloseAppSwitch(BaseLanding.java:60)
at tests.LandingITest.closeApp(LandingITest.java:46)
at operation.BaseLanding.testCloseAppSwitch(BaseLanding.java:60)
at tests.LandingITest.closeApp(LandingITest.java:46)
at operation.BaseLanding.testCloseAppSwitch(BaseLanding.java:60)
at tests.LandingITest.closeApp(LandingITest.java:46)
at operation.BaseLanding.testCloseAppSwitch(BaseLanding.java:60)
at tests.LandingITest.closeApp(LandingITest.java:46)
at operation.BaseLanding.testCloseAppSwitch(BaseLanding.java:60)
at tests.LandingITest.closeApp(LandingITest.java:46)
at operation.BaseLanding.testCloseAppSwitch(BaseLanding.java:60)
at tests.LandingITest.closeApp(LandingITest.java:46)
at operation.BaseLanding.testCloseAppSwitch(BaseLanding.java:60)
at tests.LandingITest.closeApp(LandingITest.java:46)
at operation.BaseLanding.testCloseAppSwitch(BaseLanding.java:60)
at tests.LandingITest.closeApp(LandingITest.java:46)
at operation.BaseLanding.testCloseAppSwitch(BaseLanding.java:60)
at tests.LandingITest.closeApp(LandingITest.java:46)
at operation.BaseLanding.testCloseAppSwitch(BaseLanding.java:60)
at tests.LandingITest.closeApp(LandingITest.java:46)
at operation.BaseLanding.testCloseAppSwitch(BaseLanding.java:60)
at tests.LandingITest.closeApp(LandingITest.java:46)
at operation.BaseLanding.testCloseAppSwitch(BaseLanding.java:60)
at tests.LandingITest.closeApp(LandingITest.java:46)
at operation.BaseLanding.testCloseAppSwitch(BaseLanding.java:60)
at tests.LandingITest.closeApp(LandingITest.java:46)
at operation.BaseLanding.testCloseAppSwitch(BaseLanding.java:60)
at tests.LandingITest.closeApp(LandingITest.java:46)
at operation.BaseLanding.testCloseAppSwitch(BaseLanding.java:60)
at tests.LandingITest.closeApp(LandingITest.java:46)
at operation.BaseLanding.testCloseAppSwitch(BaseLanding.java:60)
at tests.LandingITest.closeApp(LandingITest.java:46)
at operation.BaseLanding.testCloseAppSwitch(BaseLanding.java:60)
at tests.LandingITest.closeApp(LandingITest.java:46)
at operation.BaseLanding.testCloseAppSwitch(BaseLanding.java:60)
at tests.LandingITest.closeApp(LandingITest.java:46)
at operation.BaseLanding.testCloseAppSwitch(BaseLanding.java:60)
at tests.LandingITest.closeApp(LandingITest.java:46)
at operation.BaseLanding.testCloseAppSwitch(BaseLanding.java:60)
at tests.LandingITest.closeApp(LandingITest.java:46)
at operation.BaseLanding.testCloseAppSwitch(BaseLanding.java:60)
at tests.LandingITest.closeApp(LandingITest.java:46)
at operation.BaseLanding.testCloseAppSwitch(BaseLanding.java:60)
at tests.LandingITest.closeApp(LandingITest.java:46)
at operation.BaseLanding.testCloseAppSwitch(BaseLanding.java:60)
at tests.LandingITest.closeApp(LandingITest.java:46)
at operation.BaseLanding.testCloseAppSwitch(BaseLanding.java:60)
at tests.LandingITest.closeApp(LandingITest.java:46)
at operation.BaseLanding.testCloseAppSwitch(BaseLanding.java:60)
at tests.LandingITest.closeApp(LandingITest.java:46)
at operation.BaseLanding.testCloseAppSwitch(BaseLanding.java:60)
at tests.LandingITest.closeApp(LandingITest.java:46)
at operation.BaseLanding.testCloseAppSwitch(BaseLanding.java:60)
at tests.LandingITest.closeApp(LandingITest.java:46)
at operation.BaseLanding.testCloseAppSwitch(BaseLanding.java:60)
at tests.LandingITest.closeApp(LandingITest.java:46)
at operation.BaseLanding.testCloseAppSwitch(BaseLanding.java:60)
at tests.LandingITest.closeApp(LandingITest.java:46)
at operation.BaseLanding.testCloseAppSwitch(BaseLanding.java:60)
at tests.LandingITest.closeApp(LandingITest.java:46)
at operation.BaseLanding.testCloseAppSwitch(BaseLanding.java:60)
at tests.LandingITest.closeApp(LandingITest.java:46)
at operation.BaseLanding.testCloseAppSwitch(BaseLanding.java:60)
at tests.LandingITest.closeApp(LandingITest.java:46)
at operation.BaseLanding.testCloseAppSwitch(BaseLanding.java:60)
at tests.LandingITest.closeApp(LandingITest.java:46)
at operation.BaseLanding.testCloseAppSwitch(BaseLanding.java:60)
at tests.LandingITest.closeApp(LandingITest.java:46)
at operation.BaseLanding.testCloseAppSwitch(BaseLanding.java:60)
at tests.LandingITest.closeApp(LandingITest.java:46)
at operation.BaseLanding.testCloseAppSwitch(BaseLanding.java:60)
at tests.LandingITest.closeApp(LandingITest.java:46)
at operation.BaseLanding.testCloseAppSwitch(BaseLanding.java:60)
at tests.LandingITest.closeApp(LandingITest.java:46)
at operation.BaseLanding.testCloseAppSwitch(BaseLanding.java:60)
at tests.LandingITest.closeApp(LandingITest.java:46)
at operation.BaseLanding.testCloseAppSwitch(BaseLanding.java:60)
at tests.LandingITest.closeApp(LandingITest.java:46)
at operation.BaseLanding.testCloseAppSwitch(BaseLanding.java:60)
at tests.LandingITest.closeApp(LandingITest.java:46)
at operation.BaseLanding.testCloseAppSwitch(BaseLanding.java:60)
at tests.LandingITest.closeApp(LandingITest.java:46)
at operation.BaseLanding.testCloseAppSwitch(BaseLanding.java:60)
at tests.LandingITest.closeApp(LandingITest.java:46)
at operation.BaseLanding.testCloseAppSwitch(BaseLanding.java:60)
at tests.LandingITest.closeApp(LandingITest.java:46)
at operation.BaseLanding.testCloseAppSwitch(BaseLanding.java:60)
at tests.LandingITest.closeApp(LandingITest.java:46)
at operation.BaseLanding.testCloseAppSwitch(BaseLanding.java:60)
at tests.LandingITest.closeApp(LandingITest.java:46)
at operation.BaseLanding.testCloseAppSwitch(BaseLanding.java:60)
at tests.LandingITest.closeApp(LandingITest.java:46)
at operation.BaseLanding.testCloseAppSwitch(BaseLanding.java:60)
at tests.LandingITest.closeApp(LandingITest.java:46)
at operation.BaseLanding.testCloseAppSwitch(BaseLanding.java:60)
at tests.LandingITest.closeApp(LandingITest.java:46)
at operation.BaseLanding.testCloseAppSwitch(BaseLanding.java:60)
at tests.LandingITest.closeApp(LandingITest.java:46)
at operation.BaseLanding.testCloseAppSwitch(BaseLanding.java:60)
at tests.LandingITest.closeApp(LandingITest.java:46)
at operation.BaseLanding.testCloseAppSwitch(BaseLanding.java:60)
at tests.LandingITest.closeApp(LandingITest.java:46)
at operation.BaseLanding.testCloseAppSwitch(BaseLanding.java:60)
at tests.LandingITest.closeApp(LandingITest.java:46)
at operation.BaseLanding.testCloseAppSwitch(BaseLanding.java:60)
at tests.LandingITest.closeApp(LandingITest.java:46)
at operation.BaseLanding.testCloseAppSwitch(BaseLanding.java:60)
at tests.LandingITest.closeApp(LandingITest.java:46)
at operation.BaseLanding.testCloseAppSwitch(BaseLanding.java:60)
at tests.LandingITest.closeApp(LandingITest.java:46)
at operation.BaseLanding.testCloseAppSwitch(BaseLanding.java:60)
at tests.LandingITest.closeApp(LandingITest.java:46)
at operation.BaseLanding.testCloseAppSwitch(BaseLanding.java:60)
at tests.LandingITest.closeApp(LandingITest.java:46)
at operation.BaseLanding.testCloseAppSwitch(BaseLanding.java:60)
at tests.LandingITest.closeApp(LandingITest.java:46)
at operation.BaseLanding.testCloseAppSwitch(BaseLanding.java:60)
at tests.LandingITest.closeApp(LandingITest.java:46)
at operation.BaseLanding.testCloseAppSwitch(BaseLanding.java:60)
at tests.LandingITest.closeApp(LandingITest.java:46)
at operation.BaseLanding.testCloseAppSwitch(BaseLanding.java:60)
at tests.LandingITest.closeApp(LandingITest.java:46)
at operation.BaseLanding.testCloseAppSwitch(BaseLanding.java:60)
at tests.LandingITest.closeApp(LandingITest.java:46)
at operation.BaseLanding.testCloseAppSwitch(BaseLanding.java:60)
at tests.LandingITest.closeApp(LandingITest.java:46)
at operation.BaseLanding.testCloseAppSwitch(BaseLanding.java:60)
at tests.LandingITest.closeApp(LandingITest.java:46)
at operation.BaseLanding.testCloseAppSwitch(BaseLanding.java:60)
at tests.LandingITest.closeApp(LandingITest.java:46)
at operation.BaseLanding.testCloseAppSwitch(BaseLanding.java:60)
at tests.LandingITest.closeApp(LandingITest.java:46)
at operation.BaseLanding.testCloseAppSwitch(BaseLanding.java:60)
at tests.LandingITest.closeApp(LandingITest.java:46)
at operation.BaseLanding.testCloseAppSwitch(BaseLanding.java:60)
at tests.LandingITest.closeApp(LandingITest.java:46)
at operation.BaseLanding.testCloseAppSwitch(BaseLanding.java:60)
at tests.LandingITest.closeApp(LandingITest.java:46)
at operation.BaseLanding.testCloseAppSwitch(BaseLanding.java:60)
at tests.LandingITest.closeApp(LandingITest.java:46)
at operation.BaseLanding.testCloseAppSwitch(BaseLanding.java:60)
at tests.LandingITest.closeApp(LandingITest.java:46)
at operation.BaseLanding.testCloseAppSwitch(BaseLanding.java:60)
at tests.LandingITest.closeApp(LandingITest.java:46)
at operation.BaseLanding.testCloseAppSwitch(BaseLanding.java:60)
at tests.LandingITest.closeApp(LandingITest.java:46)
at operation.BaseLanding.testCloseAppSwitch(BaseLanding.java:60)
at tests.LandingITest.closeApp(LandingITest.java:46)
at operation.BaseLanding.testCloseAppSwitch(BaseLanding.java:60)
at tests.LandingITest.closeApp(LandingITest.java:46)
at operation.BaseLanding.testCloseAppSwitch(BaseLanding.java:60)
at tests.LandingITest.closeApp(LandingITest.java:46)
at operation.BaseLanding.testCloseAppSwitch(BaseLanding.java:60)
at tests.LandingITest.closeApp(LandingITest.java:46)
at operation.BaseLanding.testCloseAppSwitch(BaseLanding.java:60)
at tests.LandingITest.closeApp(LandingITest.java:46)
at operation.BaseLanding.testCloseAppSwitch(BaseLanding.java:60)
at tests.LandingITest.closeApp(LandingITest.java:46)
at operation.BaseLanding.testCloseAppSwitch(BaseLanding.java:60)
at tests.LandingITest.closeApp(LandingITest.java:46)
at operation.BaseLanding.testCloseAppSwitch(BaseLanding.java:60)
at tests.LandingITest.closeApp(LandingITest.java:46)
at operation.BaseLanding.testCloseAppSwitch(BaseLanding.java:60)
at tests.LandingITest.closeApp(LandingITest.java:46)
at operation.BaseLanding.testCloseAppSwitch(BaseLanding.java:60)
at tests.LandingITest.closeApp(LandingITest.java:46)
at operation.BaseLanding.testCloseAppSwitch(BaseLanding.java:60)
at tests.LandingITest.closeApp(LandingITest.java:46)
at operation.BaseLanding.testCloseAppSwitch(BaseLanding.java:60)
at tests.LandingITest.closeApp(LandingITest.java:46)
at operation.BaseLanding.testCloseAppSwitch(BaseLanding.java:60)
at tests.LandingITest.closeApp(LandingITest.java:46)
at operation.BaseLanding.testCloseAppSwitch(BaseLanding.java:60)
at tests.LandingITest.closeApp(LandingITest.java:46)
at operation.BaseLanding.testCloseAppSwitch(BaseLanding.java:60)
at tests.LandingITest.closeApp(LandingITest.java:46)
at operation.BaseLanding.testCloseAppSwitch(BaseLanding.java:60)
at tests.LandingITest.closeApp(LandingITest.java:46)
at operation.BaseLanding.testCloseAppSwitch(BaseLanding.java:60)
at tests.LandingITest.closeApp(LandingITest.java:46)
at operation.BaseLanding.testCloseAppSwitch(BaseLanding.java:60)
at tests.LandingITest.closeApp(LandingITest.java:46)
at operation.BaseLanding.testCloseAppSwitch(BaseLanding.java:60)
at tests.LandingITest.closeApp(LandingITest.java:46)
at operation.BaseLanding.testCloseAppSwitch(BaseLanding.java:60)
at tests.LandingITest.closeApp(LandingITest.java:46)
at operation.BaseLanding.testCloseAppSwitch(BaseLanding.java:60)
at tests.LandingITest.closeApp(LandingITest.java:46)
at operation.BaseLanding.testCloseAppSwitch(BaseLanding.java:60)
at tests.LandingITest.closeApp(LandingITest.java:46)
at operation.BaseLanding.testCloseAppSwitch(BaseLanding.java:60)
at tests.LandingITest.closeApp(LandingITest.java:46)
at operation.BaseLanding.testCloseAppSwitch(BaseLanding.java:60)
at tests.LandingITest.closeApp(LandingITest.java:46)
at operation.BaseLanding.testCloseAppSwitch(BaseLanding.java:60)
at tests.LandingITest.closeApp(LandingITest.java:46)
at operation.BaseLanding.testCloseAppSwitch(BaseLanding.java:60)
at tests.LandingITest.closeApp(LandingITest.java:46)
at operation.BaseLanding.testCloseAppSwitch(BaseLanding.java:60)
at tests.LandingITest.closeApp(LandingITest.java:46)
at operation.BaseLanding.testCloseAppSwitch(BaseLanding.java:60)
at tests.LandingITest.closeApp(LandingITest.java:46)
at operation.BaseLanding.testCloseAppSwitch(BaseLanding.java:60)
at tests.LandingITest.closeApp(LandingITest.java:46)
at operation.BaseLanding.testCloseAppSwitch(BaseLanding.java:60)
at tests.LandingITest.closeApp(LandingITest.java:46)
at operation.BaseLanding.testCloseAppSwitch(BaseLanding.java:60)
at tests.LandingITest.closeApp(LandingITest.java:46)
at operation.BaseLanding.testCloseAppSwitch(BaseLanding.java:60)
at tests.LandingITest.closeApp(LandingITest.java:46)
at operation.BaseLanding.testCloseAppSwitch(BaseLanding.java:60)
at tests.LandingITest.closeApp(LandingITest.java:46)
at operation.BaseLanding.testCloseAppSwitch(BaseLanding.java:60)
at tests.LandingITest.closeApp(LandingITest.java:46)
at operation.BaseLanding.testCloseAppSwitch(BaseLanding.java:60)
at tests.LandingITest.closeApp(LandingITest.java:46)
at operation.BaseLanding.testCloseAppSwitch(BaseLanding.java:60)
at tests.LandingITest.closeApp(LandingITest.java:46)
at operation.BaseLanding.testCloseAppSwitch(BaseLanding.java:60)
at tests.LandingITest.closeApp(LandingITest.java:46)
at operation.BaseLanding.testCloseAppSwitch(BaseLanding.java:60)
at tests.LandingITest.closeApp(LandingITest.java:46)
at operation.BaseLanding.testCloseAppSwitch(BaseLanding.java:60)
at tests.LandingITest.closeApp(LandingITest.java:46)
at operation.BaseLanding.testCloseAppSwitch(BaseLanding.java:60)
at tests.LandingITest.closeApp(LandingITest.java:46)
at operation.BaseLanding.testCloseAppSwitch(BaseLanding.java:60)
at tests.LandingITest.closeApp(LandingITest.java:46)
at operation.BaseLanding.testCloseAppSwitch(BaseLanding.java:60)
at tests.LandingITest.closeApp(LandingITest.java:46)
at operation.BaseLanding.testCloseAppSwitch(BaseLanding.java:60)
at tests.LandingITest.closeApp(LandingITest.java:46)
at operation.BaseLanding.testCloseAppSwitch(BaseLanding.java:60)
at tests.LandingITest.closeApp(LandingITest.java:46)
at operation.BaseLanding.testCloseAppSwitch(BaseLanding.java:60)
at tests.LandingITest.closeApp(LandingITest.java:46)
at operation.BaseLanding.testCloseAppSwitch(BaseLanding.java:60)
at tests.LandingITest.closeApp(LandingITest.java:46)
at operation.BaseLanding.testCloseAppSwitch(BaseLanding.java:60)
at tests.LandingITest.closeApp(LandingITest.java:46)
at operation.BaseLanding.testCloseAppSwitch(BaseLanding.java:60)
at tests.LandingITest.closeApp(LandingITest.java:46)
at operation.BaseLanding.testCloseAppSwitch(BaseLanding.java:60)
at tests.LandingITest.closeApp(LandingITest.java:46)
at operation.BaseLanding.testCloseAppSwitch(BaseLanding.java:60)
at tests.LandingITest.closeApp(LandingITest.java:46)
at operation.BaseLanding.testCloseAppSwitch(BaseLanding.java:60)
at tests.LandingITest.closeApp(LandingITest.java:46)
at operation.BaseLanding.testCloseAppSwitch(BaseLanding.java:60)
at tests.LandingITest.closeApp(LandingITest.java:46)
at operation.BaseLanding.testCloseAppSwitch(BaseLanding.java:60)
at tests.LandingITest.closeApp(LandingITest.java:46)
at operation.BaseLanding.testCloseAppSwitch(BaseLanding.java:60)
at tests.LandingITest.closeApp(LandingITest.java:46)
at operation.BaseLanding.testCloseAppSwitch(BaseLanding.java:60)
at tests.LandingITest.closeApp(LandingITest.java:46)
at operation.BaseLanding.testCloseAppSwitch(BaseLanding.java:60)
at tests.LandingITest.closeApp(LandingITest.java:46)
at operation.BaseLanding.testCloseAppSwitch(BaseLanding.java:60)
at tests.LandingITest.closeApp(LandingITest.java:46)
at operation.BaseLanding.testCloseAppSwitch(BaseLanding.java:60)
at tests.LandingITest.closeApp(LandingITest.java:46)
at operation.BaseLanding.testCloseAppSwitch(BaseLanding.java:60)
at tests.LandingITest.closeApp(LandingITest.java:46)
at operation.BaseLanding.testCloseAppSwitch(BaseLanding.java:60)
at tests.LandingITest.closeApp(LandingITest.java:46)
at operation.BaseLanding.testCloseAppSwitch(BaseLanding.java:60)
at tests.LandingITest.closeApp(LandingITest.java:46)
at operation.BaseLanding.testCloseAppSwitch(BaseLanding.java:60)
at tests.LandingITest.closeApp(LandingITest.java:46)
at operation.BaseLanding.testCloseAppSwitch(BaseLanding.java:60)
at tests.LandingITest.closeApp(LandingITest.java:46)
at operation.BaseLanding.testCloseAppSwitch(BaseLanding.java:60)
at tests.LandingITest.closeApp(LandingITest.java:46)
at operation.BaseLanding.testCloseAppSwitch(BaseLanding.java:60)
at tests.LandingITest.closeApp(LandingITest.java:46)
at operation.BaseLanding.testCloseAppSwitch(BaseLanding.java:60)
at tests.LandingITest.closeApp(LandingITest.java:46)
at operation.BaseLanding.testCloseAppSwitch(BaseLanding.java:60)
at tests.LandingITest.closeApp(LandingITest.java:46)
at operation.BaseLanding.testCloseAppSwitch(BaseLanding.java:60)
at tests.LandingITest.closeApp(LandingITest.java:46)
at operation.BaseLanding.testCloseAppSwitch(BaseLanding.java:60)
at tests.LandingITest.closeApp(LandingITest.java:46)
at operation.BaseLanding.testCloseAppSwitch(BaseLanding.java:60)
at tests.LandingITest.closeApp(LandingITest.java:46)
at operation.BaseLanding.testCloseAppSwitch(BaseLanding.java:60)
at tests.LandingITest.closeApp(LandingITest.java:46)
at operation.BaseLanding.testCloseAppSwitch(BaseLanding.java:60)
at tests.LandingITest.closeApp(LandingITest.java:46)
at operation.BaseLanding.testCloseAppSwitch(BaseLanding.java:60)
at tests.LandingITest.closeApp(LandingITest.java:46)
at operation.BaseLanding.testCloseAppSwitch(BaseLanding.java:60)
at tests.LandingITest.closeApp(LandingITest.java:46)
at operation.BaseLanding.testCloseAppSwitch(BaseLanding.java:60)
at tests.LandingITest.closeApp(LandingITest.java:46)
at operation.BaseLanding.testCloseAppSwitch(BaseLanding.java:60)
at tests.LandingITest.closeApp(LandingITest.java:46)
at operation.BaseLanding.testCloseAppSwitch(BaseLanding.java:60)
at tests.LandingITest.closeApp(LandingITest.java:46)
at operation.BaseLanding.testCloseAppSwitch(BaseLanding.java:60)
at tests.LandingITest.closeApp(LandingITest.java:46)
at operation.BaseLanding.testCloseAppSwitch(BaseLanding.java:60)
at tests.LandingITest.closeApp(LandingITest.java:46)
at operation.BaseLanding.testCloseAppSwitch(BaseLanding.java:60)
at tests.LandingITest.closeApp(LandingITest.java:46)
at operation.BaseLanding.testCloseAppSwitch(BaseLanding.java:60)
at tests.LandingITest.closeApp(LandingITest.java:46)
at operation.BaseLanding.testCloseAppSwitch(BaseLanding.java:60)
at tests.LandingITest.closeApp(LandingITest.java:46)
at operation.BaseLanding.testCloseAppSwitch(BaseLanding.java:60)
at tests.LandingITest.closeApp(LandingITest.java:46)
at operation.BaseLanding.testCloseAppSwitch(BaseLanding.java:60)
at tests.LandingITest.closeApp(LandingITest.java:46)
at operation.BaseLanding.testCloseAppSwitch(BaseLanding.java:60)
at tests.LandingITest.closeApp(LandingITest.java:46)
at operation.BaseLanding.testCloseAppSwitch(BaseLanding.java:60)
at tests.LandingITest.closeApp(LandingITest.java:46)
at operation.BaseLanding.testCloseAppSwitch(BaseLanding.java:60)
at tests.LandingITest.closeApp(LandingITest.java:46)
at operation.BaseLanding.testCloseAppSwitch(BaseLanding.java:60)
at tests.LandingITest.closeApp(LandingITest.java:46)
at operation.BaseLanding.testCloseAppSwitch(BaseLanding.java:60)
at tests.LandingITest.closeApp(LandingITest.java:46)
at operation.BaseLanding.testCloseAppSwitch(BaseLanding.java:60)
at tests.LandingITest.closeApp(LandingITest.java:46)
at operation.BaseLanding.testCloseAppSwitch(BaseLanding.java:60)
at tests.LandingITest.closeApp(LandingITest.java:46)
]]>
    </error>
  </testcase> <!-- closeApp -->
  <testcase name="checkGoToLoginPage" time="16.217" classname="tests.LandingITest"/>
</testsuite> <!-- Runner.LandingITest -->
