<?xml version="1.0" encoding="UTF-8"?>
<!-- Generated by org.testng.reporters.JUnitReportReporter -->
<testsuite skipped="0" hostname="Faizals-MacBook-Pro.local" name="Runner.LandingITest" tests="4" failures="0" timestamp="30 Jun 2020 02:54:25 GMT" time="49.568" errors="1">
  <testcase name="closeApp" time="0.002" classname="Runner.LandingITest">
    <error type="java.lang.StackOverflowError">
      <![CDATA[java.lang.StackOverflowError
at Operation.BaseLanding.testCloseAppSwitch(BaseLanding.java:60)
at Runner.LandingITest.closeApp(LandingITest.java:46)
at Operation.BaseLanding.testCloseAppSwitch(BaseLanding.java:60)
at Runner.LandingITest.closeApp(LandingITest.java:46)
at Operation.BaseLanding.testCloseAppSwitch(BaseLanding.java:60)
at Runner.LandingITest.closeApp(LandingITest.java:46)
at Operation.BaseLanding.testCloseAppSwitch(BaseLanding.java:60)
at Runner.LandingITest.closeApp(LandingITest.java:46)
at Operation.BaseLanding.testCloseAppSwitch(BaseLanding.java:60)
at Runner.LandingITest.closeApp(LandingITest.java:46)
at Operation.BaseLanding.testCloseAppSwitch(BaseLanding.java:60)
at Runner.LandingITest.closeApp(LandingITest.java:46)
at Operation.BaseLanding.testCloseAppSwitch(BaseLanding.java:60)
at Runner.LandingITest.closeApp(LandingITest.java:46)
at Operation.BaseLanding.testCloseAppSwitch(BaseLanding.java:60)
at Runner.LandingITest.closeApp(LandingITest.java:46)
at Operation.BaseLanding.testCloseAppSwitch(BaseLanding.java:60)
at Runner.LandingITest.closeApp(LandingITest.java:46)
at Operation.BaseLanding.testCloseAppSwitch(BaseLanding.java:60)
at Runner.LandingITest.closeApp(LandingITest.java:46)
at Operation.BaseLanding.testCloseAppSwitch(BaseLanding.java:60)
at Runner.LandingITest.closeApp(LandingITest.java:46)
at Operation.BaseLanding.testCloseAppSwitch(BaseLanding.java:60)
at Runner.LandingITest.closeApp(LandingITest.java:46)
at Operation.BaseLanding.testCloseAppSwitch(BaseLanding.java:60)
at Runner.LandingITest.closeApp(LandingITest.java:46)
at Operation.BaseLanding.testCloseAppSwitch(BaseLanding.java:60)
at Runner.LandingITest.closeApp(LandingITest.java:46)
at Operation.BaseLanding.testCloseAppSwitch(BaseLanding.java:60)
at Runner.LandingITest.closeApp(LandingITest.java:46)
at Operation.BaseLanding.testCloseAppSwitch(BaseLanding.java:60)
at Runner.LandingITest.closeApp(LandingITest.java:46)
at Operation.BaseLanding.testCloseAppSwitch(BaseLanding.java:60)
at Runner.LandingITest.closeApp(LandingITest.java:46)
at Operation.BaseLanding.testCloseAppSwitch(BaseLanding.java:60)
at Runner.LandingITest.closeApp(LandingITest.java:46)
at Operation.BaseLanding.testCloseAppSwitch(BaseLanding.java:60)
at Runner.LandingITest.closeApp(LandingITest.java:46)
at Operation.BaseLanding.testCloseAppSwitch(BaseLanding.java:60)
at Runner.LandingITest.closeApp(LandingITest.java:46)
at Operation.BaseLanding.testCloseAppSwitch(BaseLanding.java:60)
at Runner.LandingITest.closeApp(LandingITest.java:46)
at Operation.BaseLanding.testCloseAppSwitch(BaseLanding.java:60)
at Runner.LandingITest.closeApp(LandingITest.java:46)
at Operation.BaseLanding.testCloseAppSwitch(BaseLanding.java:60)
at Runner.LandingITest.closeApp(LandingITest.java:46)
at Operation.BaseLanding.testCloseAppSwitch(BaseLanding.java:60)
at Runner.LandingITest.closeApp(LandingITest.java:46)
at Operation.BaseLanding.testCloseAppSwitch(BaseLanding.java:60)
at Runner.LandingITest.closeApp(LandingITest.java:46)
at Operation.BaseLanding.testCloseAppSwitch(BaseLanding.java:60)
at Runner.LandingITest.closeApp(LandingITest.java:46)
at Operation.BaseLanding.testCloseAppSwitch(BaseLanding.java:60)
at Runner.LandingITest.closeApp(LandingITest.java:46)
at Operation.BaseLanding.testCloseAppSwitch(BaseLanding.java:60)
at Runner.LandingITest.closeApp(LandingITest.java:46)
at Operation.BaseLanding.testCloseAppSwitch(BaseLanding.java:60)
at Runner.LandingITest.closeApp(LandingITest.java:46)
at Operation.BaseLanding.testCloseAppSwitch(BaseLanding.java:60)
at Runner.LandingITest.closeApp(LandingITest.java:46)
at Operation.BaseLanding.testCloseAppSwitch(BaseLanding.java:60)
at Runner.LandingITest.closeApp(LandingITest.java:46)
at Operation.BaseLanding.testCloseAppSwitch(BaseLanding.java:60)
at Runner.LandingITest.closeApp(LandingITest.java:46)
at Operation.BaseLanding.testCloseAppSwitch(BaseLanding.java:60)
at Runner.LandingITest.closeApp(LandingITest.java:46)
at Operation.BaseLanding.testCloseAppSwitch(BaseLanding.java:60)
at Runner.LandingITest.closeApp(LandingITest.java:46)
at Operation.BaseLanding.testCloseAppSwitch(BaseLanding.java:60)
at Runner.LandingITest.closeApp(LandingITest.java:46)
at Operation.BaseLanding.testCloseAppSwitch(BaseLanding.java:60)
at Runner.LandingITest.closeApp(LandingITest.java:46)
at Operation.BaseLanding.testCloseAppSwitch(BaseLanding.java:60)
at Runner.LandingITest.closeApp(LandingITest.java:46)
at Operation.BaseLanding.testCloseAppSwitch(BaseLanding.java:60)
at Runner.LandingITest.closeApp(LandingITest.java:46)
at Operation.BaseLanding.testCloseAppSwitch(BaseLanding.java:60)
at Runner.LandingITest.closeApp(LandingITest.java:46)
at Operation.BaseLanding.testCloseAppSwitch(BaseLanding.java:60)
at Runner.LandingITest.closeApp(LandingITest.java:46)
at Operation.BaseLanding.testCloseAppSwitch(BaseLanding.java:60)
at Runner.LandingITest.closeApp(LandingITest.java:46)
at Operation.BaseLanding.testCloseAppSwitch(BaseLanding.java:60)
at Runner.LandingITest.closeApp(LandingITest.java:46)
at Operation.BaseLanding.testCloseAppSwitch(BaseLanding.java:60)
at Runner.LandingITest.closeApp(LandingITest.java:46)
at Operation.BaseLanding.testCloseAppSwitch(BaseLanding.java:60)
at Runner.LandingITest.closeApp(LandingITest.java:46)
at Operation.BaseLanding.testCloseAppSwitch(BaseLanding.java:60)
at Runner.LandingITest.closeApp(LandingITest.java:46)
at Operation.BaseLanding.testCloseAppSwitch(BaseLanding.java:60)
at Runner.LandingITest.closeApp(LandingITest.java:46)
at Operation.BaseLanding.testCloseAppSwitch(BaseLanding.java:60)
at Runner.LandingITest.closeApp(LandingITest.java:46)
at Operation.BaseLanding.testCloseAppSwitch(BaseLanding.java:60)
at Runner.LandingITest.closeApp(LandingITest.java:46)
at Operation.BaseLanding.testCloseAppSwitch(BaseLanding.java:60)
at Runner.LandingITest.closeApp(LandingITest.java:46)
at Operation.BaseLanding.testCloseAppSwitch(BaseLanding.java:60)
at Runner.LandingITest.closeApp(LandingITest.java:46)
at Operation.BaseLanding.testCloseAppSwitch(BaseLanding.java:60)
at Runner.LandingITest.closeApp(LandingITest.java:46)
at Operation.BaseLanding.testCloseAppSwitch(BaseLanding.java:60)
at Runner.LandingITest.closeApp(LandingITest.java:46)
at Operation.BaseLanding.testCloseAppSwitch(BaseLanding.java:60)
at Runner.LandingITest.closeApp(LandingITest.java:46)
at Operation.BaseLanding.testCloseAppSwitch(BaseLanding.java:60)
at Runner.LandingITest.closeApp(LandingITest.java:46)
at Operation.BaseLanding.testCloseAppSwitch(BaseLanding.java:60)
at Runner.LandingITest.closeApp(LandingITest.java:46)
at Operation.BaseLanding.testCloseAppSwitch(BaseLanding.java:60)
at Runner.LandingITest.closeApp(LandingITest.java:46)
at Operation.BaseLanding.testCloseAppSwitch(BaseLanding.java:60)
at Runner.LandingITest.closeApp(LandingITest.java:46)
at Operation.BaseLanding.testCloseAppSwitch(BaseLanding.java:60)
at Runner.LandingITest.closeApp(LandingITest.java:46)
at Operation.BaseLanding.testCloseAppSwitch(BaseLanding.java:60)
at Runner.LandingITest.closeApp(LandingITest.java:46)
at Operation.BaseLanding.testCloseAppSwitch(BaseLanding.java:60)
at Runner.LandingITest.closeApp(LandingITest.java:46)
at Operation.BaseLanding.testCloseAppSwitch(BaseLanding.java:60)
at Runner.LandingITest.closeApp(LandingITest.java:46)
at Operation.BaseLanding.testCloseAppSwitch(BaseLanding.java:60)
at Runner.LandingITest.closeApp(LandingITest.java:46)
at Operation.BaseLanding.testCloseAppSwitch(BaseLanding.java:60)
at Runner.LandingITest.closeApp(LandingITest.java:46)
at Operation.BaseLanding.testCloseAppSwitch(BaseLanding.java:60)
at Runner.LandingITest.closeApp(LandingITest.java:46)
at Operation.BaseLanding.testCloseAppSwitch(BaseLanding.java:60)
at Runner.LandingITest.closeApp(LandingITest.java:46)
at Operation.BaseLanding.testCloseAppSwitch(BaseLanding.java:60)
at Runner.LandingITest.closeApp(LandingITest.java:46)
at Operation.BaseLanding.testCloseAppSwitch(BaseLanding.java:60)
at Runner.LandingITest.closeApp(LandingITest.java:46)
at Operation.BaseLanding.testCloseAppSwitch(BaseLanding.java:60)
at Runner.LandingITest.closeApp(LandingITest.java:46)
at Operation.BaseLanding.testCloseAppSwitch(BaseLanding.java:60)
at Runner.LandingITest.closeApp(LandingITest.java:46)
at Operation.BaseLanding.testCloseAppSwitch(BaseLanding.java:60)
at Runner.LandingITest.closeApp(LandingITest.java:46)
at Operation.BaseLanding.testCloseAppSwitch(BaseLanding.java:60)
at Runner.LandingITest.closeApp(LandingITest.java:46)
at Operation.BaseLanding.testCloseAppSwitch(BaseLanding.java:60)
at Runner.LandingITest.closeApp(LandingITest.java:46)
at Operation.BaseLanding.testCloseAppSwitch(BaseLanding.java:60)
at Runner.LandingITest.closeApp(LandingITest.java:46)
at Operation.BaseLanding.testCloseAppSwitch(BaseLanding.java:60)
at Runner.LandingITest.closeApp(LandingITest.java:46)
at Operation.BaseLanding.testCloseAppSwitch(BaseLanding.java:60)
at Runner.LandingITest.closeApp(LandingITest.java:46)
at Operation.BaseLanding.testCloseAppSwitch(BaseLanding.java:60)
at Runner.LandingITest.closeApp(LandingITest.java:46)
at Operation.BaseLanding.testCloseAppSwitch(BaseLanding.java:60)
at Runner.LandingITest.closeApp(LandingITest.java:46)
at Operation.BaseLanding.testCloseAppSwitch(BaseLanding.java:60)
at Runner.LandingITest.closeApp(LandingITest.java:46)
at Operation.BaseLanding.testCloseAppSwitch(BaseLanding.java:60)
at Runner.LandingITest.closeApp(LandingITest.java:46)
at Operation.BaseLanding.testCloseAppSwitch(BaseLanding.java:60)
at Runner.LandingITest.closeApp(LandingITest.java:46)
at Operation.BaseLanding.testCloseAppSwitch(BaseLanding.java:60)
at Runner.LandingITest.closeApp(LandingITest.java:46)
at Operation.BaseLanding.testCloseAppSwitch(BaseLanding.java:60)
at Runner.LandingITest.closeApp(LandingITest.java:46)
at Operation.BaseLanding.testCloseAppSwitch(BaseLanding.java:60)
at Runner.LandingITest.closeApp(LandingITest.java:46)
at Operation.BaseLanding.testCloseAppSwitch(BaseLanding.java:60)
at Runner.LandingITest.closeApp(LandingITest.java:46)
at Operation.BaseLanding.testCloseAppSwitch(BaseLanding.java:60)
at Runner.LandingITest.closeApp(LandingITest.java:46)
at Operation.BaseLanding.testCloseAppSwitch(BaseLanding.java:60)
at Runner.LandingITest.closeApp(LandingITest.java:46)
at Operation.BaseLanding.testCloseAppSwitch(BaseLanding.java:60)
at Runner.LandingITest.closeApp(LandingITest.java:46)
at Operation.BaseLanding.testCloseAppSwitch(BaseLanding.java:60)
at Runner.LandingITest.closeApp(LandingITest.java:46)
at Operation.BaseLanding.testCloseAppSwitch(BaseLanding.java:60)
at Runner.LandingITest.closeApp(LandingITest.java:46)
at Operation.BaseLanding.testCloseAppSwitch(BaseLanding.java:60)
at Runner.LandingITest.closeApp(LandingITest.java:46)
at Operation.BaseLanding.testCloseAppSwitch(BaseLanding.java:60)
at Runner.LandingITest.closeApp(LandingITest.java:46)
at Operation.BaseLanding.testCloseAppSwitch(BaseLanding.java:60)
at Runner.LandingITest.closeApp(LandingITest.java:46)
at Operation.BaseLanding.testCloseAppSwitch(BaseLanding.java:60)
at Runner.LandingITest.closeApp(LandingITest.java:46)
at Operation.BaseLanding.testCloseAppSwitch(BaseLanding.java:60)
at Runner.LandingITest.closeApp(LandingITest.java:46)
at Operation.BaseLanding.testCloseAppSwitch(BaseLanding.java:60)
at Runner.LandingITest.closeApp(LandingITest.java:46)
at Operation.BaseLanding.testCloseAppSwitch(BaseLanding.java:60)
at Runner.LandingITest.closeApp(LandingITest.java:46)
at Operation.BaseLanding.testCloseAppSwitch(BaseLanding.java:60)
at Runner.LandingITest.closeApp(LandingITest.java:46)
at Operation.BaseLanding.testCloseAppSwitch(BaseLanding.java:60)
at Runner.LandingITest.closeApp(LandingITest.java:46)
at Operation.BaseLanding.testCloseAppSwitch(BaseLanding.java:60)
at Runner.LandingITest.closeApp(LandingITest.java:46)
at Operation.BaseLanding.testCloseAppSwitch(BaseLanding.java:60)
at Runner.LandingITest.closeApp(LandingITest.java:46)
at Operation.BaseLanding.testCloseAppSwitch(BaseLanding.java:60)
at Runner.LandingITest.closeApp(LandingITest.java:46)
at Operation.BaseLanding.testCloseAppSwitch(BaseLanding.java:60)
at Runner.LandingITest.closeApp(LandingITest.java:46)
at Operation.BaseLanding.testCloseAppSwitch(BaseLanding.java:60)
at Runner.LandingITest.closeApp(LandingITest.java:46)
at Operation.BaseLanding.testCloseAppSwitch(BaseLanding.java:60)
at Runner.LandingITest.closeApp(LandingITest.java:46)
at Operation.BaseLanding.testCloseAppSwitch(BaseLanding.java:60)
at Runner.LandingITest.closeApp(LandingITest.java:46)
at Operation.BaseLanding.testCloseAppSwitch(BaseLanding.java:60)
at Runner.LandingITest.closeApp(LandingITest.java:46)
at Operation.BaseLanding.testCloseAppSwitch(BaseLanding.java:60)
at Runner.LandingITest.closeApp(LandingITest.java:46)
at Operation.BaseLanding.testCloseAppSwitch(BaseLanding.java:60)
at Runner.LandingITest.closeApp(LandingITest.java:46)
at Operation.BaseLanding.testCloseAppSwitch(BaseLanding.java:60)
at Runner.LandingITest.closeApp(LandingITest.java:46)
at Operation.BaseLanding.testCloseAppSwitch(BaseLanding.java:60)
at Runner.LandingITest.closeApp(LandingITest.java:46)
at Operation.BaseLanding.testCloseAppSwitch(BaseLanding.java:60)
at Runner.LandingITest.closeApp(LandingITest.java:46)
at Operation.BaseLanding.testCloseAppSwitch(BaseLanding.java:60)
at Runner.LandingITest.closeApp(LandingITest.java:46)
at Operation.BaseLanding.testCloseAppSwitch(BaseLanding.java:60)
at Runner.LandingITest.closeApp(LandingITest.java:46)
at Operation.BaseLanding.testCloseAppSwitch(BaseLanding.java:60)
at Runner.LandingITest.closeApp(LandingITest.java:46)
at Operation.BaseLanding.testCloseAppSwitch(BaseLanding.java:60)
at Runner.LandingITest.closeApp(LandingITest.java:46)
at Operation.BaseLanding.testCloseAppSwitch(BaseLanding.java:60)
at Runner.LandingITest.closeApp(LandingITest.java:46)
at Operation.BaseLanding.testCloseAppSwitch(BaseLanding.java:60)
at Runner.LandingITest.closeApp(LandingITest.java:46)
at Operation.BaseLanding.testCloseAppSwitch(BaseLanding.java:60)
at Runner.LandingITest.closeApp(LandingITest.java:46)
at Operation.BaseLanding.testCloseAppSwitch(BaseLanding.java:60)
at Runner.LandingITest.closeApp(LandingITest.java:46)
at Operation.BaseLanding.testCloseAppSwitch(BaseLanding.java:60)
at Runner.LandingITest.closeApp(LandingITest.java:46)
at Operation.BaseLanding.testCloseAppSwitch(BaseLanding.java:60)
at Runner.LandingITest.closeApp(LandingITest.java:46)
at Operation.BaseLanding.testCloseAppSwitch(BaseLanding.java:60)
at Runner.LandingITest.closeApp(LandingITest.java:46)
at Operation.BaseLanding.testCloseAppSwitch(BaseLanding.java:60)
at Runner.LandingITest.closeApp(LandingITest.java:46)
at Operation.BaseLanding.testCloseAppSwitch(BaseLanding.java:60)
at Runner.LandingITest.closeApp(LandingITest.java:46)
at Operation.BaseLanding.testCloseAppSwitch(BaseLanding.java:60)
at Runner.LandingITest.closeApp(LandingITest.java:46)
at Operation.BaseLanding.testCloseAppSwitch(BaseLanding.java:60)
at Runner.LandingITest.closeApp(LandingITest.java:46)
at Operation.BaseLanding.testCloseAppSwitch(BaseLanding.java:60)
at Runner.LandingITest.closeApp(LandingITest.java:46)
at Operation.BaseLanding.testCloseAppSwitch(BaseLanding.java:60)
at Runner.LandingITest.closeApp(LandingITest.java:46)
at Operation.BaseLanding.testCloseAppSwitch(BaseLanding.java:60)
at Runner.LandingITest.closeApp(LandingITest.java:46)
at Operation.BaseLanding.testCloseAppSwitch(BaseLanding.java:60)
at Runner.LandingITest.closeApp(LandingITest.java:46)
at Operation.BaseLanding.testCloseAppSwitch(BaseLanding.java:60)
at Runner.LandingITest.closeApp(LandingITest.java:46)
at Operation.BaseLanding.testCloseAppSwitch(BaseLanding.java:60)
at Runner.LandingITest.closeApp(LandingITest.java:46)
at Operation.BaseLanding.testCloseAppSwitch(BaseLanding.java:60)
at Runner.LandingITest.closeApp(LandingITest.java:46)
at Operation.BaseLanding.testCloseAppSwitch(BaseLanding.java:60)
at Runner.LandingITest.closeApp(LandingITest.java:46)
at Operation.BaseLanding.testCloseAppSwitch(BaseLanding.java:60)
at Runner.LandingITest.closeApp(LandingITest.java:46)
at Operation.BaseLanding.testCloseAppSwitch(BaseLanding.java:60)
at Runner.LandingITest.closeApp(LandingITest.java:46)
at Operation.BaseLanding.testCloseAppSwitch(BaseLanding.java:60)
at Runner.LandingITest.closeApp(LandingITest.java:46)
at Operation.BaseLanding.testCloseAppSwitch(BaseLanding.java:60)
at Runner.LandingITest.closeApp(LandingITest.java:46)
at Operation.BaseLanding.testCloseAppSwitch(BaseLanding.java:60)
at Runner.LandingITest.closeApp(LandingITest.java:46)
at Operation.BaseLanding.testCloseAppSwitch(BaseLanding.java:60)
at Runner.LandingITest.closeApp(LandingITest.java:46)
at Operation.BaseLanding.testCloseAppSwitch(BaseLanding.java:60)
at Runner.LandingITest.closeApp(LandingITest.java:46)
at Operation.BaseLanding.testCloseAppSwitch(BaseLanding.java:60)
at Runner.LandingITest.closeApp(LandingITest.java:46)
at Operation.BaseLanding.testCloseAppSwitch(BaseLanding.java:60)
at Runner.LandingITest.closeApp(LandingITest.java:46)
at Operation.BaseLanding.testCloseAppSwitch(BaseLanding.java:60)
at Runner.LandingITest.closeApp(LandingITest.java:46)
at Operation.BaseLanding.testCloseAppSwitch(BaseLanding.java:60)
at Runner.LandingITest.closeApp(LandingITest.java:46)
at Operation.BaseLanding.testCloseAppSwitch(BaseLanding.java:60)
at Runner.LandingITest.closeApp(LandingITest.java:46)
at Operation.BaseLanding.testCloseAppSwitch(BaseLanding.java:60)
at Runner.LandingITest.closeApp(LandingITest.java:46)
at Operation.BaseLanding.testCloseAppSwitch(BaseLanding.java:60)
at Runner.LandingITest.closeApp(LandingITest.java:46)
at Operation.BaseLanding.testCloseAppSwitch(BaseLanding.java:60)
at Runner.LandingITest.closeApp(LandingITest.java:46)
at Operation.BaseLanding.testCloseAppSwitch(BaseLanding.java:60)
at Runner.LandingITest.closeApp(LandingITest.java:46)
at Operation.BaseLanding.testCloseAppSwitch(BaseLanding.java:60)
at Runner.LandingITest.closeApp(LandingITest.java:46)
at Operation.BaseLanding.testCloseAppSwitch(BaseLanding.java:60)
at Runner.LandingITest.closeApp(LandingITest.java:46)
at Operation.BaseLanding.testCloseAppSwitch(BaseLanding.java:60)
at Runner.LandingITest.closeApp(LandingITest.java:46)
at Operation.BaseLanding.testCloseAppSwitch(BaseLanding.java:60)
at Runner.LandingITest.closeApp(LandingITest.java:46)
at Operation.BaseLanding.testCloseAppSwitch(BaseLanding.java:60)
at Runner.LandingITest.closeApp(LandingITest.java:46)
at Operation.BaseLanding.testCloseAppSwitch(BaseLanding.java:60)
at Runner.LandingITest.closeApp(LandingITest.java:46)
at Operation.BaseLanding.testCloseAppSwitch(BaseLanding.java:60)
at Runner.LandingITest.closeApp(LandingITest.java:46)
at Operation.BaseLanding.testCloseAppSwitch(BaseLanding.java:60)
at Runner.LandingITest.closeApp(LandingITest.java:46)
at Operation.BaseLanding.testCloseAppSwitch(BaseLanding.java:60)
at Runner.LandingITest.closeApp(LandingITest.java:46)
at Operation.BaseLanding.testCloseAppSwitch(BaseLanding.java:60)
at Runner.LandingITest.closeApp(LandingITest.java:46)
at Operation.BaseLanding.testCloseAppSwitch(BaseLanding.java:60)
at Runner.LandingITest.closeApp(LandingITest.java:46)
at Operation.BaseLanding.testCloseAppSwitch(BaseLanding.java:60)
at Runner.LandingITest.closeApp(LandingITest.java:46)
at Operation.BaseLanding.testCloseAppSwitch(BaseLanding.java:60)
at Runner.LandingITest.closeApp(LandingITest.java:46)
at Operation.BaseLanding.testCloseAppSwitch(BaseLanding.java:60)
at Runner.LandingITest.closeApp(LandingITest.java:46)
at Operation.BaseLanding.testCloseAppSwitch(BaseLanding.java:60)
at Runner.LandingITest.closeApp(LandingITest.java:46)
at Operation.BaseLanding.testCloseAppSwitch(BaseLanding.java:60)
at Runner.LandingITest.closeApp(LandingITest.java:46)
at Operation.BaseLanding.testCloseAppSwitch(BaseLanding.java:60)
at Runner.LandingITest.closeApp(LandingITest.java:46)
at Operation.BaseLanding.testCloseAppSwitch(BaseLanding.java:60)
at Runner.LandingITest.closeApp(LandingITest.java:46)
at Operation.BaseLanding.testCloseAppSwitch(BaseLanding.java:60)
at Runner.LandingITest.closeApp(LandingITest.java:46)
at Operation.BaseLanding.testCloseAppSwitch(BaseLanding.java:60)
at Runner.LandingITest.closeApp(LandingITest.java:46)
at Operation.BaseLanding.testCloseAppSwitch(BaseLanding.java:60)
at Runner.LandingITest.closeApp(LandingITest.java:46)
at Operation.BaseLanding.testCloseAppSwitch(BaseLanding.java:60)
at Runner.LandingITest.closeApp(LandingITest.java:46)
at Operation.BaseLanding.testCloseAppSwitch(BaseLanding.java:60)
at Runner.LandingITest.closeApp(LandingITest.java:46)
at Operation.BaseLanding.testCloseAppSwitch(BaseLanding.java:60)
at Runner.LandingITest.closeApp(LandingITest.java:46)
at Operation.BaseLanding.testCloseAppSwitch(BaseLanding.java:60)
at Runner.LandingITest.closeApp(LandingITest.java:46)
at Operation.BaseLanding.testCloseAppSwitch(BaseLanding.java:60)
at Runner.LandingITest.closeApp(LandingITest.java:46)
at Operation.BaseLanding.testCloseAppSwitch(BaseLanding.java:60)
at Runner.LandingITest.closeApp(LandingITest.java:46)
at Operation.BaseLanding.testCloseAppSwitch(BaseLanding.java:60)
at Runner.LandingITest.closeApp(LandingITest.java:46)
at Operation.BaseLanding.testCloseAppSwitch(BaseLanding.java:60)
at Runner.LandingITest.closeApp(LandingITest.java:46)
at Operation.BaseLanding.testCloseAppSwitch(BaseLanding.java:60)
at Runner.LandingITest.closeApp(LandingITest.java:46)
at Operation.BaseLanding.testCloseAppSwitch(BaseLanding.java:60)
at Runner.LandingITest.closeApp(LandingITest.java:46)
at Operation.BaseLanding.testCloseAppSwitch(BaseLanding.java:60)
at Runner.LandingITest.closeApp(LandingITest.java:46)
at Operation.BaseLanding.testCloseAppSwitch(BaseLanding.java:60)
at Runner.LandingITest.closeApp(LandingITest.java:46)
at Operation.BaseLanding.testCloseAppSwitch(BaseLanding.java:60)
at Runner.LandingITest.closeApp(LandingITest.java:46)
at Operation.BaseLanding.testCloseAppSwitch(BaseLanding.java:60)
at Runner.LandingITest.closeApp(LandingITest.java:46)
at Operation.BaseLanding.testCloseAppSwitch(BaseLanding.java:60)
at Runner.LandingITest.closeApp(LandingITest.java:46)
at Operation.BaseLanding.testCloseAppSwitch(BaseLanding.java:60)
at Runner.LandingITest.closeApp(LandingITest.java:46)
at Operation.BaseLanding.testCloseAppSwitch(BaseLanding.java:60)
at Runner.LandingITest.closeApp(LandingITest.java:46)
at Operation.BaseLanding.testCloseAppSwitch(BaseLanding.java:60)
at Runner.LandingITest.closeApp(LandingITest.java:46)
at Operation.BaseLanding.testCloseAppSwitch(BaseLanding.java:60)
at Runner.LandingITest.closeApp(LandingITest.java:46)
at Operation.BaseLanding.testCloseAppSwitch(BaseLanding.java:60)
at Runner.LandingITest.closeApp(LandingITest.java:46)
at Operation.BaseLanding.testCloseAppSwitch(BaseLanding.java:60)
at Runner.LandingITest.closeApp(LandingITest.java:46)
at Operation.BaseLanding.testCloseAppSwitch(BaseLanding.java:60)
at Runner.LandingITest.closeApp(LandingITest.java:46)
at Operation.BaseLanding.testCloseAppSwitch(BaseLanding.java:60)
at Runner.LandingITest.closeApp(LandingITest.java:46)
at Operation.BaseLanding.testCloseAppSwitch(BaseLanding.java:60)
at Runner.LandingITest.closeApp(LandingITest.java:46)
at Operation.BaseLanding.testCloseAppSwitch(BaseLanding.java:60)
at Runner.LandingITest.closeApp(LandingITest.java:46)
at Operation.BaseLanding.testCloseAppSwitch(BaseLanding.java:60)
at Runner.LandingITest.closeApp(LandingITest.java:46)
at Operation.BaseLanding.testCloseAppSwitch(BaseLanding.java:60)
at Runner.LandingITest.closeApp(LandingITest.java:46)
at Operation.BaseLanding.testCloseAppSwitch(BaseLanding.java:60)
at Runner.LandingITest.closeApp(LandingITest.java:46)
at Operation.BaseLanding.testCloseAppSwitch(BaseLanding.java:60)
at Runner.LandingITest.closeApp(LandingITest.java:46)
at Operation.BaseLanding.testCloseAppSwitch(BaseLanding.java:60)
at Runner.LandingITest.closeApp(LandingITest.java:46)
at Operation.BaseLanding.testCloseAppSwitch(BaseLanding.java:60)
at Runner.LandingITest.closeApp(LandingITest.java:46)
at Operation.BaseLanding.testCloseAppSwitch(BaseLanding.java:60)
at Runner.LandingITest.closeApp(LandingITest.java:46)
at Operation.BaseLanding.testCloseAppSwitch(BaseLanding.java:60)
at Runner.LandingITest.closeApp(LandingITest.java:46)
at Operation.BaseLanding.testCloseAppSwitch(BaseLanding.java:60)
at Runner.LandingITest.closeApp(LandingITest.java:46)
at Operation.BaseLanding.testCloseAppSwitch(BaseLanding.java:60)
at Runner.LandingITest.closeApp(LandingITest.java:46)
at Operation.BaseLanding.testCloseAppSwitch(BaseLanding.java:60)
at Runner.LandingITest.closeApp(LandingITest.java:46)
at Operation.BaseLanding.testCloseAppSwitch(BaseLanding.java:60)
at Runner.LandingITest.closeApp(LandingITest.java:46)
at Operation.BaseLanding.testCloseAppSwitch(BaseLanding.java:60)
at Runner.LandingITest.closeApp(LandingITest.java:46)
at Operation.BaseLanding.testCloseAppSwitch(BaseLanding.java:60)
at Runner.LandingITest.closeApp(LandingITest.java:46)
at Operation.BaseLanding.testCloseAppSwitch(BaseLanding.java:60)
at Runner.LandingITest.closeApp(LandingITest.java:46)
at Operation.BaseLanding.testCloseAppSwitch(BaseLanding.java:60)
at Runner.LandingITest.closeApp(LandingITest.java:46)
at Operation.BaseLanding.testCloseAppSwitch(BaseLanding.java:60)
at Runner.LandingITest.closeApp(LandingITest.java:46)
at Operation.BaseLanding.testCloseAppSwitch(BaseLanding.java:60)
at Runner.LandingITest.closeApp(LandingITest.java:46)
at Operation.BaseLanding.testCloseAppSwitch(BaseLanding.java:60)
at Runner.LandingITest.closeApp(LandingITest.java:46)
at Operation.BaseLanding.testCloseAppSwitch(BaseLanding.java:60)
at Runner.LandingITest.closeApp(LandingITest.java:46)
at Operation.BaseLanding.testCloseAppSwitch(BaseLanding.java:60)
at Runner.LandingITest.closeApp(LandingITest.java:46)
at Operation.BaseLanding.testCloseAppSwitch(BaseLanding.java:60)
at Runner.LandingITest.closeApp(LandingITest.java:46)
at Operation.BaseLanding.testCloseAppSwitch(BaseLanding.java:60)
at Runner.LandingITest.closeApp(LandingITest.java:46)
at Operation.BaseLanding.testCloseAppSwitch(BaseLanding.java:60)
at Runner.LandingITest.closeApp(LandingITest.java:46)
at Operation.BaseLanding.testCloseAppSwitch(BaseLanding.java:60)
at Runner.LandingITest.closeApp(LandingITest.java:46)
at Operation.BaseLanding.testCloseAppSwitch(BaseLanding.java:60)
at Runner.LandingITest.closeApp(LandingITest.java:46)
at Operation.BaseLanding.testCloseAppSwitch(BaseLanding.java:60)
at Runner.LandingITest.closeApp(LandingITest.java:46)
at Operation.BaseLanding.testCloseAppSwitch(BaseLanding.java:60)
at Runner.LandingITest.closeApp(LandingITest.java:46)
at Operation.BaseLanding.testCloseAppSwitch(BaseLanding.java:60)
at Runner.LandingITest.closeApp(LandingITest.java:46)
at Operation.BaseLanding.testCloseAppSwitch(BaseLanding.java:60)
at Runner.LandingITest.closeApp(LandingITest.java:46)
at Operation.BaseLanding.testCloseAppSwitch(BaseLanding.java:60)
at Runner.LandingITest.closeApp(LandingITest.java:46)
at Operation.BaseLanding.testCloseAppSwitch(BaseLanding.java:60)
at Runner.LandingITest.closeApp(LandingITest.java:46)
at Operation.BaseLanding.testCloseAppSwitch(BaseLanding.java:60)
at Runner.LandingITest.closeApp(LandingITest.java:46)
at Operation.BaseLanding.testCloseAppSwitch(BaseLanding.java:60)
at Runner.LandingITest.closeApp(LandingITest.java:46)
at Operation.BaseLanding.testCloseAppSwitch(BaseLanding.java:60)
at Runner.LandingITest.closeApp(LandingITest.java:46)
at Operation.BaseLanding.testCloseAppSwitch(BaseLanding.java:60)
at Runner.LandingITest.closeApp(LandingITest.java:46)
at Operation.BaseLanding.testCloseAppSwitch(BaseLanding.java:60)
at Runner.LandingITest.closeApp(LandingITest.java:46)
at Operation.BaseLanding.testCloseAppSwitch(BaseLanding.java:60)
at Runner.LandingITest.closeApp(LandingITest.java:46)
at Operation.BaseLanding.testCloseAppSwitch(BaseLanding.java:60)
at Runner.LandingITest.closeApp(LandingITest.java:46)
at Operation.BaseLanding.testCloseAppSwitch(BaseLanding.java:60)
at Runner.LandingITest.closeApp(LandingITest.java:46)
at Operation.BaseLanding.testCloseAppSwitch(BaseLanding.java:60)
at Runner.LandingITest.closeApp(LandingITest.java:46)
at Operation.BaseLanding.testCloseAppSwitch(BaseLanding.java:60)
at Runner.LandingITest.closeApp(LandingITest.java:46)
at Operation.BaseLanding.testCloseAppSwitch(BaseLanding.java:60)
at Runner.LandingITest.closeApp(LandingITest.java:46)
at Operation.BaseLanding.testCloseAppSwitch(BaseLanding.java:60)
at Runner.LandingITest.closeApp(LandingITest.java:46)
at Operation.BaseLanding.testCloseAppSwitch(BaseLanding.java:60)
at Runner.LandingITest.closeApp(LandingITest.java:46)
at Operation.BaseLanding.testCloseAppSwitch(BaseLanding.java:60)
at Runner.LandingITest.closeApp(LandingITest.java:46)
at Operation.BaseLanding.testCloseAppSwitch(BaseLanding.java:60)
at Runner.LandingITest.closeApp(LandingITest.java:46)
at Operation.BaseLanding.testCloseAppSwitch(BaseLanding.java:60)
at Runner.LandingITest.closeApp(LandingITest.java:46)
at Operation.BaseLanding.testCloseAppSwitch(BaseLanding.java:60)
at Runner.LandingITest.closeApp(LandingITest.java:46)
at Operation.BaseLanding.testCloseAppSwitch(BaseLanding.java:60)
at Runner.LandingITest.closeApp(LandingITest.java:46)
at Operation.BaseLanding.testCloseAppSwitch(BaseLanding.java:60)
at Runner.LandingITest.closeApp(LandingITest.java:46)
at Operation.BaseLanding.testCloseAppSwitch(BaseLanding.java:60)
at Runner.LandingITest.closeApp(LandingITest.java:46)
at Operation.BaseLanding.testCloseAppSwitch(BaseLanding.java:60)
at Runner.LandingITest.closeApp(LandingITest.java:46)
at Operation.BaseLanding.testCloseAppSwitch(BaseLanding.java:60)
at Runner.LandingITest.closeApp(LandingITest.java:46)
at Operation.BaseLanding.testCloseAppSwitch(BaseLanding.java:60)
at Runner.LandingITest.closeApp(LandingITest.java:46)
at Operation.BaseLanding.testCloseAppSwitch(BaseLanding.java:60)
at Runner.LandingITest.closeApp(LandingITest.java:46)
at Operation.BaseLanding.testCloseAppSwitch(BaseLanding.java:60)
at Runner.LandingITest.closeApp(LandingITest.java:46)
at Operation.BaseLanding.testCloseAppSwitch(BaseLanding.java:60)
at Runner.LandingITest.closeApp(LandingITest.java:46)
at Operation.BaseLanding.testCloseAppSwitch(BaseLanding.java:60)
at Runner.LandingITest.closeApp(LandingITest.java:46)
at Operation.BaseLanding.testCloseAppSwitch(BaseLanding.java:60)
at Runner.LandingITest.closeApp(LandingITest.java:46)
at Operation.BaseLanding.testCloseAppSwitch(BaseLanding.java:60)
at Runner.LandingITest.closeApp(LandingITest.java:46)
at Operation.BaseLanding.testCloseAppSwitch(BaseLanding.java:60)
at Runner.LandingITest.closeApp(LandingITest.java:46)
at Operation.BaseLanding.testCloseAppSwitch(BaseLanding.java:60)
at Runner.LandingITest.closeApp(LandingITest.java:46)
at Operation.BaseLanding.testCloseAppSwitch(BaseLanding.java:60)
at Runner.LandingITest.closeApp(LandingITest.java:46)
at Operation.BaseLanding.testCloseAppSwitch(BaseLanding.java:60)
at Runner.LandingITest.closeApp(LandingITest.java:46)
at Operation.BaseLanding.testCloseAppSwitch(BaseLanding.java:60)
at Runner.LandingITest.closeApp(LandingITest.java:46)
at Operation.BaseLanding.testCloseAppSwitch(BaseLanding.java:60)
at Runner.LandingITest.closeApp(LandingITest.java:46)
at Operation.BaseLanding.testCloseAppSwitch(BaseLanding.java:60)
at Runner.LandingITest.closeApp(LandingITest.java:46)
at Operation.BaseLanding.testCloseAppSwitch(BaseLanding.java:60)
at Runner.LandingITest.closeApp(LandingITest.java:46)
at Operation.BaseLanding.testCloseAppSwitch(BaseLanding.java:60)
at Runner.LandingITest.closeApp(LandingITest.java:46)
at Operation.BaseLanding.testCloseAppSwitch(BaseLanding.java:60)
at Runner.LandingITest.closeApp(LandingITest.java:46)
at Operation.BaseLanding.testCloseAppSwitch(BaseLanding.java:60)
at Runner.LandingITest.closeApp(LandingITest.java:46)
at Operation.BaseLanding.testCloseAppSwitch(BaseLanding.java:60)
at Runner.LandingITest.closeApp(LandingITest.java:46)
at Operation.BaseLanding.testCloseAppSwitch(BaseLanding.java:60)
at Runner.LandingITest.closeApp(LandingITest.java:46)
at Operation.BaseLanding.testCloseAppSwitch(BaseLanding.java:60)
at Runner.LandingITest.closeApp(LandingITest.java:46)
at Operation.BaseLanding.testCloseAppSwitch(BaseLanding.java:60)
at Runner.LandingITest.closeApp(LandingITest.java:46)
at Operation.BaseLanding.testCloseAppSwitch(BaseLanding.java:60)
at Runner.LandingITest.closeApp(LandingITest.java:46)
at Operation.BaseLanding.testCloseAppSwitch(BaseLanding.java:60)
at Runner.LandingITest.closeApp(LandingITest.java:46)
at Operation.BaseLanding.testCloseAppSwitch(BaseLanding.java:60)
at Runner.LandingITest.closeApp(LandingITest.java:46)
at Operation.BaseLanding.testCloseAppSwitch(BaseLanding.java:60)
at Runner.LandingITest.closeApp(LandingITest.java:46)
at Operation.BaseLanding.testCloseAppSwitch(BaseLanding.java:60)
at Runner.LandingITest.closeApp(LandingITest.java:46)
at Operation.BaseLanding.testCloseAppSwitch(BaseLanding.java:60)
at Runner.LandingITest.closeApp(LandingITest.java:46)
at Operation.BaseLanding.testCloseAppSwitch(BaseLanding.java:60)
at Runner.LandingITest.closeApp(LandingITest.java:46)
at Operation.BaseLanding.testCloseAppSwitch(BaseLanding.java:60)
at Runner.LandingITest.closeApp(LandingITest.java:46)
at Operation.BaseLanding.testCloseAppSwitch(BaseLanding.java:60)
at Runner.LandingITest.closeApp(LandingITest.java:46)
at Operation.BaseLanding.testCloseAppSwitch(BaseLanding.java:60)
at Runner.LandingITest.closeApp(LandingITest.java:46)
at Operation.BaseLanding.testCloseAppSwitch(BaseLanding.java:60)
at Runner.LandingITest.closeApp(LandingITest.java:46)
at Operation.BaseLanding.testCloseAppSwitch(BaseLanding.java:60)
at Runner.LandingITest.closeApp(LandingITest.java:46)
at Operation.BaseLanding.testCloseAppSwitch(BaseLanding.java:60)
at Runner.LandingITest.closeApp(LandingITest.java:46)
at Operation.BaseLanding.testCloseAppSwitch(BaseLanding.java:60)
at Runner.LandingITest.closeApp(LandingITest.java:46)
at Operation.BaseLanding.testCloseAppSwitch(BaseLanding.java:60)
at Runner.LandingITest.closeApp(LandingITest.java:46)
at Operation.BaseLanding.testCloseAppSwitch(BaseLanding.java:60)
at Runner.LandingITest.closeApp(LandingITest.java:46)
at Operation.BaseLanding.testCloseAppSwitch(BaseLanding.java:60)
at Runner.LandingITest.closeApp(LandingITest.java:46)
at Operation.BaseLanding.testCloseAppSwitch(BaseLanding.java:60)
at Runner.LandingITest.closeApp(LandingITest.java:46)
at Operation.BaseLanding.testCloseAppSwitch(BaseLanding.java:60)
at Runner.LandingITest.closeApp(LandingITest.java:46)
at Operation.BaseLanding.testCloseAppSwitch(BaseLanding.java:60)
at Runner.LandingITest.closeApp(LandingITest.java:46)
at Operation.BaseLanding.testCloseAppSwitch(BaseLanding.java:60)
at Runner.LandingITest.closeApp(LandingITest.java:46)
at Operation.BaseLanding.testCloseAppSwitch(BaseLanding.java:60)
at Runner.LandingITest.closeApp(LandingITest.java:46)
at Operation.BaseLanding.testCloseAppSwitch(BaseLanding.java:60)
at Runner.LandingITest.closeApp(LandingITest.java:46)
at Operation.BaseLanding.testCloseAppSwitch(BaseLanding.java:60)
at Runner.LandingITest.closeApp(LandingITest.java:46)
at Operation.BaseLanding.testCloseAppSwitch(BaseLanding.java:60)
at Runner.LandingITest.closeApp(LandingITest.java:46)
at Operation.BaseLanding.testCloseAppSwitch(BaseLanding.java:60)
at Runner.LandingITest.closeApp(LandingITest.java:46)
at Operation.BaseLanding.testCloseAppSwitch(BaseLanding.java:60)
at Runner.LandingITest.closeApp(LandingITest.java:46)
at Operation.BaseLanding.testCloseAppSwitch(BaseLanding.java:60)
at Runner.LandingITest.closeApp(LandingITest.java:46)
at Operation.BaseLanding.testCloseAppSwitch(BaseLanding.java:60)
at Runner.LandingITest.closeApp(LandingITest.java:46)
at Operation.BaseLanding.testCloseAppSwitch(BaseLanding.java:60)
at Runner.LandingITest.closeApp(LandingITest.java:46)
at Operation.BaseLanding.testCloseAppSwitch(BaseLanding.java:60)
at Runner.LandingITest.closeApp(LandingITest.java:46)
at Operation.BaseLanding.testCloseAppSwitch(BaseLanding.java:60)
at Runner.LandingITest.closeApp(LandingITest.java:46)
at Operation.BaseLanding.testCloseAppSwitch(BaseLanding.java:60)
at Runner.LandingITest.closeApp(LandingITest.java:46)
at Operation.BaseLanding.testCloseAppSwitch(BaseLanding.java:60)
at Runner.LandingITest.closeApp(LandingITest.java:46)
at Operation.BaseLanding.testCloseAppSwitch(BaseLanding.java:60)
at Runner.LandingITest.closeApp(LandingITest.java:46)
at Operation.BaseLanding.testCloseAppSwitch(BaseLanding.java:60)
at Runner.LandingITest.closeApp(LandingITest.java:46)
at Operation.BaseLanding.testCloseAppSwitch(BaseLanding.java:60)
at Runner.LandingITest.closeApp(LandingITest.java:46)
at Operation.BaseLanding.testCloseAppSwitch(BaseLanding.java:60)
at Runner.LandingITest.closeApp(LandingITest.java:46)
at Operation.BaseLanding.testCloseAppSwitch(BaseLanding.java:60)
at Runner.LandingITest.closeApp(LandingITest.java:46)
at Operation.BaseLanding.testCloseAppSwitch(BaseLanding.java:60)
at Runner.LandingITest.closeApp(LandingITest.java:46)
at Operation.BaseLanding.testCloseAppSwitch(BaseLanding.java:60)
at Runner.LandingITest.closeApp(LandingITest.java:46)
at Operation.BaseLanding.testCloseAppSwitch(BaseLanding.java:60)
at Runner.LandingITest.closeApp(LandingITest.java:46)
at Operation.BaseLanding.testCloseAppSwitch(BaseLanding.java:60)
at Runner.LandingITest.closeApp(LandingITest.java:46)
at Operation.BaseLanding.testCloseAppSwitch(BaseLanding.java:60)
at Runner.LandingITest.closeApp(LandingITest.java:46)
at Operation.BaseLanding.testCloseAppSwitch(BaseLanding.java:60)
at Runner.LandingITest.closeApp(LandingITest.java:46)
at Operation.BaseLanding.testCloseAppSwitch(BaseLanding.java:60)
at Runner.LandingITest.closeApp(LandingITest.java:46)
at Operation.BaseLanding.testCloseAppSwitch(BaseLanding.java:60)
at Runner.LandingITest.closeApp(LandingITest.java:46)
at Operation.BaseLanding.testCloseAppSwitch(BaseLanding.java:60)
at Runner.LandingITest.closeApp(LandingITest.java:46)
at Operation.BaseLanding.testCloseAppSwitch(BaseLanding.java:60)
at Runner.LandingITest.closeApp(LandingITest.java:46)
at Operation.BaseLanding.testCloseAppSwitch(BaseLanding.java:60)
at Runner.LandingITest.closeApp(LandingITest.java:46)
at Operation.BaseLanding.testCloseAppSwitch(BaseLanding.java:60)
at Runner.LandingITest.closeApp(LandingITest.java:46)
at Operation.BaseLanding.testCloseAppSwitch(BaseLanding.java:60)
at Runner.LandingITest.closeApp(LandingITest.java:46)
at Operation.BaseLanding.testCloseAppSwitch(BaseLanding.java:60)
at Runner.LandingITest.closeApp(LandingITest.java:46)
at Operation.BaseLanding.testCloseAppSwitch(BaseLanding.java:60)
at Runner.LandingITest.closeApp(LandingITest.java:46)
at Operation.BaseLanding.testCloseAppSwitch(BaseLanding.java:60)
at Runner.LandingITest.closeApp(LandingITest.java:46)
at Operation.BaseLanding.testCloseAppSwitch(BaseLanding.java:60)
at Runner.LandingITest.closeApp(LandingITest.java:46)
at Operation.BaseLanding.testCloseAppSwitch(BaseLanding.java:60)
at Runner.LandingITest.closeApp(LandingITest.java:46)
at Operation.BaseLanding.testCloseAppSwitch(BaseLanding.java:60)
at Runner.LandingITest.closeApp(LandingITest.java:46)
at Operation.BaseLanding.testCloseAppSwitch(BaseLanding.java:60)
at Runner.LandingITest.closeApp(LandingITest.java:46)
at Operation.BaseLanding.testCloseAppSwitch(BaseLanding.java:60)
at Runner.LandingITest.closeApp(LandingITest.java:46)
at Operation.BaseLanding.testCloseAppSwitch(BaseLanding.java:60)
at Runner.LandingITest.closeApp(LandingITest.java:46)
at Operation.BaseLanding.testCloseAppSwitch(BaseLanding.java:60)
at Runner.LandingITest.closeApp(LandingITest.java:46)
at Operation.BaseLanding.testCloseAppSwitch(BaseLanding.java:60)
at Runner.LandingITest.closeApp(LandingITest.java:46)
at Operation.BaseLanding.testCloseAppSwitch(BaseLanding.java:60)
at Runner.LandingITest.closeApp(LandingITest.java:46)
at Operation.BaseLanding.testCloseAppSwitch(BaseLanding.java:60)
at Runner.LandingITest.closeApp(LandingITest.java:46)
at Operation.BaseLanding.testCloseAppSwitch(BaseLanding.java:60)
at Runner.LandingITest.closeApp(LandingITest.java:46)
at Operation.BaseLanding.testCloseAppSwitch(BaseLanding.java:60)
at Runner.LandingITest.closeApp(LandingITest.java:46)
at Operation.BaseLanding.testCloseAppSwitch(BaseLanding.java:60)
at Runner.LandingITest.closeApp(LandingITest.java:46)
at Operation.BaseLanding.testCloseAppSwitch(BaseLanding.java:60)
at Runner.LandingITest.closeApp(LandingITest.java:46)
at Operation.BaseLanding.testCloseAppSwitch(BaseLanding.java:60)
at Runner.LandingITest.closeApp(LandingITest.java:46)
at Operation.BaseLanding.testCloseAppSwitch(BaseLanding.java:60)
at Runner.LandingITest.closeApp(LandingITest.java:46)
at Operation.BaseLanding.testCloseAppSwitch(BaseLanding.java:60)
at Runner.LandingITest.closeApp(LandingITest.java:46)
at Operation.BaseLanding.testCloseAppSwitch(BaseLanding.java:60)
at Runner.LandingITest.closeApp(LandingITest.java:46)
at Operation.BaseLanding.testCloseAppSwitch(BaseLanding.java:60)
at Runner.LandingITest.closeApp(LandingITest.java:46)
at Operation.BaseLanding.testCloseAppSwitch(BaseLanding.java:60)
at Runner.LandingITest.closeApp(LandingITest.java:46)
at Operation.BaseLanding.testCloseAppSwitch(BaseLanding.java:60)
at Runner.LandingITest.closeApp(LandingITest.java:46)
at Operation.BaseLanding.testCloseAppSwitch(BaseLanding.java:60)
at Runner.LandingITest.closeApp(LandingITest.java:46)
at Operation.BaseLanding.testCloseAppSwitch(BaseLanding.java:60)
at Runner.LandingITest.closeApp(LandingITest.java:46)
at Operation.BaseLanding.testCloseAppSwitch(BaseLanding.java:60)
at Runner.LandingITest.closeApp(LandingITest.java:46)
at Operation.BaseLanding.testCloseAppSwitch(BaseLanding.java:60)
at Runner.LandingITest.closeApp(LandingITest.java:46)
at Operation.BaseLanding.testCloseAppSwitch(BaseLanding.java:60)
at Runner.LandingITest.closeApp(LandingITest.java:46)
at Operation.BaseLanding.testCloseAppSwitch(BaseLanding.java:60)
at Runner.LandingITest.closeApp(LandingITest.java:46)
at Operation.BaseLanding.testCloseAppSwitch(BaseLanding.java:60)
at Runner.LandingITest.closeApp(LandingITest.java:46)
at Operation.BaseLanding.testCloseAppSwitch(BaseLanding.java:60)
at Runner.LandingITest.closeApp(LandingITest.java:46)
at Operation.BaseLanding.testCloseAppSwitch(BaseLanding.java:60)
at Runner.LandingITest.closeApp(LandingITest.java:46)
at Operation.BaseLanding.testCloseAppSwitch(BaseLanding.java:60)
at Runner.LandingITest.closeApp(LandingITest.java:46)
at Operation.BaseLanding.testCloseAppSwitch(BaseLanding.java:60)
at Runner.LandingITest.closeApp(LandingITest.java:46)
at Operation.BaseLanding.testCloseAppSwitch(BaseLanding.java:60)
at Runner.LandingITest.closeApp(LandingITest.java:46)
at Operation.BaseLanding.testCloseAppSwitch(BaseLanding.java:60)
at Runner.LandingITest.closeApp(LandingITest.java:46)
at Operation.BaseLanding.testCloseAppSwitch(BaseLanding.java:60)
at Runner.LandingITest.closeApp(LandingITest.java:46)
at Operation.BaseLanding.testCloseAppSwitch(BaseLanding.java:60)
at Runner.LandingITest.closeApp(LandingITest.java:46)
at Operation.BaseLanding.testCloseAppSwitch(BaseLanding.java:60)
at Runner.LandingITest.closeApp(LandingITest.java:46)
at Operation.BaseLanding.testCloseAppSwitch(BaseLanding.java:60)
at Runner.LandingITest.closeApp(LandingITest.java:46)
at Operation.BaseLanding.testCloseAppSwitch(BaseLanding.java:60)
at Runner.LandingITest.closeApp(LandingITest.java:46)
at Operation.BaseLanding.testCloseAppSwitch(BaseLanding.java:60)
at Runner.LandingITest.closeApp(LandingITest.java:46)
at Operation.BaseLanding.testCloseAppSwitch(BaseLanding.java:60)
at Runner.LandingITest.closeApp(LandingITest.java:46)
at Operation.BaseLanding.testCloseAppSwitch(BaseLanding.java:60)
at Runner.LandingITest.closeApp(LandingITest.java:46)
at Operation.BaseLanding.testCloseAppSwitch(BaseLanding.java:60)
at Runner.LandingITest.closeApp(LandingITest.java:46)
at Operation.BaseLanding.testCloseAppSwitch(BaseLanding.java:60)
at Runner.LandingITest.closeApp(LandingITest.java:46)
at Operation.BaseLanding.testCloseAppSwitch(BaseLanding.java:60)
at Runner.LandingITest.closeApp(LandingITest.java:46)
at Operation.BaseLanding.testCloseAppSwitch(BaseLanding.java:60)
at Runner.LandingITest.closeApp(LandingITest.java:46)
at Operation.BaseLanding.testCloseAppSwitch(BaseLanding.java:60)
at Runner.LandingITest.closeApp(LandingITest.java:46)
at Operation.BaseLanding.testCloseAppSwitch(BaseLanding.java:60)
at Runner.LandingITest.closeApp(LandingITest.java:46)
at Operation.BaseLanding.testCloseAppSwitch(BaseLanding.java:60)
at Runner.LandingITest.closeApp(LandingITest.java:46)
at Operation.BaseLanding.testCloseAppSwitch(BaseLanding.java:60)
at Runner.LandingITest.closeApp(LandingITest.java:46)
at Operation.BaseLanding.testCloseAppSwitch(BaseLanding.java:60)
at Runner.LandingITest.closeApp(LandingITest.java:46)
at Operation.BaseLanding.testCloseAppSwitch(BaseLanding.java:60)
at Runner.LandingITest.closeApp(LandingITest.java:46)
at Operation.BaseLanding.testCloseAppSwitch(BaseLanding.java:60)
at Runner.LandingITest.closeApp(LandingITest.java:46)
at Operation.BaseLanding.testCloseAppSwitch(BaseLanding.java:60)
at Runner.LandingITest.closeApp(LandingITest.java:46)
at Operation.BaseLanding.testCloseAppSwitch(BaseLanding.java:60)
at Runner.LandingITest.closeApp(LandingITest.java:46)
at Operation.BaseLanding.testCloseAppSwitch(BaseLanding.java:60)
at Runner.LandingITest.closeApp(LandingITest.java:46)
at Operation.BaseLanding.testCloseAppSwitch(BaseLanding.java:60)
at Runner.LandingITest.closeApp(LandingITest.java:46)
at Operation.BaseLanding.testCloseAppSwitch(BaseLanding.java:60)
at Runner.LandingITest.closeApp(LandingITest.java:46)
at Operation.BaseLanding.testCloseAppSwitch(BaseLanding.java:60)
at Runner.LandingITest.closeApp(LandingITest.java:46)
at Operation.BaseLanding.testCloseAppSwitch(BaseLanding.java:60)
at Runner.LandingITest.closeApp(LandingITest.java:46)
at Operation.BaseLanding.testCloseAppSwitch(BaseLanding.java:60)
at Runner.LandingITest.closeApp(LandingITest.java:46)
at Operation.BaseLanding.testCloseAppSwitch(BaseLanding.java:60)
at Runner.LandingITest.closeApp(LandingITest.java:46)
at Operation.BaseLanding.testCloseAppSwitch(BaseLanding.java:60)
at Runner.LandingITest.closeApp(LandingITest.java:46)
at Operation.BaseLanding.testCloseAppSwitch(BaseLanding.java:60)
at Runner.LandingITest.closeApp(LandingITest.java:46)
at Operation.BaseLanding.testCloseAppSwitch(BaseLanding.java:60)
at Runner.LandingITest.closeApp(LandingITest.java:46)
at Operation.BaseLanding.testCloseAppSwitch(BaseLanding.java:60)
at Runner.LandingITest.closeApp(LandingITest.java:46)
at Operation.BaseLanding.testCloseAppSwitch(BaseLanding.java:60)
at Runner.LandingITest.closeApp(LandingITest.java:46)
at Operation.BaseLanding.testCloseAppSwitch(BaseLanding.java:60)
at Runner.LandingITest.closeApp(LandingITest.java:46)
at Operation.BaseLanding.testCloseAppSwitch(BaseLanding.java:60)
at Runner.LandingITest.closeApp(LandingITest.java:46)
at Operation.BaseLanding.testCloseAppSwitch(BaseLanding.java:60)
at Runner.LandingITest.closeApp(LandingITest.java:46)
at Operation.BaseLanding.testCloseAppSwitch(BaseLanding.java:60)
at Runner.LandingITest.closeApp(LandingITest.java:46)
at Operation.BaseLanding.testCloseAppSwitch(BaseLanding.java:60)
at Runner.LandingITest.closeApp(LandingITest.java:46)
at Operation.BaseLanding.testCloseAppSwitch(BaseLanding.java:60)
at Runner.LandingITest.closeApp(LandingITest.java:46)
at Operation.BaseLanding.testCloseAppSwitch(BaseLanding.java:60)
at Runner.LandingITest.closeApp(LandingITest.java:46)
at Operation.BaseLanding.testCloseAppSwitch(BaseLanding.java:60)
at Runner.LandingITest.closeApp(LandingITest.java:46)
at Operation.BaseLanding.testCloseAppSwitch(BaseLanding.java:60)
at Runner.LandingITest.closeApp(LandingITest.java:46)
at Operation.BaseLanding.testCloseAppSwitch(BaseLanding.java:60)
at Runner.LandingITest.closeApp(LandingITest.java:46)
at Operation.BaseLanding.testCloseAppSwitch(BaseLanding.java:60)
at Runner.LandingITest.closeApp(LandingITest.java:46)
at Operation.BaseLanding.testCloseAppSwitch(BaseLanding.java:60)
at Runner.LandingITest.closeApp(LandingITest.java:46)
at Operation.BaseLanding.testCloseAppSwitch(BaseLanding.java:60)
at Runner.LandingITest.closeApp(LandingITest.java:46)
at Operation.BaseLanding.testCloseAppSwitch(BaseLanding.java:60)
at Runner.LandingITest.closeApp(LandingITest.java:46)
at Operation.BaseLanding.testCloseAppSwitch(BaseLanding.java:60)
at Runner.LandingITest.closeApp(LandingITest.java:46)
at Operation.BaseLanding.testCloseAppSwitch(BaseLanding.java:60)
at Runner.LandingITest.closeApp(LandingITest.java:46)
at Operation.BaseLanding.testCloseAppSwitch(BaseLanding.java:60)
at Runner.LandingITest.closeApp(LandingITest.java:46)
at Operation.BaseLanding.testCloseAppSwitch(BaseLanding.java:60)
at Runner.LandingITest.closeApp(LandingITest.java:46)
at Operation.BaseLanding.testCloseAppSwitch(BaseLanding.java:60)
at Runner.LandingITest.closeApp(LandingITest.java:46)
at Operation.BaseLanding.testCloseAppSwitch(BaseLanding.java:60)
at Runner.LandingITest.closeApp(LandingITest.java:46)
at Operation.BaseLanding.testCloseAppSwitch(BaseLanding.java:60)
at Runner.LandingITest.closeApp(LandingITest.java:46)
at Operation.BaseLanding.testCloseAppSwitch(BaseLanding.java:60)
at Runner.LandingITest.closeApp(LandingITest.java:46)
at Operation.BaseLanding.testCloseAppSwitch(BaseLanding.java:60)
at Runner.LandingITest.closeApp(LandingITest.java:46)
at Operation.BaseLanding.testCloseAppSwitch(BaseLanding.java:60)
at Runner.LandingITest.closeApp(LandingITest.java:46)
at Operation.BaseLanding.testCloseAppSwitch(BaseLanding.java:60)
at Runner.LandingITest.closeApp(LandingITest.java:46)
at Operation.BaseLanding.testCloseAppSwitch(BaseLanding.java:60)
at Runner.LandingITest.closeApp(LandingITest.java:46)
at Operation.BaseLanding.testCloseAppSwitch(BaseLanding.java:60)
at Runner.LandingITest.closeApp(LandingITest.java:46)
at Operation.BaseLanding.testCloseAppSwitch(BaseLanding.java:60)
at Runner.LandingITest.closeApp(LandingITest.java:46)
at Operation.BaseLanding.testCloseAppSwitch(BaseLanding.java:60)
at Runner.LandingITest.closeApp(LandingITest.java:46)
at Operation.BaseLanding.testCloseAppSwitch(BaseLanding.java:60)
at Runner.LandingITest.closeApp(LandingITest.java:46)
at Operation.BaseLanding.testCloseAppSwitch(BaseLanding.java:60)
at Runner.LandingITest.closeApp(LandingITest.java:46)
at Operation.BaseLanding.testCloseAppSwitch(BaseLanding.java:60)
at Runner.LandingITest.closeApp(LandingITest.java:46)
at Operation.BaseLanding.testCloseAppSwitch(BaseLanding.java:60)
at Runner.LandingITest.closeApp(LandingITest.java:46)
at Operation.BaseLanding.testCloseAppSwitch(BaseLanding.java:60)
at Runner.LandingITest.closeApp(LandingITest.java:46)
at Operation.BaseLanding.testCloseAppSwitch(BaseLanding.java:60)
at Runner.LandingITest.closeApp(LandingITest.java:46)
at Operation.BaseLanding.testCloseAppSwitch(BaseLanding.java:60)
at Runner.LandingITest.closeApp(LandingITest.java:46)
at Operation.BaseLanding.testCloseAppSwitch(BaseLanding.java:60)
at Runner.LandingITest.closeApp(LandingITest.java:46)
at Operation.BaseLanding.testCloseAppSwitch(BaseLanding.java:60)
at Runner.LandingITest.closeApp(LandingITest.java:46)
at Operation.BaseLanding.testCloseAppSwitch(BaseLanding.java:60)
at Runner.LandingITest.closeApp(LandingITest.java:46)
at Operation.BaseLanding.testCloseAppSwitch(BaseLanding.java:60)
at Runner.LandingITest.closeApp(LandingITest.java:46)
at Operation.BaseLanding.testCloseAppSwitch(BaseLanding.java:60)
at Runner.LandingITest.closeApp(LandingITest.java:46)
at Operation.BaseLanding.testCloseAppSwitch(BaseLanding.java:60)
at Runner.LandingITest.closeApp(LandingITest.java:46)
at Operation.BaseLanding.testCloseAppSwitch(BaseLanding.java:60)
at Runner.LandingITest.closeApp(LandingITest.java:46)
at Operation.BaseLanding.testCloseAppSwitch(BaseLanding.java:60)
at Runner.LandingITest.closeApp(LandingITest.java:46)
at Operation.BaseLanding.testCloseAppSwitch(BaseLanding.java:60)
at Runner.LandingITest.closeApp(LandingITest.java:46)
at Operation.BaseLanding.testCloseAppSwitch(BaseLanding.java:60)
at Runner.LandingITest.closeApp(LandingITest.java:46)
at Operation.BaseLanding.testCloseAppSwitch(BaseLanding.java:60)
at Runner.LandingITest.closeApp(LandingITest.java:46)
at Operation.BaseLanding.testCloseAppSwitch(BaseLanding.java:60)
at Runner.LandingITest.closeApp(LandingITest.java:46)
at Operation.BaseLanding.testCloseAppSwitch(BaseLanding.java:60)
at Runner.LandingITest.closeApp(LandingITest.java:46)
at Operation.BaseLanding.testCloseAppSwitch(BaseLanding.java:60)
at Runner.LandingITest.closeApp(LandingITest.java:46)
at Operation.BaseLanding.testCloseAppSwitch(BaseLanding.java:60)
at Runner.LandingITest.closeApp(LandingITest.java:46)
at Operation.BaseLanding.testCloseAppSwitch(BaseLanding.java:60)
at Runner.LandingITest.closeApp(LandingITest.java:46)
at Operation.BaseLanding.testCloseAppSwitch(BaseLanding.java:60)
at Runner.LandingITest.closeApp(LandingITest.java:46)
at Operation.BaseLanding.testCloseAppSwitch(BaseLanding.java:60)
at Runner.LandingITest.closeApp(LandingITest.java:46)
at Operation.BaseLanding.testCloseAppSwitch(BaseLanding.java:60)
at Runner.LandingITest.closeApp(LandingITest.java:46)
at Operation.BaseLanding.testCloseAppSwitch(BaseLanding.java:60)
at Runner.LandingITest.closeApp(LandingITest.java:46)
at Operation.BaseLanding.testCloseAppSwitch(BaseLanding.java:60)
at Runner.LandingITest.closeApp(LandingITest.java:46)
at Operation.BaseLanding.testCloseAppSwitch(BaseLanding.java:60)
at Runner.LandingITest.closeApp(LandingITest.java:46)
at Operation.BaseLanding.testCloseAppSwitch(BaseLanding.java:60)
at Runner.LandingITest.closeApp(LandingITest.java:46)
at Operation.BaseLanding.testCloseAppSwitch(BaseLanding.java:60)
at Runner.LandingITest.closeApp(LandingITest.java:46)
at Operation.BaseLanding.testCloseAppSwitch(BaseLanding.java:60)
at Runner.LandingITest.closeApp(LandingITest.java:46)
at Operation.BaseLanding.testCloseAppSwitch(BaseLanding.java:60)
at Runner.LandingITest.closeApp(LandingITest.java:46)
at Operation.BaseLanding.testCloseAppSwitch(BaseLanding.java:60)
at Runner.LandingITest.closeApp(LandingITest.java:46)
at Operation.BaseLanding.testCloseAppSwitch(BaseLanding.java:60)
at Runner.LandingITest.closeApp(LandingITest.java:46)
at Operation.BaseLanding.testCloseAppSwitch(BaseLanding.java:60)
at Runner.LandingITest.closeApp(LandingITest.java:46)
at Operation.BaseLanding.testCloseAppSwitch(BaseLanding.java:60)
at Runner.LandingITest.closeApp(LandingITest.java:46)
at Operation.BaseLanding.testCloseAppSwitch(BaseLanding.java:60)
at Runner.LandingITest.closeApp(LandingITest.java:46)
at Operation.BaseLanding.testCloseAppSwitch(BaseLanding.java:60)
at Runner.LandingITest.closeApp(LandingITest.java:46)
at Operation.BaseLanding.testCloseAppSwitch(BaseLanding.java:60)
at Runner.LandingITest.closeApp(LandingITest.java:46)
at Operation.BaseLanding.testCloseAppSwitch(BaseLanding.java:60)
at Runner.LandingITest.closeApp(LandingITest.java:46)
at Operation.BaseLanding.testCloseAppSwitch(BaseLanding.java:60)
at Runner.LandingITest.closeApp(LandingITest.java:46)
at Operation.BaseLanding.testCloseAppSwitch(BaseLanding.java:60)
at Runner.LandingITest.closeApp(LandingITest.java:46)
at Operation.BaseLanding.testCloseAppSwitch(BaseLanding.java:60)
at Runner.LandingITest.closeApp(LandingITest.java:46)
at Operation.BaseLanding.testCloseAppSwitch(BaseLanding.java:60)
at Runner.LandingITest.closeApp(LandingITest.java:46)
at Operation.BaseLanding.testCloseAppSwitch(BaseLanding.java:60)
at Runner.LandingITest.closeApp(LandingITest.java:46)
at Operation.BaseLanding.testCloseAppSwitch(BaseLanding.java:60)
at Runner.LandingITest.closeApp(LandingITest.java:46)
at Operation.BaseLanding.testCloseAppSwitch(BaseLanding.java:60)
at Runner.LandingITest.closeApp(LandingITest.java:46)
at Operation.BaseLanding.testCloseAppSwitch(BaseLanding.java:60)
at Runner.LandingITest.closeApp(LandingITest.java:46)
at Operation.BaseLanding.testCloseAppSwitch(BaseLanding.java:60)
at Runner.LandingITest.closeApp(LandingITest.java:46)
at Operation.BaseLanding.testCloseAppSwitch(BaseLanding.java:60)
at Runner.LandingITest.closeApp(LandingITest.java:46)
at Operation.BaseLanding.testCloseAppSwitch(BaseLanding.java:60)
at Runner.LandingITest.closeApp(LandingITest.java:46)
at Operation.BaseLanding.testCloseAppSwitch(BaseLanding.java:60)
at Runner.LandingITest.closeApp(LandingITest.java:46)
at Operation.BaseLanding.testCloseAppSwitch(BaseLanding.java:60)
at Runner.LandingITest.closeApp(LandingITest.java:46)
at Operation.BaseLanding.testCloseAppSwitch(BaseLanding.java:60)
at Runner.LandingITest.closeApp(LandingITest.java:46)
at Operation.BaseLanding.testCloseAppSwitch(BaseLanding.java:60)
at Runner.LandingITest.closeApp(LandingITest.java:46)
at Operation.BaseLanding.testCloseAppSwitch(BaseLanding.java:60)
at Runner.LandingITest.closeApp(LandingITest.java:46)
at Operation.BaseLanding.testCloseAppSwitch(BaseLanding.java:60)
at Runner.LandingITest.closeApp(LandingITest.java:46)
at Operation.BaseLanding.testCloseAppSwitch(BaseLanding.java:60)
at Runner.LandingITest.closeApp(LandingITest.java:46)
at Operation.BaseLanding.testCloseAppSwitch(BaseLanding.java:60)
at Runner.LandingITest.closeApp(LandingITest.java:46)
at Operation.BaseLanding.testCloseAppSwitch(BaseLanding.java:60)
at Runner.LandingITest.closeApp(LandingITest.java:46)
at Operation.BaseLanding.testCloseAppSwitch(BaseLanding.java:60)
at Runner.LandingITest.closeApp(LandingITest.java:46)
at Operation.BaseLanding.testCloseAppSwitch(BaseLanding.java:60)
at Runner.LandingITest.closeApp(LandingITest.java:46)
at Operation.BaseLanding.testCloseAppSwitch(BaseLanding.java:60)
at Runner.LandingITest.closeApp(LandingITest.java:46)
at Operation.BaseLanding.testCloseAppSwitch(BaseLanding.java:60)
at Runner.LandingITest.closeApp(LandingITest.java:46)
at Operation.BaseLanding.testCloseAppSwitch(BaseLanding.java:60)
at Runner.LandingITest.closeApp(LandingITest.java:46)
at Operation.BaseLanding.testCloseAppSwitch(BaseLanding.java:60)
at Runner.LandingITest.closeApp(LandingITest.java:46)
at Operation.BaseLanding.testCloseAppSwitch(BaseLanding.java:60)
at Runner.LandingITest.closeApp(LandingITest.java:46)
at Operation.BaseLanding.testCloseAppSwitch(BaseLanding.java:60)
at Runner.LandingITest.closeApp(LandingITest.java:46)
at Operation.BaseLanding.testCloseAppSwitch(BaseLanding.java:60)
at Runner.LandingITest.closeApp(LandingITest.java:46)
at Operation.BaseLanding.testCloseAppSwitch(BaseLanding.java:60)
at Runner.LandingITest.closeApp(LandingITest.java:46)
at Operation.BaseLanding.testCloseAppSwitch(BaseLanding.java:60)
at Runner.LandingITest.closeApp(LandingITest.java:46)
at Operation.BaseLanding.testCloseAppSwitch(BaseLanding.java:60)
at Runner.LandingITest.closeApp(LandingITest.java:46)
at Operation.BaseLanding.testCloseAppSwitch(BaseLanding.java:60)
at Runner.LandingITest.closeApp(LandingITest.java:46)
at Operation.BaseLanding.testCloseAppSwitch(BaseLanding.java:60)
at Runner.LandingITest.closeApp(LandingITest.java:46)
at Operation.BaseLanding.testCloseAppSwitch(BaseLanding.java:60)
at Runner.LandingITest.closeApp(LandingITest.java:46)
at Operation.BaseLanding.testCloseAppSwitch(BaseLanding.java:60)
at Runner.LandingITest.closeApp(LandingITest.java:46)
at Operation.BaseLanding.testCloseAppSwitch(BaseLanding.java:60)
at Runner.LandingITest.closeApp(LandingITest.java:46)
at Operation.BaseLanding.testCloseAppSwitch(BaseLanding.java:60)
at Runner.LandingITest.closeApp(LandingITest.java:46)
at Operation.BaseLanding.testCloseAppSwitch(BaseLanding.java:60)
at Runner.LandingITest.closeApp(LandingITest.java:46)
at Operation.BaseLanding.testCloseAppSwitch(BaseLanding.java:60)
at Runner.LandingITest.closeApp(LandingITest.java:46)
at Operation.BaseLanding.testCloseAppSwitch(BaseLanding.java:60)
at Runner.LandingITest.closeApp(LandingITest.java:46)
at Operation.BaseLanding.testCloseAppSwitch(BaseLanding.java:60)
at Runner.LandingITest.closeApp(LandingITest.java:46)
at Operation.BaseLanding.testCloseAppSwitch(BaseLanding.java:60)
at Runner.LandingITest.closeApp(LandingITest.java:46)
at Operation.BaseLanding.testCloseAppSwitch(BaseLanding.java:60)
at Runner.LandingITest.closeApp(LandingITest.java:46)
at Operation.BaseLanding.testCloseAppSwitch(BaseLanding.java:60)
at Runner.LandingITest.closeApp(LandingITest.java:46)
at Operation.BaseLanding.testCloseAppSwitch(BaseLanding.java:60)
at Runner.LandingITest.closeApp(LandingITest.java:46)
at Operation.BaseLanding.testCloseAppSwitch(BaseLanding.java:60)
at Runner.LandingITest.closeApp(LandingITest.java:46)
at Operation.BaseLanding.testCloseAppSwitch(BaseLanding.java:60)
at Runner.LandingITest.closeApp(LandingITest.java:46)
]]>
    </error>
  </testcase> <!-- closeApp -->
  <testcase name="checkGoToLoginPage" time="16.374" classname="Runner.LandingITest"/>
  <testcase name="checkLoginAsGuest" time="13.061" classname="Runner.LandingITest"/>
  <testcase name="checkGoToSignUpPage" time="20.131" classname="Runner.LandingITest"/>
</testsuite> <!-- Runner.LandingITest -->
