<?xml version="1.0" encoding="UTF-8"?>
<!-- Generated by org.testng.reporters.JUnitReportReporter -->
<testsuite skipped="0" hostname="Faizals-MacBook-Pro.local" name="tests.LandingITest" tests="2" failures="0" timestamp="02 Jul 2020 00:02:16 GMT" time="16.194" errors="1">
  <testcase name="closeApp" time="0.004" classname="tests.LandingITest">
    <error type="java.lang.StackOverflowError">
      <![CDATA[java.lang.StackOverflowError
at operation.BaseLanding.testCloseAppSwitch(BaseLanding.java:63)
at tests.LandingITest.closeApp(LandingITest.java:49)
at operation.BaseLanding.testCloseAppSwitch(BaseLanding.java:63)
at tests.LandingITest.closeApp(LandingITest.java:49)
at operation.BaseLanding.testCloseAppSwitch(BaseLanding.java:63)
at tests.LandingITest.closeApp(LandingITest.java:49)
at operation.BaseLanding.testCloseAppSwitch(BaseLanding.java:63)
at tests.LandingITest.closeApp(LandingITest.java:49)
at operation.BaseLanding.testCloseAppSwitch(BaseLanding.java:63)
at tests.LandingITest.closeApp(LandingITest.java:49)
at operation.BaseLanding.testCloseAppSwitch(BaseLanding.java:63)
at tests.LandingITest.closeApp(LandingITest.java:49)
at operation.BaseLanding.testCloseAppSwitch(BaseLanding.java:63)
at tests.LandingITest.closeApp(LandingITest.java:49)
at operation.BaseLanding.testCloseAppSwitch(BaseLanding.java:63)
at tests.LandingITest.closeApp(LandingITest.java:49)
at operation.BaseLanding.testCloseAppSwitch(BaseLanding.java:63)
at tests.LandingITest.closeApp(LandingITest.java:49)
at operation.BaseLanding.testCloseAppSwitch(BaseLanding.java:63)
at tests.LandingITest.closeApp(LandingITest.java:49)
at operation.BaseLanding.testCloseAppSwitch(BaseLanding.java:63)
at tests.LandingITest.closeApp(LandingITest.java:49)
at operation.BaseLanding.testCloseAppSwitch(BaseLanding.java:63)
at tests.LandingITest.closeApp(LandingITest.java:49)
at operation.BaseLanding.testCloseAppSwitch(BaseLanding.java:63)
at tests.LandingITest.closeApp(LandingITest.java:49)
at operation.BaseLanding.testCloseAppSwitch(BaseLanding.java:63)
at tests.LandingITest.closeApp(LandingITest.java:49)
at operation.BaseLanding.testCloseAppSwitch(BaseLanding.java:63)
at tests.LandingITest.closeApp(LandingITest.java:49)
at operation.BaseLanding.testCloseAppSwitch(BaseLanding.java:63)
at tests.LandingITest.closeApp(LandingITest.java:49)
at operation.BaseLanding.testCloseAppSwitch(BaseLanding.java:63)
at tests.LandingITest.closeApp(LandingITest.java:49)
at operation.BaseLanding.testCloseAppSwitch(BaseLanding.java:63)
at tests.LandingITest.closeApp(LandingITest.java:49)
at operation.BaseLanding.testCloseAppSwitch(BaseLanding.java:63)
at tests.LandingITest.closeApp(LandingITest.java:49)
at operation.BaseLanding.testCloseAppSwitch(BaseLanding.java:63)
at tests.LandingITest.closeApp(LandingITest.java:49)
at operation.BaseLanding.testCloseAppSwitch(BaseLanding.java:63)
at tests.LandingITest.closeApp(LandingITest.java:49)
at operation.BaseLanding.testCloseAppSwitch(BaseLanding.java:63)
at tests.LandingITest.closeApp(LandingITest.java:49)
at operation.BaseLanding.testCloseAppSwitch(BaseLanding.java:63)
at tests.LandingITest.closeApp(LandingITest.java:49)
at operation.BaseLanding.testCloseAppSwitch(BaseLanding.java:63)
at tests.LandingITest.closeApp(LandingITest.java:49)
at operation.BaseLanding.testCloseAppSwitch(BaseLanding.java:63)
at tests.LandingITest.closeApp(LandingITest.java:49)
at operation.BaseLanding.testCloseAppSwitch(BaseLanding.java:63)
at tests.LandingITest.closeApp(LandingITest.java:49)
at operation.BaseLanding.testCloseAppSwitch(BaseLanding.java:63)
at tests.LandingITest.closeApp(LandingITest.java:49)
at operation.BaseLanding.testCloseAppSwitch(BaseLanding.java:63)
at tests.LandingITest.closeApp(LandingITest.java:49)
at operation.BaseLanding.testCloseAppSwitch(BaseLanding.java:63)
at tests.LandingITest.closeApp(LandingITest.java:49)
at operation.BaseLanding.testCloseAppSwitch(BaseLanding.java:63)
at tests.LandingITest.closeApp(LandingITest.java:49)
at operation.BaseLanding.testCloseAppSwitch(BaseLanding.java:63)
at tests.LandingITest.closeApp(LandingITest.java:49)
at operation.BaseLanding.testCloseAppSwitch(BaseLanding.java:63)
at tests.LandingITest.closeApp(LandingITest.java:49)
at operation.BaseLanding.testCloseAppSwitch(BaseLanding.java:63)
at tests.LandingITest.closeApp(LandingITest.java:49)
at operation.BaseLanding.testCloseAppSwitch(BaseLanding.java:63)
at tests.LandingITest.closeApp(LandingITest.java:49)
at operation.BaseLanding.testCloseAppSwitch(BaseLanding.java:63)
at tests.LandingITest.closeApp(LandingITest.java:49)
at operation.BaseLanding.testCloseAppSwitch(BaseLanding.java:63)
at tests.LandingITest.closeApp(LandingITest.java:49)
at operation.BaseLanding.testCloseAppSwitch(BaseLanding.java:63)
at tests.LandingITest.closeApp(LandingITest.java:49)
at operation.BaseLanding.testCloseAppSwitch(BaseLanding.java:63)
at tests.LandingITest.closeApp(LandingITest.java:49)
at operation.BaseLanding.testCloseAppSwitch(BaseLanding.java:63)
at tests.LandingITest.closeApp(LandingITest.java:49)
at operation.BaseLanding.testCloseAppSwitch(BaseLanding.java:63)
at tests.LandingITest.closeApp(LandingITest.java:49)
at operation.BaseLanding.testCloseAppSwitch(BaseLanding.java:63)
at tests.LandingITest.closeApp(LandingITest.java:49)
at operation.BaseLanding.testCloseAppSwitch(BaseLanding.java:63)
at tests.LandingITest.closeApp(LandingITest.java:49)
at operation.BaseLanding.testCloseAppSwitch(BaseLanding.java:63)
at tests.LandingITest.closeApp(LandingITest.java:49)
at operation.BaseLanding.testCloseAppSwitch(BaseLanding.java:63)
at tests.LandingITest.closeApp(LandingITest.java:49)
at operation.BaseLanding.testCloseAppSwitch(BaseLanding.java:63)
at tests.LandingITest.closeApp(LandingITest.java:49)
at operation.BaseLanding.testCloseAppSwitch(BaseLanding.java:63)
at tests.LandingITest.closeApp(LandingITest.java:49)
at operation.BaseLanding.testCloseAppSwitch(BaseLanding.java:63)
at tests.LandingITest.closeApp(LandingITest.java:49)
at operation.BaseLanding.testCloseAppSwitch(BaseLanding.java:63)
at tests.LandingITest.closeApp(LandingITest.java:49)
at operation.BaseLanding.testCloseAppSwitch(BaseLanding.java:63)
at tests.LandingITest.closeApp(LandingITest.java:49)
at operation.BaseLanding.testCloseAppSwitch(BaseLanding.java:63)
at tests.LandingITest.closeApp(LandingITest.java:49)
at operation.BaseLanding.testCloseAppSwitch(BaseLanding.java:63)
at tests.LandingITest.closeApp(LandingITest.java:49)
at operation.BaseLanding.testCloseAppSwitch(BaseLanding.java:63)
at tests.LandingITest.closeApp(LandingITest.java:49)
at operation.BaseLanding.testCloseAppSwitch(BaseLanding.java:63)
at tests.LandingITest.closeApp(LandingITest.java:49)
at operation.BaseLanding.testCloseAppSwitch(BaseLanding.java:63)
at tests.LandingITest.closeApp(LandingITest.java:49)
at operation.BaseLanding.testCloseAppSwitch(BaseLanding.java:63)
at tests.LandingITest.closeApp(LandingITest.java:49)
at operation.BaseLanding.testCloseAppSwitch(BaseLanding.java:63)
at tests.LandingITest.closeApp(LandingITest.java:49)
at operation.BaseLanding.testCloseAppSwitch(BaseLanding.java:63)
at tests.LandingITest.closeApp(LandingITest.java:49)
at operation.BaseLanding.testCloseAppSwitch(BaseLanding.java:63)
at tests.LandingITest.closeApp(LandingITest.java:49)
at operation.BaseLanding.testCloseAppSwitch(BaseLanding.java:63)
at tests.LandingITest.closeApp(LandingITest.java:49)
at operation.BaseLanding.testCloseAppSwitch(BaseLanding.java:63)
at tests.LandingITest.closeApp(LandingITest.java:49)
at operation.BaseLanding.testCloseAppSwitch(BaseLanding.java:63)
at tests.LandingITest.closeApp(LandingITest.java:49)
at operation.BaseLanding.testCloseAppSwitch(BaseLanding.java:63)
at tests.LandingITest.closeApp(LandingITest.java:49)
at operation.BaseLanding.testCloseAppSwitch(BaseLanding.java:63)
at tests.LandingITest.closeApp(LandingITest.java:49)
at operation.BaseLanding.testCloseAppSwitch(BaseLanding.java:63)
at tests.LandingITest.closeApp(LandingITest.java:49)
at operation.BaseLanding.testCloseAppSwitch(BaseLanding.java:63)
at tests.LandingITest.closeApp(LandingITest.java:49)
at operation.BaseLanding.testCloseAppSwitch(BaseLanding.java:63)
at tests.LandingITest.closeApp(LandingITest.java:49)
at operation.BaseLanding.testCloseAppSwitch(BaseLanding.java:63)
at tests.LandingITest.closeApp(LandingITest.java:49)
at operation.BaseLanding.testCloseAppSwitch(BaseLanding.java:63)
at tests.LandingITest.closeApp(LandingITest.java:49)
at operation.BaseLanding.testCloseAppSwitch(BaseLanding.java:63)
at tests.LandingITest.closeApp(LandingITest.java:49)
at operation.BaseLanding.testCloseAppSwitch(BaseLanding.java:63)
at tests.LandingITest.closeApp(LandingITest.java:49)
at operation.BaseLanding.testCloseAppSwitch(BaseLanding.java:63)
at tests.LandingITest.closeApp(LandingITest.java:49)
at operation.BaseLanding.testCloseAppSwitch(BaseLanding.java:63)
at tests.LandingITest.closeApp(LandingITest.java:49)
at operation.BaseLanding.testCloseAppSwitch(BaseLanding.java:63)
at tests.LandingITest.closeApp(LandingITest.java:49)
at operation.BaseLanding.testCloseAppSwitch(BaseLanding.java:63)
at tests.LandingITest.closeApp(LandingITest.java:49)
at operation.BaseLanding.testCloseAppSwitch(BaseLanding.java:63)
at tests.LandingITest.closeApp(LandingITest.java:49)
at operation.BaseLanding.testCloseAppSwitch(BaseLanding.java:63)
at tests.LandingITest.closeApp(LandingITest.java:49)
at operation.BaseLanding.testCloseAppSwitch(BaseLanding.java:63)
at tests.LandingITest.closeApp(LandingITest.java:49)
at operation.BaseLanding.testCloseAppSwitch(BaseLanding.java:63)
at tests.LandingITest.closeApp(LandingITest.java:49)
at operation.BaseLanding.testCloseAppSwitch(BaseLanding.java:63)
at tests.LandingITest.closeApp(LandingITest.java:49)
at operation.BaseLanding.testCloseAppSwitch(BaseLanding.java:63)
at tests.LandingITest.closeApp(LandingITest.java:49)
at operation.BaseLanding.testCloseAppSwitch(BaseLanding.java:63)
at tests.LandingITest.closeApp(LandingITest.java:49)
at operation.BaseLanding.testCloseAppSwitch(BaseLanding.java:63)
at tests.LandingITest.closeApp(LandingITest.java:49)
at operation.BaseLanding.testCloseAppSwitch(BaseLanding.java:63)
at tests.LandingITest.closeApp(LandingITest.java:49)
at operation.BaseLanding.testCloseAppSwitch(BaseLanding.java:63)
at tests.LandingITest.closeApp(LandingITest.java:49)
at operation.BaseLanding.testCloseAppSwitch(BaseLanding.java:63)
at tests.LandingITest.closeApp(LandingITest.java:49)
at operation.BaseLanding.testCloseAppSwitch(BaseLanding.java:63)
at tests.LandingITest.closeApp(LandingITest.java:49)
at operation.BaseLanding.testCloseAppSwitch(BaseLanding.java:63)
at tests.LandingITest.closeApp(LandingITest.java:49)
at operation.BaseLanding.testCloseAppSwitch(BaseLanding.java:63)
at tests.LandingITest.closeApp(LandingITest.java:49)
at operation.BaseLanding.testCloseAppSwitch(BaseLanding.java:63)
at tests.LandingITest.closeApp(LandingITest.java:49)
at operation.BaseLanding.testCloseAppSwitch(BaseLanding.java:63)
at tests.LandingITest.closeApp(LandingITest.java:49)
at operation.BaseLanding.testCloseAppSwitch(BaseLanding.java:63)
at tests.LandingITest.closeApp(LandingITest.java:49)
at operation.BaseLanding.testCloseAppSwitch(BaseLanding.java:63)
at tests.LandingITest.closeApp(LandingITest.java:49)
at operation.BaseLanding.testCloseAppSwitch(BaseLanding.java:63)
at tests.LandingITest.closeApp(LandingITest.java:49)
at operation.BaseLanding.testCloseAppSwitch(BaseLanding.java:63)
at tests.LandingITest.closeApp(LandingITest.java:49)
at operation.BaseLanding.testCloseAppSwitch(BaseLanding.java:63)
at tests.LandingITest.closeApp(LandingITest.java:49)
at operation.BaseLanding.testCloseAppSwitch(BaseLanding.java:63)
at tests.LandingITest.closeApp(LandingITest.java:49)
at operation.BaseLanding.testCloseAppSwitch(BaseLanding.java:63)
at tests.LandingITest.closeApp(LandingITest.java:49)
at operation.BaseLanding.testCloseAppSwitch(BaseLanding.java:63)
at tests.LandingITest.closeApp(LandingITest.java:49)
at operation.BaseLanding.testCloseAppSwitch(BaseLanding.java:63)
at tests.LandingITest.closeApp(LandingITest.java:49)
at operation.BaseLanding.testCloseAppSwitch(BaseLanding.java:63)
at tests.LandingITest.closeApp(LandingITest.java:49)
at operation.BaseLanding.testCloseAppSwitch(BaseLanding.java:63)
at tests.LandingITest.closeApp(LandingITest.java:49)
at operation.BaseLanding.testCloseAppSwitch(BaseLanding.java:63)
at tests.LandingITest.closeApp(LandingITest.java:49)
at operation.BaseLanding.testCloseAppSwitch(BaseLanding.java:63)
at tests.LandingITest.closeApp(LandingITest.java:49)
at operation.BaseLanding.testCloseAppSwitch(BaseLanding.java:63)
at tests.LandingITest.closeApp(LandingITest.java:49)
at operation.BaseLanding.testCloseAppSwitch(BaseLanding.java:63)
at tests.LandingITest.closeApp(LandingITest.java:49)
at operation.BaseLanding.testCloseAppSwitch(BaseLanding.java:63)
at tests.LandingITest.closeApp(LandingITest.java:49)
at operation.BaseLanding.testCloseAppSwitch(BaseLanding.java:63)
at tests.LandingITest.closeApp(LandingITest.java:49)
at operation.BaseLanding.testCloseAppSwitch(BaseLanding.java:63)
at tests.LandingITest.closeApp(LandingITest.java:49)
at operation.BaseLanding.testCloseAppSwitch(BaseLanding.java:63)
at tests.LandingITest.closeApp(LandingITest.java:49)
at operation.BaseLanding.testCloseAppSwitch(BaseLanding.java:63)
at tests.LandingITest.closeApp(LandingITest.java:49)
at operation.BaseLanding.testCloseAppSwitch(BaseLanding.java:63)
at tests.LandingITest.closeApp(LandingITest.java:49)
at operation.BaseLanding.testCloseAppSwitch(BaseLanding.java:63)
at tests.LandingITest.closeApp(LandingITest.java:49)
at operation.BaseLanding.testCloseAppSwitch(BaseLanding.java:63)
at tests.LandingITest.closeApp(LandingITest.java:49)
at operation.BaseLanding.testCloseAppSwitch(BaseLanding.java:63)
at tests.LandingITest.closeApp(LandingITest.java:49)
at operation.BaseLanding.testCloseAppSwitch(BaseLanding.java:63)
at tests.LandingITest.closeApp(LandingITest.java:49)
at operation.BaseLanding.testCloseAppSwitch(BaseLanding.java:63)
at tests.LandingITest.closeApp(LandingITest.java:49)
at operation.BaseLanding.testCloseAppSwitch(BaseLanding.java:63)
at tests.LandingITest.closeApp(LandingITest.java:49)
at operation.BaseLanding.testCloseAppSwitch(BaseLanding.java:63)
at tests.LandingITest.closeApp(LandingITest.java:49)
at operation.BaseLanding.testCloseAppSwitch(BaseLanding.java:63)
at tests.LandingITest.closeApp(LandingITest.java:49)
at operation.BaseLanding.testCloseAppSwitch(BaseLanding.java:63)
at tests.LandingITest.closeApp(LandingITest.java:49)
at operation.BaseLanding.testCloseAppSwitch(BaseLanding.java:63)
at tests.LandingITest.closeApp(LandingITest.java:49)
at operation.BaseLanding.testCloseAppSwitch(BaseLanding.java:63)
at tests.LandingITest.closeApp(LandingITest.java:49)
at operation.BaseLanding.testCloseAppSwitch(BaseLanding.java:63)
at tests.LandingITest.closeApp(LandingITest.java:49)
at operation.BaseLanding.testCloseAppSwitch(BaseLanding.java:63)
at tests.LandingITest.closeApp(LandingITest.java:49)
at operation.BaseLanding.testCloseAppSwitch(BaseLanding.java:63)
at tests.LandingITest.closeApp(LandingITest.java:49)
at operation.BaseLanding.testCloseAppSwitch(BaseLanding.java:63)
at tests.LandingITest.closeApp(LandingITest.java:49)
at operation.BaseLanding.testCloseAppSwitch(BaseLanding.java:63)
at tests.LandingITest.closeApp(LandingITest.java:49)
at operation.BaseLanding.testCloseAppSwitch(BaseLanding.java:63)
at tests.LandingITest.closeApp(LandingITest.java:49)
at operation.BaseLanding.testCloseAppSwitch(BaseLanding.java:63)
at tests.LandingITest.closeApp(LandingITest.java:49)
at operation.BaseLanding.testCloseAppSwitch(BaseLanding.java:63)
at tests.LandingITest.closeApp(LandingITest.java:49)
at operation.BaseLanding.testCloseAppSwitch(BaseLanding.java:63)
at tests.LandingITest.closeApp(LandingITest.java:49)
at operation.BaseLanding.testCloseAppSwitch(BaseLanding.java:63)
at tests.LandingITest.closeApp(LandingITest.java:49)
at operation.BaseLanding.testCloseAppSwitch(BaseLanding.java:63)
at tests.LandingITest.closeApp(LandingITest.java:49)
at operation.BaseLanding.testCloseAppSwitch(BaseLanding.java:63)
at tests.LandingITest.closeApp(LandingITest.java:49)
at operation.BaseLanding.testCloseAppSwitch(BaseLanding.java:63)
at tests.LandingITest.closeApp(LandingITest.java:49)
at operation.BaseLanding.testCloseAppSwitch(BaseLanding.java:63)
at tests.LandingITest.closeApp(LandingITest.java:49)
at operation.BaseLanding.testCloseAppSwitch(BaseLanding.java:63)
at tests.LandingITest.closeApp(LandingITest.java:49)
at operation.BaseLanding.testCloseAppSwitch(BaseLanding.java:63)
at tests.LandingITest.closeApp(LandingITest.java:49)
at operation.BaseLanding.testCloseAppSwitch(BaseLanding.java:63)
at tests.LandingITest.closeApp(LandingITest.java:49)
at operation.BaseLanding.testCloseAppSwitch(BaseLanding.java:63)
at tests.LandingITest.closeApp(LandingITest.java:49)
at operation.BaseLanding.testCloseAppSwitch(BaseLanding.java:63)
at tests.LandingITest.closeApp(LandingITest.java:49)
at operation.BaseLanding.testCloseAppSwitch(BaseLanding.java:63)
at tests.LandingITest.closeApp(LandingITest.java:49)
at operation.BaseLanding.testCloseAppSwitch(BaseLanding.java:63)
at tests.LandingITest.closeApp(LandingITest.java:49)
at operation.BaseLanding.testCloseAppSwitch(BaseLanding.java:63)
at tests.LandingITest.closeApp(LandingITest.java:49)
at operation.BaseLanding.testCloseAppSwitch(BaseLanding.java:63)
at tests.LandingITest.closeApp(LandingITest.java:49)
at operation.BaseLanding.testCloseAppSwitch(BaseLanding.java:63)
at tests.LandingITest.closeApp(LandingITest.java:49)
at operation.BaseLanding.testCloseAppSwitch(BaseLanding.java:63)
at tests.LandingITest.closeApp(LandingITest.java:49)
at operation.BaseLanding.testCloseAppSwitch(BaseLanding.java:63)
at tests.LandingITest.closeApp(LandingITest.java:49)
at operation.BaseLanding.testCloseAppSwitch(BaseLanding.java:63)
at tests.LandingITest.closeApp(LandingITest.java:49)
at operation.BaseLanding.testCloseAppSwitch(BaseLanding.java:63)
at tests.LandingITest.closeApp(LandingITest.java:49)
at operation.BaseLanding.testCloseAppSwitch(BaseLanding.java:63)
at tests.LandingITest.closeApp(LandingITest.java:49)
at operation.BaseLanding.testCloseAppSwitch(BaseLanding.java:63)
at tests.LandingITest.closeApp(LandingITest.java:49)
at operation.BaseLanding.testCloseAppSwitch(BaseLanding.java:63)
at tests.LandingITest.closeApp(LandingITest.java:49)
at operation.BaseLanding.testCloseAppSwitch(BaseLanding.java:63)
at tests.LandingITest.closeApp(LandingITest.java:49)
at operation.BaseLanding.testCloseAppSwitch(BaseLanding.java:63)
at tests.LandingITest.closeApp(LandingITest.java:49)
at operation.BaseLanding.testCloseAppSwitch(BaseLanding.java:63)
at tests.LandingITest.closeApp(LandingITest.java:49)
at operation.BaseLanding.testCloseAppSwitch(BaseLanding.java:63)
at tests.LandingITest.closeApp(LandingITest.java:49)
at operation.BaseLanding.testCloseAppSwitch(BaseLanding.java:63)
at tests.LandingITest.closeApp(LandingITest.java:49)
at operation.BaseLanding.testCloseAppSwitch(BaseLanding.java:63)
at tests.LandingITest.closeApp(LandingITest.java:49)
at operation.BaseLanding.testCloseAppSwitch(BaseLanding.java:63)
at tests.LandingITest.closeApp(LandingITest.java:49)
at operation.BaseLanding.testCloseAppSwitch(BaseLanding.java:63)
at tests.LandingITest.closeApp(LandingITest.java:49)
at operation.BaseLanding.testCloseAppSwitch(BaseLanding.java:63)
at tests.LandingITest.closeApp(LandingITest.java:49)
at operation.BaseLanding.testCloseAppSwitch(BaseLanding.java:63)
at tests.LandingITest.closeApp(LandingITest.java:49)
at operation.BaseLanding.testCloseAppSwitch(BaseLanding.java:63)
at tests.LandingITest.closeApp(LandingITest.java:49)
at operation.BaseLanding.testCloseAppSwitch(BaseLanding.java:63)
at tests.LandingITest.closeApp(LandingITest.java:49)
at operation.BaseLanding.testCloseAppSwitch(BaseLanding.java:63)
at tests.LandingITest.closeApp(LandingITest.java:49)
at operation.BaseLanding.testCloseAppSwitch(BaseLanding.java:63)
at tests.LandingITest.closeApp(LandingITest.java:49)
at operation.BaseLanding.testCloseAppSwitch(BaseLanding.java:63)
at tests.LandingITest.closeApp(LandingITest.java:49)
at operation.BaseLanding.testCloseAppSwitch(BaseLanding.java:63)
at tests.LandingITest.closeApp(LandingITest.java:49)
at operation.BaseLanding.testCloseAppSwitch(BaseLanding.java:63)
at tests.LandingITest.closeApp(LandingITest.java:49)
at operation.BaseLanding.testCloseAppSwitch(BaseLanding.java:63)
at tests.LandingITest.closeApp(LandingITest.java:49)
at operation.BaseLanding.testCloseAppSwitch(BaseLanding.java:63)
at tests.LandingITest.closeApp(LandingITest.java:49)
at operation.BaseLanding.testCloseAppSwitch(BaseLanding.java:63)
at tests.LandingITest.closeApp(LandingITest.java:49)
at operation.BaseLanding.testCloseAppSwitch(BaseLanding.java:63)
at tests.LandingITest.closeApp(LandingITest.java:49)
at operation.BaseLanding.testCloseAppSwitch(BaseLanding.java:63)
at tests.LandingITest.closeApp(LandingITest.java:49)
at operation.BaseLanding.testCloseAppSwitch(BaseLanding.java:63)
at tests.LandingITest.closeApp(LandingITest.java:49)
at operation.BaseLanding.testCloseAppSwitch(BaseLanding.java:63)
at tests.LandingITest.closeApp(LandingITest.java:49)
at operation.BaseLanding.testCloseAppSwitch(BaseLanding.java:63)
at tests.LandingITest.closeApp(LandingITest.java:49)
at operation.BaseLanding.testCloseAppSwitch(BaseLanding.java:63)
at tests.LandingITest.closeApp(LandingITest.java:49)
at operation.BaseLanding.testCloseAppSwitch(BaseLanding.java:63)
at tests.LandingITest.closeApp(LandingITest.java:49)
at operation.BaseLanding.testCloseAppSwitch(BaseLanding.java:63)
at tests.LandingITest.closeApp(LandingITest.java:49)
at operation.BaseLanding.testCloseAppSwitch(BaseLanding.java:63)
at tests.LandingITest.closeApp(LandingITest.java:49)
at operation.BaseLanding.testCloseAppSwitch(BaseLanding.java:63)
at tests.LandingITest.closeApp(LandingITest.java:49)
at operation.BaseLanding.testCloseAppSwitch(BaseLanding.java:63)
at tests.LandingITest.closeApp(LandingITest.java:49)
at operation.BaseLanding.testCloseAppSwitch(BaseLanding.java:63)
at tests.LandingITest.closeApp(LandingITest.java:49)
at operation.BaseLanding.testCloseAppSwitch(BaseLanding.java:63)
at tests.LandingITest.closeApp(LandingITest.java:49)
at operation.BaseLanding.testCloseAppSwitch(BaseLanding.java:63)
at tests.LandingITest.closeApp(LandingITest.java:49)
at operation.BaseLanding.testCloseAppSwitch(BaseLanding.java:63)
at tests.LandingITest.closeApp(LandingITest.java:49)
at operation.BaseLanding.testCloseAppSwitch(BaseLanding.java:63)
at tests.LandingITest.closeApp(LandingITest.java:49)
at operation.BaseLanding.testCloseAppSwitch(BaseLanding.java:63)
at tests.LandingITest.closeApp(LandingITest.java:49)
at operation.BaseLanding.testCloseAppSwitch(BaseLanding.java:63)
at tests.LandingITest.closeApp(LandingITest.java:49)
at operation.BaseLanding.testCloseAppSwitch(BaseLanding.java:63)
at tests.LandingITest.closeApp(LandingITest.java:49)
at operation.BaseLanding.testCloseAppSwitch(BaseLanding.java:63)
at tests.LandingITest.closeApp(LandingITest.java:49)
at operation.BaseLanding.testCloseAppSwitch(BaseLanding.java:63)
at tests.LandingITest.closeApp(LandingITest.java:49)
at operation.BaseLanding.testCloseAppSwitch(BaseLanding.java:63)
at tests.LandingITest.closeApp(LandingITest.java:49)
at operation.BaseLanding.testCloseAppSwitch(BaseLanding.java:63)
at tests.LandingITest.closeApp(LandingITest.java:49)
at operation.BaseLanding.testCloseAppSwitch(BaseLanding.java:63)
at tests.LandingITest.closeApp(LandingITest.java:49)
at operation.BaseLanding.testCloseAppSwitch(BaseLanding.java:63)
at tests.LandingITest.closeApp(LandingITest.java:49)
at operation.BaseLanding.testCloseAppSwitch(BaseLanding.java:63)
at tests.LandingITest.closeApp(LandingITest.java:49)
at operation.BaseLanding.testCloseAppSwitch(BaseLanding.java:63)
at tests.LandingITest.closeApp(LandingITest.java:49)
at operation.BaseLanding.testCloseAppSwitch(BaseLanding.java:63)
at tests.LandingITest.closeApp(LandingITest.java:49)
at operation.BaseLanding.testCloseAppSwitch(BaseLanding.java:63)
at tests.LandingITest.closeApp(LandingITest.java:49)
at operation.BaseLanding.testCloseAppSwitch(BaseLanding.java:63)
at tests.LandingITest.closeApp(LandingITest.java:49)
at operation.BaseLanding.testCloseAppSwitch(BaseLanding.java:63)
at tests.LandingITest.closeApp(LandingITest.java:49)
at operation.BaseLanding.testCloseAppSwitch(BaseLanding.java:63)
at tests.LandingITest.closeApp(LandingITest.java:49)
at operation.BaseLanding.testCloseAppSwitch(BaseLanding.java:63)
at tests.LandingITest.closeApp(LandingITest.java:49)
at operation.BaseLanding.testCloseAppSwitch(BaseLanding.java:63)
at tests.LandingITest.closeApp(LandingITest.java:49)
at operation.BaseLanding.testCloseAppSwitch(BaseLanding.java:63)
at tests.LandingITest.closeApp(LandingITest.java:49)
at operation.BaseLanding.testCloseAppSwitch(BaseLanding.java:63)
at tests.LandingITest.closeApp(LandingITest.java:49)
at operation.BaseLanding.testCloseAppSwitch(BaseLanding.java:63)
at tests.LandingITest.closeApp(LandingITest.java:49)
at operation.BaseLanding.testCloseAppSwitch(BaseLanding.java:63)
at tests.LandingITest.closeApp(LandingITest.java:49)
at operation.BaseLanding.testCloseAppSwitch(BaseLanding.java:63)
at tests.LandingITest.closeApp(LandingITest.java:49)
at operation.BaseLanding.testCloseAppSwitch(BaseLanding.java:63)
at tests.LandingITest.closeApp(LandingITest.java:49)
at operation.BaseLanding.testCloseAppSwitch(BaseLanding.java:63)
at tests.LandingITest.closeApp(LandingITest.java:49)
at operation.BaseLanding.testCloseAppSwitch(BaseLanding.java:63)
at tests.LandingITest.closeApp(LandingITest.java:49)
at operation.BaseLanding.testCloseAppSwitch(BaseLanding.java:63)
at tests.LandingITest.closeApp(LandingITest.java:49)
at operation.BaseLanding.testCloseAppSwitch(BaseLanding.java:63)
at tests.LandingITest.closeApp(LandingITest.java:49)
at operation.BaseLanding.testCloseAppSwitch(BaseLanding.java:63)
at tests.LandingITest.closeApp(LandingITest.java:49)
at operation.BaseLanding.testCloseAppSwitch(BaseLanding.java:63)
at tests.LandingITest.closeApp(LandingITest.java:49)
at operation.BaseLanding.testCloseAppSwitch(BaseLanding.java:63)
at tests.LandingITest.closeApp(LandingITest.java:49)
at operation.BaseLanding.testCloseAppSwitch(BaseLanding.java:63)
at tests.LandingITest.closeApp(LandingITest.java:49)
at operation.BaseLanding.testCloseAppSwitch(BaseLanding.java:63)
at tests.LandingITest.closeApp(LandingITest.java:49)
at operation.BaseLanding.testCloseAppSwitch(BaseLanding.java:63)
at tests.LandingITest.closeApp(LandingITest.java:49)
at operation.BaseLanding.testCloseAppSwitch(BaseLanding.java:63)
at tests.LandingITest.closeApp(LandingITest.java:49)
at operation.BaseLanding.testCloseAppSwitch(BaseLanding.java:63)
at tests.LandingITest.closeApp(LandingITest.java:49)
at operation.BaseLanding.testCloseAppSwitch(BaseLanding.java:63)
at tests.LandingITest.closeApp(LandingITest.java:49)
at operation.BaseLanding.testCloseAppSwitch(BaseLanding.java:63)
at tests.LandingITest.closeApp(LandingITest.java:49)
at operation.BaseLanding.testCloseAppSwitch(BaseLanding.java:63)
at tests.LandingITest.closeApp(LandingITest.java:49)
at operation.BaseLanding.testCloseAppSwitch(BaseLanding.java:63)
at tests.LandingITest.closeApp(LandingITest.java:49)
at operation.BaseLanding.testCloseAppSwitch(BaseLanding.java:63)
at tests.LandingITest.closeApp(LandingITest.java:49)
at operation.BaseLanding.testCloseAppSwitch(BaseLanding.java:63)
at tests.LandingITest.closeApp(LandingITest.java:49)
at operation.BaseLanding.testCloseAppSwitch(BaseLanding.java:63)
at tests.LandingITest.closeApp(LandingITest.java:49)
at operation.BaseLanding.testCloseAppSwitch(BaseLanding.java:63)
at tests.LandingITest.closeApp(LandingITest.java:49)
at operation.BaseLanding.testCloseAppSwitch(BaseLanding.java:63)
at tests.LandingITest.closeApp(LandingITest.java:49)
at operation.BaseLanding.testCloseAppSwitch(BaseLanding.java:63)
at tests.LandingITest.closeApp(LandingITest.java:49)
at operation.BaseLanding.testCloseAppSwitch(BaseLanding.java:63)
at tests.LandingITest.closeApp(LandingITest.java:49)
at operation.BaseLanding.testCloseAppSwitch(BaseLanding.java:63)
at tests.LandingITest.closeApp(LandingITest.java:49)
at operation.BaseLanding.testCloseAppSwitch(BaseLanding.java:63)
at tests.LandingITest.closeApp(LandingITest.java:49)
at operation.BaseLanding.testCloseAppSwitch(BaseLanding.java:63)
at tests.LandingITest.closeApp(LandingITest.java:49)
at operation.BaseLanding.testCloseAppSwitch(BaseLanding.java:63)
at tests.LandingITest.closeApp(LandingITest.java:49)
at operation.BaseLanding.testCloseAppSwitch(BaseLanding.java:63)
at tests.LandingITest.closeApp(LandingITest.java:49)
at operation.BaseLanding.testCloseAppSwitch(BaseLanding.java:63)
at tests.LandingITest.closeApp(LandingITest.java:49)
at operation.BaseLanding.testCloseAppSwitch(BaseLanding.java:63)
at tests.LandingITest.closeApp(LandingITest.java:49)
at operation.BaseLanding.testCloseAppSwitch(BaseLanding.java:63)
at tests.LandingITest.closeApp(LandingITest.java:49)
at operation.BaseLanding.testCloseAppSwitch(BaseLanding.java:63)
at tests.LandingITest.closeApp(LandingITest.java:49)
at operation.BaseLanding.testCloseAppSwitch(BaseLanding.java:63)
at tests.LandingITest.closeApp(LandingITest.java:49)
at operation.BaseLanding.testCloseAppSwitch(BaseLanding.java:63)
at tests.LandingITest.closeApp(LandingITest.java:49)
at operation.BaseLanding.testCloseAppSwitch(BaseLanding.java:63)
at tests.LandingITest.closeApp(LandingITest.java:49)
at operation.BaseLanding.testCloseAppSwitch(BaseLanding.java:63)
at tests.LandingITest.closeApp(LandingITest.java:49)
at operation.BaseLanding.testCloseAppSwitch(BaseLanding.java:63)
at tests.LandingITest.closeApp(LandingITest.java:49)
at operation.BaseLanding.testCloseAppSwitch(BaseLanding.java:63)
at tests.LandingITest.closeApp(LandingITest.java:49)
at operation.BaseLanding.testCloseAppSwitch(BaseLanding.java:63)
at tests.LandingITest.closeApp(LandingITest.java:49)
at operation.BaseLanding.testCloseAppSwitch(BaseLanding.java:63)
at tests.LandingITest.closeApp(LandingITest.java:49)
at operation.BaseLanding.testCloseAppSwitch(BaseLanding.java:63)
at tests.LandingITest.closeApp(LandingITest.java:49)
at operation.BaseLanding.testCloseAppSwitch(BaseLanding.java:63)
at tests.LandingITest.closeApp(LandingITest.java:49)
at operation.BaseLanding.testCloseAppSwitch(BaseLanding.java:63)
at tests.LandingITest.closeApp(LandingITest.java:49)
at operation.BaseLanding.testCloseAppSwitch(BaseLanding.java:63)
at tests.LandingITest.closeApp(LandingITest.java:49)
at operation.BaseLanding.testCloseAppSwitch(BaseLanding.java:63)
at tests.LandingITest.closeApp(LandingITest.java:49)
at operation.BaseLanding.testCloseAppSwitch(BaseLanding.java:63)
at tests.LandingITest.closeApp(LandingITest.java:49)
at operation.BaseLanding.testCloseAppSwitch(BaseLanding.java:63)
at tests.LandingITest.closeApp(LandingITest.java:49)
at operation.BaseLanding.testCloseAppSwitch(BaseLanding.java:63)
at tests.LandingITest.closeApp(LandingITest.java:49)
at operation.BaseLanding.testCloseAppSwitch(BaseLanding.java:63)
at tests.LandingITest.closeApp(LandingITest.java:49)
at operation.BaseLanding.testCloseAppSwitch(BaseLanding.java:63)
at tests.LandingITest.closeApp(LandingITest.java:49)
at operation.BaseLanding.testCloseAppSwitch(BaseLanding.java:63)
at tests.LandingITest.closeApp(LandingITest.java:49)
at operation.BaseLanding.testCloseAppSwitch(BaseLanding.java:63)
at tests.LandingITest.closeApp(LandingITest.java:49)
at operation.BaseLanding.testCloseAppSwitch(BaseLanding.java:63)
at tests.LandingITest.closeApp(LandingITest.java:49)
at operation.BaseLanding.testCloseAppSwitch(BaseLanding.java:63)
at tests.LandingITest.closeApp(LandingITest.java:49)
at operation.BaseLanding.testCloseAppSwitch(BaseLanding.java:63)
at tests.LandingITest.closeApp(LandingITest.java:49)
at operation.BaseLanding.testCloseAppSwitch(BaseLanding.java:63)
at tests.LandingITest.closeApp(LandingITest.java:49)
at operation.BaseLanding.testCloseAppSwitch(BaseLanding.java:63)
at tests.LandingITest.closeApp(LandingITest.java:49)
at operation.BaseLanding.testCloseAppSwitch(BaseLanding.java:63)
at tests.LandingITest.closeApp(LandingITest.java:49)
at operation.BaseLanding.testCloseAppSwitch(BaseLanding.java:63)
at tests.LandingITest.closeApp(LandingITest.java:49)
at operation.BaseLanding.testCloseAppSwitch(BaseLanding.java:63)
at tests.LandingITest.closeApp(LandingITest.java:49)
at operation.BaseLanding.testCloseAppSwitch(BaseLanding.java:63)
at tests.LandingITest.closeApp(LandingITest.java:49)
at operation.BaseLanding.testCloseAppSwitch(BaseLanding.java:63)
at tests.LandingITest.closeApp(LandingITest.java:49)
at operation.BaseLanding.testCloseAppSwitch(BaseLanding.java:63)
at tests.LandingITest.closeApp(LandingITest.java:49)
at operation.BaseLanding.testCloseAppSwitch(BaseLanding.java:63)
at tests.LandingITest.closeApp(LandingITest.java:49)
at operation.BaseLanding.testCloseAppSwitch(BaseLanding.java:63)
at tests.LandingITest.closeApp(LandingITest.java:49)
at operation.BaseLanding.testCloseAppSwitch(BaseLanding.java:63)
at tests.LandingITest.closeApp(LandingITest.java:49)
at operation.BaseLanding.testCloseAppSwitch(BaseLanding.java:63)
at tests.LandingITest.closeApp(LandingITest.java:49)
at operation.BaseLanding.testCloseAppSwitch(BaseLanding.java:63)
at tests.LandingITest.closeApp(LandingITest.java:49)
at operation.BaseLanding.testCloseAppSwitch(BaseLanding.java:63)
at tests.LandingITest.closeApp(LandingITest.java:49)
at operation.BaseLanding.testCloseAppSwitch(BaseLanding.java:63)
at tests.LandingITest.closeApp(LandingITest.java:49)
at operation.BaseLanding.testCloseAppSwitch(BaseLanding.java:63)
at tests.LandingITest.closeApp(LandingITest.java:49)
at operation.BaseLanding.testCloseAppSwitch(BaseLanding.java:63)
at tests.LandingITest.closeApp(LandingITest.java:49)
at operation.BaseLanding.testCloseAppSwitch(BaseLanding.java:63)
at tests.LandingITest.closeApp(LandingITest.java:49)
at operation.BaseLanding.testCloseAppSwitch(BaseLanding.java:63)
at tests.LandingITest.closeApp(LandingITest.java:49)
at operation.BaseLanding.testCloseAppSwitch(BaseLanding.java:63)
at tests.LandingITest.closeApp(LandingITest.java:49)
at operation.BaseLanding.testCloseAppSwitch(BaseLanding.java:63)
at tests.LandingITest.closeApp(LandingITest.java:49)
at operation.BaseLanding.testCloseAppSwitch(BaseLanding.java:63)
at tests.LandingITest.closeApp(LandingITest.java:49)
at operation.BaseLanding.testCloseAppSwitch(BaseLanding.java:63)
at tests.LandingITest.closeApp(LandingITest.java:49)
at operation.BaseLanding.testCloseAppSwitch(BaseLanding.java:63)
at tests.LandingITest.closeApp(LandingITest.java:49)
at operation.BaseLanding.testCloseAppSwitch(BaseLanding.java:63)
at tests.LandingITest.closeApp(LandingITest.java:49)
at operation.BaseLanding.testCloseAppSwitch(BaseLanding.java:63)
at tests.LandingITest.closeApp(LandingITest.java:49)
at operation.BaseLanding.testCloseAppSwitch(BaseLanding.java:63)
at tests.LandingITest.closeApp(LandingITest.java:49)
at operation.BaseLanding.testCloseAppSwitch(BaseLanding.java:63)
at tests.LandingITest.closeApp(LandingITest.java:49)
at operation.BaseLanding.testCloseAppSwitch(BaseLanding.java:63)
at tests.LandingITest.closeApp(LandingITest.java:49)
at operation.BaseLanding.testCloseAppSwitch(BaseLanding.java:63)
at tests.LandingITest.closeApp(LandingITest.java:49)
at operation.BaseLanding.testCloseAppSwitch(BaseLanding.java:63)
at tests.LandingITest.closeApp(LandingITest.java:49)
at operation.BaseLanding.testCloseAppSwitch(BaseLanding.java:63)
at tests.LandingITest.closeApp(LandingITest.java:49)
at operation.BaseLanding.testCloseAppSwitch(BaseLanding.java:63)
at tests.LandingITest.closeApp(LandingITest.java:49)
at operation.BaseLanding.testCloseAppSwitch(BaseLanding.java:63)
at tests.LandingITest.closeApp(LandingITest.java:49)
at operation.BaseLanding.testCloseAppSwitch(BaseLanding.java:63)
at tests.LandingITest.closeApp(LandingITest.java:49)
at operation.BaseLanding.testCloseAppSwitch(BaseLanding.java:63)
at tests.LandingITest.closeApp(LandingITest.java:49)
at operation.BaseLanding.testCloseAppSwitch(BaseLanding.java:63)
at tests.LandingITest.closeApp(LandingITest.java:49)
at operation.BaseLanding.testCloseAppSwitch(BaseLanding.java:63)
at tests.LandingITest.closeApp(LandingITest.java:49)
at operation.BaseLanding.testCloseAppSwitch(BaseLanding.java:63)
at tests.LandingITest.closeApp(LandingITest.java:49)
at operation.BaseLanding.testCloseAppSwitch(BaseLanding.java:63)
at tests.LandingITest.closeApp(LandingITest.java:49)
at operation.BaseLanding.testCloseAppSwitch(BaseLanding.java:63)
at tests.LandingITest.closeApp(LandingITest.java:49)
at operation.BaseLanding.testCloseAppSwitch(BaseLanding.java:63)
at tests.LandingITest.closeApp(LandingITest.java:49)
at operation.BaseLanding.testCloseAppSwitch(BaseLanding.java:63)
at tests.LandingITest.closeApp(LandingITest.java:49)
at operation.BaseLanding.testCloseAppSwitch(BaseLanding.java:63)
at tests.LandingITest.closeApp(LandingITest.java:49)
at operation.BaseLanding.testCloseAppSwitch(BaseLanding.java:63)
at tests.LandingITest.closeApp(LandingITest.java:49)
at operation.BaseLanding.testCloseAppSwitch(BaseLanding.java:63)
at tests.LandingITest.closeApp(LandingITest.java:49)
at operation.BaseLanding.testCloseAppSwitch(BaseLanding.java:63)
at tests.LandingITest.closeApp(LandingITest.java:49)
at operation.BaseLanding.testCloseAppSwitch(BaseLanding.java:63)
at tests.LandingITest.closeApp(LandingITest.java:49)
at operation.BaseLanding.testCloseAppSwitch(BaseLanding.java:63)
at tests.LandingITest.closeApp(LandingITest.java:49)
at operation.BaseLanding.testCloseAppSwitch(BaseLanding.java:63)
at tests.LandingITest.closeApp(LandingITest.java:49)
at operation.BaseLanding.testCloseAppSwitch(BaseLanding.java:63)
at tests.LandingITest.closeApp(LandingITest.java:49)
at operation.BaseLanding.testCloseAppSwitch(BaseLanding.java:63)
at tests.LandingITest.closeApp(LandingITest.java:49)
at operation.BaseLanding.testCloseAppSwitch(BaseLanding.java:63)
at tests.LandingITest.closeApp(LandingITest.java:49)
at operation.BaseLanding.testCloseAppSwitch(BaseLanding.java:63)
at tests.LandingITest.closeApp(LandingITest.java:49)
at operation.BaseLanding.testCloseAppSwitch(BaseLanding.java:63)
at tests.LandingITest.closeApp(LandingITest.java:49)
at operation.BaseLanding.testCloseAppSwitch(BaseLanding.java:63)
at tests.LandingITest.closeApp(LandingITest.java:49)
at operation.BaseLanding.testCloseAppSwitch(BaseLanding.java:63)
at tests.LandingITest.closeApp(LandingITest.java:49)
at operation.BaseLanding.testCloseAppSwitch(BaseLanding.java:63)
at tests.LandingITest.closeApp(LandingITest.java:49)
at operation.BaseLanding.testCloseAppSwitch(BaseLanding.java:63)
at tests.LandingITest.closeApp(LandingITest.java:49)
at operation.BaseLanding.testCloseAppSwitch(BaseLanding.java:63)
at tests.LandingITest.closeApp(LandingITest.java:49)
at operation.BaseLanding.testCloseAppSwitch(BaseLanding.java:63)
at tests.LandingITest.closeApp(LandingITest.java:49)
at operation.BaseLanding.testCloseAppSwitch(BaseLanding.java:63)
at tests.LandingITest.closeApp(LandingITest.java:49)
at operation.BaseLanding.testCloseAppSwitch(BaseLanding.java:63)
at tests.LandingITest.closeApp(LandingITest.java:49)
at operation.BaseLanding.testCloseAppSwitch(BaseLanding.java:63)
at tests.LandingITest.closeApp(LandingITest.java:49)
at operation.BaseLanding.testCloseAppSwitch(BaseLanding.java:63)
at tests.LandingITest.closeApp(LandingITest.java:49)
at operation.BaseLanding.testCloseAppSwitch(BaseLanding.java:63)
at tests.LandingITest.closeApp(LandingITest.java:49)
at operation.BaseLanding.testCloseAppSwitch(BaseLanding.java:63)
at tests.LandingITest.closeApp(LandingITest.java:49)
at operation.BaseLanding.testCloseAppSwitch(BaseLanding.java:63)
at tests.LandingITest.closeApp(LandingITest.java:49)
at operation.BaseLanding.testCloseAppSwitch(BaseLanding.java:63)
at tests.LandingITest.closeApp(LandingITest.java:49)
at operation.BaseLanding.testCloseAppSwitch(BaseLanding.java:63)
at tests.LandingITest.closeApp(LandingITest.java:49)
at operation.BaseLanding.testCloseAppSwitch(BaseLanding.java:63)
at tests.LandingITest.closeApp(LandingITest.java:49)
at operation.BaseLanding.testCloseAppSwitch(BaseLanding.java:63)
at tests.LandingITest.closeApp(LandingITest.java:49)
at operation.BaseLanding.testCloseAppSwitch(BaseLanding.java:63)
at tests.LandingITest.closeApp(LandingITest.java:49)
at operation.BaseLanding.testCloseAppSwitch(BaseLanding.java:63)
at tests.LandingITest.closeApp(LandingITest.java:49)
at operation.BaseLanding.testCloseAppSwitch(BaseLanding.java:63)
at tests.LandingITest.closeApp(LandingITest.java:49)
at operation.BaseLanding.testCloseAppSwitch(BaseLanding.java:63)
at tests.LandingITest.closeApp(LandingITest.java:49)
at operation.BaseLanding.testCloseAppSwitch(BaseLanding.java:63)
at tests.LandingITest.closeApp(LandingITest.java:49)
at operation.BaseLanding.testCloseAppSwitch(BaseLanding.java:63)
at tests.LandingITest.closeApp(LandingITest.java:49)
at operation.BaseLanding.testCloseAppSwitch(BaseLanding.java:63)
at tests.LandingITest.closeApp(LandingITest.java:49)
at operation.BaseLanding.testCloseAppSwitch(BaseLanding.java:63)
at tests.LandingITest.closeApp(LandingITest.java:49)
at operation.BaseLanding.testCloseAppSwitch(BaseLanding.java:63)
at tests.LandingITest.closeApp(LandingITest.java:49)
at operation.BaseLanding.testCloseAppSwitch(BaseLanding.java:63)
at tests.LandingITest.closeApp(LandingITest.java:49)
at operation.BaseLanding.testCloseAppSwitch(BaseLanding.java:63)
at tests.LandingITest.closeApp(LandingITest.java:49)
at operation.BaseLanding.testCloseAppSwitch(BaseLanding.java:63)
at tests.LandingITest.closeApp(LandingITest.java:49)
at operation.BaseLanding.testCloseAppSwitch(BaseLanding.java:63)
at tests.LandingITest.closeApp(LandingITest.java:49)
at operation.BaseLanding.testCloseAppSwitch(BaseLanding.java:63)
at tests.LandingITest.closeApp(LandingITest.java:49)
at operation.BaseLanding.testCloseAppSwitch(BaseLanding.java:63)
at tests.LandingITest.closeApp(LandingITest.java:49)
at operation.BaseLanding.testCloseAppSwitch(BaseLanding.java:63)
at tests.LandingITest.closeApp(LandingITest.java:49)
at operation.BaseLanding.testCloseAppSwitch(BaseLanding.java:63)
at tests.LandingITest.closeApp(LandingITest.java:49)
at operation.BaseLanding.testCloseAppSwitch(BaseLanding.java:63)
at tests.LandingITest.closeApp(LandingITest.java:49)
at operation.BaseLanding.testCloseAppSwitch(BaseLanding.java:63)
at tests.LandingITest.closeApp(LandingITest.java:49)
at operation.BaseLanding.testCloseAppSwitch(BaseLanding.java:63)
at tests.LandingITest.closeApp(LandingITest.java:49)
at operation.BaseLanding.testCloseAppSwitch(BaseLanding.java:63)
at tests.LandingITest.closeApp(LandingITest.java:49)
at operation.BaseLanding.testCloseAppSwitch(BaseLanding.java:63)
at tests.LandingITest.closeApp(LandingITest.java:49)
at operation.BaseLanding.testCloseAppSwitch(BaseLanding.java:63)
at tests.LandingITest.closeApp(LandingITest.java:49)
at operation.BaseLanding.testCloseAppSwitch(BaseLanding.java:63)
at tests.LandingITest.closeApp(LandingITest.java:49)
at operation.BaseLanding.testCloseAppSwitch(BaseLanding.java:63)
at tests.LandingITest.closeApp(LandingITest.java:49)
at operation.BaseLanding.testCloseAppSwitch(BaseLanding.java:63)
at tests.LandingITest.closeApp(LandingITest.java:49)
at operation.BaseLanding.testCloseAppSwitch(BaseLanding.java:63)
at tests.LandingITest.closeApp(LandingITest.java:49)
at operation.BaseLanding.testCloseAppSwitch(BaseLanding.java:63)
at tests.LandingITest.closeApp(LandingITest.java:49)
at operation.BaseLanding.testCloseAppSwitch(BaseLanding.java:63)
at tests.LandingITest.closeApp(LandingITest.java:49)
at operation.BaseLanding.testCloseAppSwitch(BaseLanding.java:63)
at tests.LandingITest.closeApp(LandingITest.java:49)
at operation.BaseLanding.testCloseAppSwitch(BaseLanding.java:63)
at tests.LandingITest.closeApp(LandingITest.java:49)
at operation.BaseLanding.testCloseAppSwitch(BaseLanding.java:63)
at tests.LandingITest.closeApp(LandingITest.java:49)
at operation.BaseLanding.testCloseAppSwitch(BaseLanding.java:63)
at tests.LandingITest.closeApp(LandingITest.java:49)
at operation.BaseLanding.testCloseAppSwitch(BaseLanding.java:63)
at tests.LandingITest.closeApp(LandingITest.java:49)
at operation.BaseLanding.testCloseAppSwitch(BaseLanding.java:63)
at tests.LandingITest.closeApp(LandingITest.java:49)
at operation.BaseLanding.testCloseAppSwitch(BaseLanding.java:63)
at tests.LandingITest.closeApp(LandingITest.java:49)
at operation.BaseLanding.testCloseAppSwitch(BaseLanding.java:63)
at tests.LandingITest.closeApp(LandingITest.java:49)
at operation.BaseLanding.testCloseAppSwitch(BaseLanding.java:63)
at tests.LandingITest.closeApp(LandingITest.java:49)
at operation.BaseLanding.testCloseAppSwitch(BaseLanding.java:63)
at tests.LandingITest.closeApp(LandingITest.java:49)
at operation.BaseLanding.testCloseAppSwitch(BaseLanding.java:63)
at tests.LandingITest.closeApp(LandingITest.java:49)
at operation.BaseLanding.testCloseAppSwitch(BaseLanding.java:63)
at tests.LandingITest.closeApp(LandingITest.java:49)
at operation.BaseLanding.testCloseAppSwitch(BaseLanding.java:63)
at tests.LandingITest.closeApp(LandingITest.java:49)
at operation.BaseLanding.testCloseAppSwitch(BaseLanding.java:63)
at tests.LandingITest.closeApp(LandingITest.java:49)
at operation.BaseLanding.testCloseAppSwitch(BaseLanding.java:63)
at tests.LandingITest.closeApp(LandingITest.java:49)
at operation.BaseLanding.testCloseAppSwitch(BaseLanding.java:63)
at tests.LandingITest.closeApp(LandingITest.java:49)
at operation.BaseLanding.testCloseAppSwitch(BaseLanding.java:63)
at tests.LandingITest.closeApp(LandingITest.java:49)
at operation.BaseLanding.testCloseAppSwitch(BaseLanding.java:63)
at tests.LandingITest.closeApp(LandingITest.java:49)
at operation.BaseLanding.testCloseAppSwitch(BaseLanding.java:63)
at tests.LandingITest.closeApp(LandingITest.java:49)
at operation.BaseLanding.testCloseAppSwitch(BaseLanding.java:63)
at tests.LandingITest.closeApp(LandingITest.java:49)
at operation.BaseLanding.testCloseAppSwitch(BaseLanding.java:63)
at tests.LandingITest.closeApp(LandingITest.java:49)
at operation.BaseLanding.testCloseAppSwitch(BaseLanding.java:63)
at tests.LandingITest.closeApp(LandingITest.java:49)
at operation.BaseLanding.testCloseAppSwitch(BaseLanding.java:63)
at tests.LandingITest.closeApp(LandingITest.java:49)
at operation.BaseLanding.testCloseAppSwitch(BaseLanding.java:63)
at tests.LandingITest.closeApp(LandingITest.java:49)
at operation.BaseLanding.testCloseAppSwitch(BaseLanding.java:63)
at tests.LandingITest.closeApp(LandingITest.java:49)
at operation.BaseLanding.testCloseAppSwitch(BaseLanding.java:63)
at tests.LandingITest.closeApp(LandingITest.java:49)
at operation.BaseLanding.testCloseAppSwitch(BaseLanding.java:63)
at tests.LandingITest.closeApp(LandingITest.java:49)
at operation.BaseLanding.testCloseAppSwitch(BaseLanding.java:63)
at tests.LandingITest.closeApp(LandingITest.java:49)
at operation.BaseLanding.testCloseAppSwitch(BaseLanding.java:63)
at tests.LandingITest.closeApp(LandingITest.java:49)
at operation.BaseLanding.testCloseAppSwitch(BaseLanding.java:63)
at tests.LandingITest.closeApp(LandingITest.java:49)
at operation.BaseLanding.testCloseAppSwitch(BaseLanding.java:63)
at tests.LandingITest.closeApp(LandingITest.java:49)
at operation.BaseLanding.testCloseAppSwitch(BaseLanding.java:63)
at tests.LandingITest.closeApp(LandingITest.java:49)
at operation.BaseLanding.testCloseAppSwitch(BaseLanding.java:63)
at tests.LandingITest.closeApp(LandingITest.java:49)
at operation.BaseLanding.testCloseAppSwitch(BaseLanding.java:63)
at tests.LandingITest.closeApp(LandingITest.java:49)
at operation.BaseLanding.testCloseAppSwitch(BaseLanding.java:63)
at tests.LandingITest.closeApp(LandingITest.java:49)
at operation.BaseLanding.testCloseAppSwitch(BaseLanding.java:63)
at tests.LandingITest.closeApp(LandingITest.java:49)
at operation.BaseLanding.testCloseAppSwitch(BaseLanding.java:63)
at tests.LandingITest.closeApp(LandingITest.java:49)
at operation.BaseLanding.testCloseAppSwitch(BaseLanding.java:63)
at tests.LandingITest.closeApp(LandingITest.java:49)
at operation.BaseLanding.testCloseAppSwitch(BaseLanding.java:63)
at tests.LandingITest.closeApp(LandingITest.java:49)
at operation.BaseLanding.testCloseAppSwitch(BaseLanding.java:63)
at tests.LandingITest.closeApp(LandingITest.java:49)
at operation.BaseLanding.testCloseAppSwitch(BaseLanding.java:63)
at tests.LandingITest.closeApp(LandingITest.java:49)
at operation.BaseLanding.testCloseAppSwitch(BaseLanding.java:63)
at tests.LandingITest.closeApp(LandingITest.java:49)
at operation.BaseLanding.testCloseAppSwitch(BaseLanding.java:63)
at tests.LandingITest.closeApp(LandingITest.java:49)
at operation.BaseLanding.testCloseAppSwitch(BaseLanding.java:63)
at tests.LandingITest.closeApp(LandingITest.java:49)
at operation.BaseLanding.testCloseAppSwitch(BaseLanding.java:63)
at tests.LandingITest.closeApp(LandingITest.java:49)
at operation.BaseLanding.testCloseAppSwitch(BaseLanding.java:63)
at tests.LandingITest.closeApp(LandingITest.java:49)
at operation.BaseLanding.testCloseAppSwitch(BaseLanding.java:63)
at tests.LandingITest.closeApp(LandingITest.java:49)
at operation.BaseLanding.testCloseAppSwitch(BaseLanding.java:63)
at tests.LandingITest.closeApp(LandingITest.java:49)
at operation.BaseLanding.testCloseAppSwitch(BaseLanding.java:63)
at tests.LandingITest.closeApp(LandingITest.java:49)
at operation.BaseLanding.testCloseAppSwitch(BaseLanding.java:63)
at tests.LandingITest.closeApp(LandingITest.java:49)
at operation.BaseLanding.testCloseAppSwitch(BaseLanding.java:63)
at tests.LandingITest.closeApp(LandingITest.java:49)
at operation.BaseLanding.testCloseAppSwitch(BaseLanding.java:63)
at tests.LandingITest.closeApp(LandingITest.java:49)
at operation.BaseLanding.testCloseAppSwitch(BaseLanding.java:63)
at tests.LandingITest.closeApp(LandingITest.java:49)
at operation.BaseLanding.testCloseAppSwitch(BaseLanding.java:63)
at tests.LandingITest.closeApp(LandingITest.java:49)
at operation.BaseLanding.testCloseAppSwitch(BaseLanding.java:63)
at tests.LandingITest.closeApp(LandingITest.java:49)
at operation.BaseLanding.testCloseAppSwitch(BaseLanding.java:63)
at tests.LandingITest.closeApp(LandingITest.java:49)
at operation.BaseLanding.testCloseAppSwitch(BaseLanding.java:63)
at tests.LandingITest.closeApp(LandingITest.java:49)
at operation.BaseLanding.testCloseAppSwitch(BaseLanding.java:63)
at tests.LandingITest.closeApp(LandingITest.java:49)
at operation.BaseLanding.testCloseAppSwitch(BaseLanding.java:63)
at tests.LandingITest.closeApp(LandingITest.java:49)
at operation.BaseLanding.testCloseAppSwitch(BaseLanding.java:63)
at tests.LandingITest.closeApp(LandingITest.java:49)
at operation.BaseLanding.testCloseAppSwitch(BaseLanding.java:63)
at tests.LandingITest.closeApp(LandingITest.java:49)
at operation.BaseLanding.testCloseAppSwitch(BaseLanding.java:63)
at tests.LandingITest.closeApp(LandingITest.java:49)
at operation.BaseLanding.testCloseAppSwitch(BaseLanding.java:63)
at tests.LandingITest.closeApp(LandingITest.java:49)
at operation.BaseLanding.testCloseAppSwitch(BaseLanding.java:63)
at tests.LandingITest.closeApp(LandingITest.java:49)
at operation.BaseLanding.testCloseAppSwitch(BaseLanding.java:63)
at tests.LandingITest.closeApp(LandingITest.java:49)
at operation.BaseLanding.testCloseAppSwitch(BaseLanding.java:63)
at tests.LandingITest.closeApp(LandingITest.java:49)
at operation.BaseLanding.testCloseAppSwitch(BaseLanding.java:63)
at tests.LandingITest.closeApp(LandingITest.java:49)
at operation.BaseLanding.testCloseAppSwitch(BaseLanding.java:63)
at tests.LandingITest.closeApp(LandingITest.java:49)
at operation.BaseLanding.testCloseAppSwitch(BaseLanding.java:63)
at tests.LandingITest.closeApp(LandingITest.java:49)
at operation.BaseLanding.testCloseAppSwitch(BaseLanding.java:63)
at tests.LandingITest.closeApp(LandingITest.java:49)
at operation.BaseLanding.testCloseAppSwitch(BaseLanding.java:63)
at tests.LandingITest.closeApp(LandingITest.java:49)
at operation.BaseLanding.testCloseAppSwitch(BaseLanding.java:63)
at tests.LandingITest.closeApp(LandingITest.java:49)
at operation.BaseLanding.testCloseAppSwitch(BaseLanding.java:63)
at tests.LandingITest.closeApp(LandingITest.java:49)
at operation.BaseLanding.testCloseAppSwitch(BaseLanding.java:63)
at tests.LandingITest.closeApp(LandingITest.java:49)
at operation.BaseLanding.testCloseAppSwitch(BaseLanding.java:63)
at tests.LandingITest.closeApp(LandingITest.java:49)
at operation.BaseLanding.testCloseAppSwitch(BaseLanding.java:63)
at tests.LandingITest.closeApp(LandingITest.java:49)
at operation.BaseLanding.testCloseAppSwitch(BaseLanding.java:63)
at tests.LandingITest.closeApp(LandingITest.java:49)
at operation.BaseLanding.testCloseAppSwitch(BaseLanding.java:63)
at tests.LandingITest.closeApp(LandingITest.java:49)
at operation.BaseLanding.testCloseAppSwitch(BaseLanding.java:63)
at tests.LandingITest.closeApp(LandingITest.java:49)
at operation.BaseLanding.testCloseAppSwitch(BaseLanding.java:63)
at tests.LandingITest.closeApp(LandingITest.java:49)
at operation.BaseLanding.testCloseAppSwitch(BaseLanding.java:63)
at tests.LandingITest.closeApp(LandingITest.java:49)
at operation.BaseLanding.testCloseAppSwitch(BaseLanding.java:63)
at tests.LandingITest.closeApp(LandingITest.java:49)
at operation.BaseLanding.testCloseAppSwitch(BaseLanding.java:63)
at tests.LandingITest.closeApp(LandingITest.java:49)
at operation.BaseLanding.testCloseAppSwitch(BaseLanding.java:63)
at tests.LandingITest.closeApp(LandingITest.java:49)
at operation.BaseLanding.testCloseAppSwitch(BaseLanding.java:63)
at tests.LandingITest.closeApp(LandingITest.java:49)
at operation.BaseLanding.testCloseAppSwitch(BaseLanding.java:63)
at tests.LandingITest.closeApp(LandingITest.java:49)
at operation.BaseLanding.testCloseAppSwitch(BaseLanding.java:63)
at tests.LandingITest.closeApp(LandingITest.java:49)
at operation.BaseLanding.testCloseAppSwitch(BaseLanding.java:63)
at tests.LandingITest.closeApp(LandingITest.java:49)
at operation.BaseLanding.testCloseAppSwitch(BaseLanding.java:63)
at tests.LandingITest.closeApp(LandingITest.java:49)
at operation.BaseLanding.testCloseAppSwitch(BaseLanding.java:63)
at tests.LandingITest.closeApp(LandingITest.java:49)
at operation.BaseLanding.testCloseAppSwitch(BaseLanding.java:63)
at tests.LandingITest.closeApp(LandingITest.java:49)
at operation.BaseLanding.testCloseAppSwitch(BaseLanding.java:63)
at tests.LandingITest.closeApp(LandingITest.java:49)
at operation.BaseLanding.testCloseAppSwitch(BaseLanding.java:63)
at tests.LandingITest.closeApp(LandingITest.java:49)
at operation.BaseLanding.testCloseAppSwitch(BaseLanding.java:63)
at tests.LandingITest.closeApp(LandingITest.java:49)
at operation.BaseLanding.testCloseAppSwitch(BaseLanding.java:63)
at tests.LandingITest.closeApp(LandingITest.java:49)
at operation.BaseLanding.testCloseAppSwitch(BaseLanding.java:63)
at tests.LandingITest.closeApp(LandingITest.java:49)
at operation.BaseLanding.testCloseAppSwitch(BaseLanding.java:63)
at tests.LandingITest.closeApp(LandingITest.java:49)
at operation.BaseLanding.testCloseAppSwitch(BaseLanding.java:63)
at tests.LandingITest.closeApp(LandingITest.java:49)
at operation.BaseLanding.testCloseAppSwitch(BaseLanding.java:63)
at tests.LandingITest.closeApp(LandingITest.java:49)
at operation.BaseLanding.testCloseAppSwitch(BaseLanding.java:63)
at tests.LandingITest.closeApp(LandingITest.java:49)
at operation.BaseLanding.testCloseAppSwitch(BaseLanding.java:63)
at tests.LandingITest.closeApp(LandingITest.java:49)
at operation.BaseLanding.testCloseAppSwitch(BaseLanding.java:63)
at tests.LandingITest.closeApp(LandingITest.java:49)
at operation.BaseLanding.testCloseAppSwitch(BaseLanding.java:63)
at tests.LandingITest.closeApp(LandingITest.java:49)
at operation.BaseLanding.testCloseAppSwitch(BaseLanding.java:63)
at tests.LandingITest.closeApp(LandingITest.java:49)
at operation.BaseLanding.testCloseAppSwitch(BaseLanding.java:63)
at tests.LandingITest.closeApp(LandingITest.java:49)
at operation.BaseLanding.testCloseAppSwitch(BaseLanding.java:63)
at tests.LandingITest.closeApp(LandingITest.java:49)
at operation.BaseLanding.testCloseAppSwitch(BaseLanding.java:63)
at tests.LandingITest.closeApp(LandingITest.java:49)
at operation.BaseLanding.testCloseAppSwitch(BaseLanding.java:63)
at tests.LandingITest.closeApp(LandingITest.java:49)
at operation.BaseLanding.testCloseAppSwitch(BaseLanding.java:63)
at tests.LandingITest.closeApp(LandingITest.java:49)
at operation.BaseLanding.testCloseAppSwitch(BaseLanding.java:63)
at tests.LandingITest.closeApp(LandingITest.java:49)
at operation.BaseLanding.testCloseAppSwitch(BaseLanding.java:63)
at tests.LandingITest.closeApp(LandingITest.java:49)
at operation.BaseLanding.testCloseAppSwitch(BaseLanding.java:63)
at tests.LandingITest.closeApp(LandingITest.java:49)
at operation.BaseLanding.testCloseAppSwitch(BaseLanding.java:63)
at tests.LandingITest.closeApp(LandingITest.java:49)
at operation.BaseLanding.testCloseAppSwitch(BaseLanding.java:63)
at tests.LandingITest.closeApp(LandingITest.java:49)
at operation.BaseLanding.testCloseAppSwitch(BaseLanding.java:63)
at tests.LandingITest.closeApp(LandingITest.java:49)
at operation.BaseLanding.testCloseAppSwitch(BaseLanding.java:63)
at tests.LandingITest.closeApp(LandingITest.java:49)
at operation.BaseLanding.testCloseAppSwitch(BaseLanding.java:63)
at tests.LandingITest.closeApp(LandingITest.java:49)
at operation.BaseLanding.testCloseAppSwitch(BaseLanding.java:63)
at tests.LandingITest.closeApp(LandingITest.java:49)
at operation.BaseLanding.testCloseAppSwitch(BaseLanding.java:63)
at tests.LandingITest.closeApp(LandingITest.java:49)
at operation.BaseLanding.testCloseAppSwitch(BaseLanding.java:63)
at tests.LandingITest.closeApp(LandingITest.java:49)
at operation.BaseLanding.testCloseAppSwitch(BaseLanding.java:63)
at tests.LandingITest.closeApp(LandingITest.java:49)
at operation.BaseLanding.testCloseAppSwitch(BaseLanding.java:63)
at tests.LandingITest.closeApp(LandingITest.java:49)
at operation.BaseLanding.testCloseAppSwitch(BaseLanding.java:63)
at tests.LandingITest.closeApp(LandingITest.java:49)
at operation.BaseLanding.testCloseAppSwitch(BaseLanding.java:63)
at tests.LandingITest.closeApp(LandingITest.java:49)
at operation.BaseLanding.testCloseAppSwitch(BaseLanding.java:63)
at tests.LandingITest.closeApp(LandingITest.java:49)
at operation.BaseLanding.testCloseAppSwitch(BaseLanding.java:63)
at tests.LandingITest.closeApp(LandingITest.java:49)
at operation.BaseLanding.testCloseAppSwitch(BaseLanding.java:63)
at tests.LandingITest.closeApp(LandingITest.java:49)
at operation.BaseLanding.testCloseAppSwitch(BaseLanding.java:63)
at tests.LandingITest.closeApp(LandingITest.java:49)
at operation.BaseLanding.testCloseAppSwitch(BaseLanding.java:63)
at tests.LandingITest.closeApp(LandingITest.java:49)
at operation.BaseLanding.testCloseAppSwitch(BaseLanding.java:63)
at tests.LandingITest.closeApp(LandingITest.java:49)
at operation.BaseLanding.testCloseAppSwitch(BaseLanding.java:63)
at tests.LandingITest.closeApp(LandingITest.java:49)
at operation.BaseLanding.testCloseAppSwitch(BaseLanding.java:63)
at tests.LandingITest.closeApp(LandingITest.java:49)
at operation.BaseLanding.testCloseAppSwitch(BaseLanding.java:63)
at tests.LandingITest.closeApp(LandingITest.java:49)
at operation.BaseLanding.testCloseAppSwitch(BaseLanding.java:63)
at tests.LandingITest.closeApp(LandingITest.java:49)
at operation.BaseLanding.testCloseAppSwitch(BaseLanding.java:63)
at tests.LandingITest.closeApp(LandingITest.java:49)
at operation.BaseLanding.testCloseAppSwitch(BaseLanding.java:63)
at tests.LandingITest.closeApp(LandingITest.java:49)
at operation.BaseLanding.testCloseAppSwitch(BaseLanding.java:63)
at tests.LandingITest.closeApp(LandingITest.java:49)
at operation.BaseLanding.testCloseAppSwitch(BaseLanding.java:63)
at tests.LandingITest.closeApp(LandingITest.java:49)
at operation.BaseLanding.testCloseAppSwitch(BaseLanding.java:63)
at tests.LandingITest.closeApp(LandingITest.java:49)
at operation.BaseLanding.testCloseAppSwitch(BaseLanding.java:63)
at tests.LandingITest.closeApp(LandingITest.java:49)
at operation.BaseLanding.testCloseAppSwitch(BaseLanding.java:63)
at tests.LandingITest.closeApp(LandingITest.java:49)
at operation.BaseLanding.testCloseAppSwitch(BaseLanding.java:63)
at tests.LandingITest.closeApp(LandingITest.java:49)
at operation.BaseLanding.testCloseAppSwitch(BaseLanding.java:63)
at tests.LandingITest.closeApp(LandingITest.java:49)
]]>
    </error>
  </testcase> <!-- closeApp -->
  <testcase name="checkGoToLoginPage" time="16.190" classname="tests.LandingITest"/>
</testsuite> <!-- tests.LandingITest -->
