<?xml version="1.0" encoding="UTF-8"?>
<!-- Generated by org.testng.reporters.JUnitReportReporter -->
<testsuite hostname="Faizals-MacBook-Pro.local" failures="0" tests="1" name="tests.LandingITest" time="16.549" errors="0" timestamp="24 Jul 2020 03:43:44 GMT" skipped="0">
  <testcase classname="tests.LandingITest" name="checkGoToSignUpPage" time="16.549"/>
</testsuite> <!-- tests.LandingITest -->
